ARM GAS  C:\Users\skey\AppData\Local\Temp\cc1DqDBD.s 			page 1


   1              		.cpu cortex-m3
   2              		.eabi_attribute 20, 1	@ Tag_ABI_FP_denormal
   3              		.eabi_attribute 21, 1	@ Tag_ABI_FP_exceptions
   4              		.eabi_attribute 23, 3	@ Tag_ABI_FP_number_model
   5              		.eabi_attribute 24, 1	@ Tag_ABI_align8_needed
   6              		.eabi_attribute 25, 1	@ Tag_ABI_align8_preserved
   7              		.eabi_attribute 26, 1	@ Tag_ABI_enum_size
   8              		.eabi_attribute 30, 4	@ Tag_ABI_optimization_goals
   9              		.eabi_attribute 34, 1	@ Tag_CPU_unaligned_access
  10              		.eabi_attribute 18, 4	@ Tag_ABI_PCS_wchar_t
  11              		.file	"stm32f10x_wwdg.c"
  12              	@ GNU C17 (GNU Tools for Arm Embedded Processors 9-2019-q4-major) version 9.2.1 20191025 (release) 
  13              	@	compiled by GNU C version 5.3.1 20160211, GMP version 6.1.0, MPFR version 3.1.4, MPC version 1.0.
  14              	
  15              	@ GGC heuristics: --param ggc-min-expand=100 --param ggc-min-heapsize=131072
  16              	@ options passed:  -I . -I .\usr_inc -I .\task_inc
  17              	@ -I .\stlib\CMSIS\CM3\CoreSupport
  18              	@ -I .\stlib\CMSIS\CM3\DeviceSupport\ST\STM32F10x
  19              	@ -I .\stlib\STM32F10x_StdPeriph_Driver\inc
  20              	@ -I .\stlib\STM32F10x_StdPeriph_Driver -I .\freertos\include
  21              	@ -I .\freertos\portable\GCC\ARM_CM3 -imultilib thumb/v7-m/nofp
  22              	@ -iprefix c:\program files (x86)\gnu tools arm embedded\9 2019-q4-major\bin\../lib/gcc/arm-none-ea
  23              	@ -isysroot c:\program files (x86)\gnu tools arm embedded\9 2019-q4-major\bin\../arm-none-eabi
  24              	@ -D__USES_INITFINI__ -D STM32F10X_HD -D USE_STDPERIPH_DRIVER
  25              	@ -D HSE_VALUE=8000000 -D RUN_FROM_FLASH=1
  26              	@ .\stlib\STM32F10x_StdPeriph_Driver\src\stm32f10x_wwdg.c -mcpu=cortex-m3
  27              	@ -mthumb -mfloat-abi=soft -march=armv7-m
  28              	@ -auxbase-strip .\stlib\STM32F10x_StdPeriph_Driver\src\stm32f10x_wwdg.o -g
  29              	@ -gdwarf-2 -Os -Wall -fomit-frame-pointer -fverbose-asm
  30              	@ options enabled:  -faggressive-loop-optimizations -fassume-phsa
  31              	@ -fauto-inc-dec -fbranch-count-reg -fcaller-saves -fcode-hoisting
  32              	@ -fcombine-stack-adjustments -fcommon -fcompare-elim -fcprop-registers
  33              	@ -fcrossjumping -fcse-follow-jumps -fdefer-pop
  34              	@ -fdelete-null-pointer-checks -fdevirtualize -fdevirtualize-speculatively
  35              	@ -fdwarf2-cfi-asm -fearly-inlining -feliminate-unused-debug-types
  36              	@ -fexpensive-optimizations -fforward-propagate -ffp-int-builtin-inexact
  37              	@ -ffunction-cse -fgcse -fgcse-lm -fgnu-runtime -fgnu-unique
  38              	@ -fguess-branch-probability -fhoist-adjacent-loads -fident -fif-conversion
  39              	@ -fif-conversion2 -findirect-inlining -finline -finline-atomics
  40              	@ -finline-functions -finline-functions-called-once
  41              	@ -finline-small-functions -fipa-bit-cp -fipa-cp -fipa-icf
  42              	@ -fipa-icf-functions -fipa-icf-variables -fipa-profile -fipa-pure-const
  43              	@ -fipa-ra -fipa-reference -fipa-reference-addressable -fipa-sra
  44              	@ -fipa-stack-alignment -fipa-vrp -fira-hoist-pressure
  45              	@ -fira-share-save-slots -fira-share-spill-slots
  46              	@ -fisolate-erroneous-paths-dereference -fivopts -fkeep-static-consts
  47              	@ -fleading-underscore -flifetime-dse -flra-remat -flto-odr-type-merging
  48              	@ -fmath-errno -fmerge-constants -fmerge-debug-strings
  49              	@ -fmove-loop-invariants -fomit-frame-pointer -foptimize-sibling-calls
  50              	@ -fpartial-inlining -fpeephole -fpeephole2 -fplt -fprefetch-loop-arrays
  51              	@ -freg-struct-return -freorder-blocks -freorder-functions
  52              	@ -frerun-cse-after-loop -fsched-critical-path-heuristic
  53              	@ -fsched-dep-count-heuristic -fsched-group-heuristic -fsched-interblock
  54              	@ -fsched-last-insn-heuristic -fsched-pressure -fsched-rank-heuristic
  55              	@ -fsched-spec -fsched-spec-insn-heuristic -fsched-stalled-insns-dep
  56              	@ -fschedule-insns2 -fsection-anchors -fsemantic-interposition
  57              	@ -fshow-column -fshrink-wrap-separate -fsigned-zeros
ARM GAS  C:\Users\skey\AppData\Local\Temp\cc1DqDBD.s 			page 2


  58              	@ -fsplit-ivs-in-unroller -fsplit-wide-types -fssa-backprop -fssa-phiopt
  59              	@ -fstdarg-opt -fstore-merging -fstrict-aliasing
  60              	@ -fstrict-volatile-bitfields -fsync-libcalls -fthread-jumps
  61              	@ -ftoplevel-reorder -ftrapping-math -ftree-bit-ccp -ftree-builtin-call-dce
  62              	@ -ftree-ccp -ftree-ch -ftree-coalesce-vars -ftree-copy-prop -ftree-cselim
  63              	@ -ftree-dce -ftree-dominator-opts -ftree-dse -ftree-forwprop -ftree-fre
  64              	@ -ftree-loop-if-convert -ftree-loop-im -ftree-loop-ivcanon
  65              	@ -ftree-loop-optimize -ftree-parallelize-loops= -ftree-phiprop -ftree-pre
  66              	@ -ftree-pta -ftree-reassoc -ftree-scev-cprop -ftree-sink -ftree-slsr
  67              	@ -ftree-sra -ftree-switch-conversion -ftree-tail-merge -ftree-ter
  68              	@ -ftree-vrp -funit-at-a-time -fvar-tracking -fvar-tracking-assignments
  69              	@ -fverbose-asm -fzero-initialized-in-bss -masm-syntax-unified -mbe32
  70              	@ -mfix-cortex-m3-ldrd -mlittle-endian -mpic-data-is-text-relative
  71              	@ -msched-prolog -mthumb -munaligned-access -mvectorize-with-neon-quad
  72              	
  73              		.text
  74              	.Ltext0:
  75              		.cfi_sections	.debug_frame
  76              		.align	1
  77              		.global	WWDG_DeInit
  78              		.arch armv7-m
  79              		.syntax unified
  80              		.thumb
  81              		.thumb_func
  82              		.fpu softvfp
  83              		.type	WWDG_DeInit, %function
  84              	WWDG_DeInit:
  85              	.LFB29:
  86              		.file 1 ".\\stlib\\STM32F10x_StdPeriph_Driver\\src\\stm32f10x_wwdg.c"
   1:.\stlib\STM32F10x_StdPeriph_Driver\src/stm32f10x_wwdg.c **** /**
   2:.\stlib\STM32F10x_StdPeriph_Driver\src/stm32f10x_wwdg.c ****   ******************************************************************************
   3:.\stlib\STM32F10x_StdPeriph_Driver\src/stm32f10x_wwdg.c ****   * @file    stm32f10x_wwdg.c
   4:.\stlib\STM32F10x_StdPeriph_Driver\src/stm32f10x_wwdg.c ****   * @author  MCD Application Team
   5:.\stlib\STM32F10x_StdPeriph_Driver\src/stm32f10x_wwdg.c ****   * @version V3.5.0
   6:.\stlib\STM32F10x_StdPeriph_Driver\src/stm32f10x_wwdg.c ****   * @date    11-March-2011
   7:.\stlib\STM32F10x_StdPeriph_Driver\src/stm32f10x_wwdg.c ****   * @brief   This file provides all the WWDG firmware functions.
   8:.\stlib\STM32F10x_StdPeriph_Driver\src/stm32f10x_wwdg.c ****   ******************************************************************************
   9:.\stlib\STM32F10x_StdPeriph_Driver\src/stm32f10x_wwdg.c ****   * @attention
  10:.\stlib\STM32F10x_StdPeriph_Driver\src/stm32f10x_wwdg.c ****   *
  11:.\stlib\STM32F10x_StdPeriph_Driver\src/stm32f10x_wwdg.c ****   * THE PRESENT FIRMWARE WHICH IS FOR GUIDANCE ONLY AIMS AT PROVIDING CUSTOMERS
  12:.\stlib\STM32F10x_StdPeriph_Driver\src/stm32f10x_wwdg.c ****   * WITH CODING INFORMATION REGARDING THEIR PRODUCTS IN ORDER FOR THEM TO SAVE
  13:.\stlib\STM32F10x_StdPeriph_Driver\src/stm32f10x_wwdg.c ****   * TIME. AS A RESULT, STMICROELECTRONICS SHALL NOT BE HELD LIABLE FOR ANY
  14:.\stlib\STM32F10x_StdPeriph_Driver\src/stm32f10x_wwdg.c ****   * DIRECT, INDIRECT OR CONSEQUENTIAL DAMAGES WITH RESPECT TO ANY CLAIMS ARISING
  15:.\stlib\STM32F10x_StdPeriph_Driver\src/stm32f10x_wwdg.c ****   * FROM THE CONTENT OF SUCH FIRMWARE AND/OR THE USE MADE BY CUSTOMERS OF THE
  16:.\stlib\STM32F10x_StdPeriph_Driver\src/stm32f10x_wwdg.c ****   * CODING INFORMATION CONTAINED HEREIN IN CONNECTION WITH THEIR PRODUCTS.
  17:.\stlib\STM32F10x_StdPeriph_Driver\src/stm32f10x_wwdg.c ****   *
  18:.\stlib\STM32F10x_StdPeriph_Driver\src/stm32f10x_wwdg.c ****   * <h2><center>&copy; COPYRIGHT 2011 STMicroelectronics</center></h2>
  19:.\stlib\STM32F10x_StdPeriph_Driver\src/stm32f10x_wwdg.c ****   ******************************************************************************
  20:.\stlib\STM32F10x_StdPeriph_Driver\src/stm32f10x_wwdg.c ****   */
  21:.\stlib\STM32F10x_StdPeriph_Driver\src/stm32f10x_wwdg.c **** 
  22:.\stlib\STM32F10x_StdPeriph_Driver\src/stm32f10x_wwdg.c **** /* Includes ------------------------------------------------------------------*/
  23:.\stlib\STM32F10x_StdPeriph_Driver\src/stm32f10x_wwdg.c **** #include "stm32f10x_wwdg.h"
  24:.\stlib\STM32F10x_StdPeriph_Driver\src/stm32f10x_wwdg.c **** #include "stm32f10x_rcc.h"
  25:.\stlib\STM32F10x_StdPeriph_Driver\src/stm32f10x_wwdg.c **** 
  26:.\stlib\STM32F10x_StdPeriph_Driver\src/stm32f10x_wwdg.c **** /** @addtogroup STM32F10x_StdPeriph_Driver
  27:.\stlib\STM32F10x_StdPeriph_Driver\src/stm32f10x_wwdg.c ****   * @{
  28:.\stlib\STM32F10x_StdPeriph_Driver\src/stm32f10x_wwdg.c ****   */
ARM GAS  C:\Users\skey\AppData\Local\Temp\cc1DqDBD.s 			page 3


  29:.\stlib\STM32F10x_StdPeriph_Driver\src/stm32f10x_wwdg.c **** 
  30:.\stlib\STM32F10x_StdPeriph_Driver\src/stm32f10x_wwdg.c **** /** @defgroup WWDG 
  31:.\stlib\STM32F10x_StdPeriph_Driver\src/stm32f10x_wwdg.c ****   * @brief WWDG driver modules
  32:.\stlib\STM32F10x_StdPeriph_Driver\src/stm32f10x_wwdg.c ****   * @{
  33:.\stlib\STM32F10x_StdPeriph_Driver\src/stm32f10x_wwdg.c ****   */
  34:.\stlib\STM32F10x_StdPeriph_Driver\src/stm32f10x_wwdg.c **** 
  35:.\stlib\STM32F10x_StdPeriph_Driver\src/stm32f10x_wwdg.c **** /** @defgroup WWDG_Private_TypesDefinitions
  36:.\stlib\STM32F10x_StdPeriph_Driver\src/stm32f10x_wwdg.c ****   * @{
  37:.\stlib\STM32F10x_StdPeriph_Driver\src/stm32f10x_wwdg.c ****   */
  38:.\stlib\STM32F10x_StdPeriph_Driver\src/stm32f10x_wwdg.c **** 
  39:.\stlib\STM32F10x_StdPeriph_Driver\src/stm32f10x_wwdg.c **** /**
  40:.\stlib\STM32F10x_StdPeriph_Driver\src/stm32f10x_wwdg.c ****   * @}
  41:.\stlib\STM32F10x_StdPeriph_Driver\src/stm32f10x_wwdg.c ****   */
  42:.\stlib\STM32F10x_StdPeriph_Driver\src/stm32f10x_wwdg.c **** 
  43:.\stlib\STM32F10x_StdPeriph_Driver\src/stm32f10x_wwdg.c **** /** @defgroup WWDG_Private_Defines
  44:.\stlib\STM32F10x_StdPeriph_Driver\src/stm32f10x_wwdg.c ****   * @{
  45:.\stlib\STM32F10x_StdPeriph_Driver\src/stm32f10x_wwdg.c ****   */
  46:.\stlib\STM32F10x_StdPeriph_Driver\src/stm32f10x_wwdg.c **** 
  47:.\stlib\STM32F10x_StdPeriph_Driver\src/stm32f10x_wwdg.c **** /* ----------- WWDG registers bit address in the alias region ----------- */
  48:.\stlib\STM32F10x_StdPeriph_Driver\src/stm32f10x_wwdg.c **** #define WWDG_OFFSET       (WWDG_BASE - PERIPH_BASE)
  49:.\stlib\STM32F10x_StdPeriph_Driver\src/stm32f10x_wwdg.c **** 
  50:.\stlib\STM32F10x_StdPeriph_Driver\src/stm32f10x_wwdg.c **** /* Alias word address of EWI bit */
  51:.\stlib\STM32F10x_StdPeriph_Driver\src/stm32f10x_wwdg.c **** #define CFR_OFFSET        (WWDG_OFFSET + 0x04)
  52:.\stlib\STM32F10x_StdPeriph_Driver\src/stm32f10x_wwdg.c **** #define EWI_BitNumber     0x09
  53:.\stlib\STM32F10x_StdPeriph_Driver\src/stm32f10x_wwdg.c **** #define CFR_EWI_BB        (PERIPH_BB_BASE + (CFR_OFFSET * 32) + (EWI_BitNumber * 4))
  54:.\stlib\STM32F10x_StdPeriph_Driver\src/stm32f10x_wwdg.c **** 
  55:.\stlib\STM32F10x_StdPeriph_Driver\src/stm32f10x_wwdg.c **** /* --------------------- WWDG registers bit mask ------------------------ */
  56:.\stlib\STM32F10x_StdPeriph_Driver\src/stm32f10x_wwdg.c **** 
  57:.\stlib\STM32F10x_StdPeriph_Driver\src/stm32f10x_wwdg.c **** /* CR register bit mask */
  58:.\stlib\STM32F10x_StdPeriph_Driver\src/stm32f10x_wwdg.c **** #define CR_WDGA_Set       ((uint32_t)0x00000080)
  59:.\stlib\STM32F10x_StdPeriph_Driver\src/stm32f10x_wwdg.c **** 
  60:.\stlib\STM32F10x_StdPeriph_Driver\src/stm32f10x_wwdg.c **** /* CFR register bit mask */
  61:.\stlib\STM32F10x_StdPeriph_Driver\src/stm32f10x_wwdg.c **** #define CFR_WDGTB_Mask    ((uint32_t)0xFFFFFE7F)
  62:.\stlib\STM32F10x_StdPeriph_Driver\src/stm32f10x_wwdg.c **** #define CFR_W_Mask        ((uint32_t)0xFFFFFF80)
  63:.\stlib\STM32F10x_StdPeriph_Driver\src/stm32f10x_wwdg.c **** #define BIT_Mask          ((uint8_t)0x7F)
  64:.\stlib\STM32F10x_StdPeriph_Driver\src/stm32f10x_wwdg.c **** 
  65:.\stlib\STM32F10x_StdPeriph_Driver\src/stm32f10x_wwdg.c **** /**
  66:.\stlib\STM32F10x_StdPeriph_Driver\src/stm32f10x_wwdg.c ****   * @}
  67:.\stlib\STM32F10x_StdPeriph_Driver\src/stm32f10x_wwdg.c ****   */
  68:.\stlib\STM32F10x_StdPeriph_Driver\src/stm32f10x_wwdg.c **** 
  69:.\stlib\STM32F10x_StdPeriph_Driver\src/stm32f10x_wwdg.c **** /** @defgroup WWDG_Private_Macros
  70:.\stlib\STM32F10x_StdPeriph_Driver\src/stm32f10x_wwdg.c ****   * @{
  71:.\stlib\STM32F10x_StdPeriph_Driver\src/stm32f10x_wwdg.c ****   */
  72:.\stlib\STM32F10x_StdPeriph_Driver\src/stm32f10x_wwdg.c **** 
  73:.\stlib\STM32F10x_StdPeriph_Driver\src/stm32f10x_wwdg.c **** /**
  74:.\stlib\STM32F10x_StdPeriph_Driver\src/stm32f10x_wwdg.c ****   * @}
  75:.\stlib\STM32F10x_StdPeriph_Driver\src/stm32f10x_wwdg.c ****   */
  76:.\stlib\STM32F10x_StdPeriph_Driver\src/stm32f10x_wwdg.c **** 
  77:.\stlib\STM32F10x_StdPeriph_Driver\src/stm32f10x_wwdg.c **** /** @defgroup WWDG_Private_Variables
  78:.\stlib\STM32F10x_StdPeriph_Driver\src/stm32f10x_wwdg.c ****   * @{
  79:.\stlib\STM32F10x_StdPeriph_Driver\src/stm32f10x_wwdg.c ****   */
  80:.\stlib\STM32F10x_StdPeriph_Driver\src/stm32f10x_wwdg.c **** 
  81:.\stlib\STM32F10x_StdPeriph_Driver\src/stm32f10x_wwdg.c **** /**
  82:.\stlib\STM32F10x_StdPeriph_Driver\src/stm32f10x_wwdg.c ****   * @}
  83:.\stlib\STM32F10x_StdPeriph_Driver\src/stm32f10x_wwdg.c ****   */
  84:.\stlib\STM32F10x_StdPeriph_Driver\src/stm32f10x_wwdg.c **** 
  85:.\stlib\STM32F10x_StdPeriph_Driver\src/stm32f10x_wwdg.c **** /** @defgroup WWDG_Private_FunctionPrototypes
ARM GAS  C:\Users\skey\AppData\Local\Temp\cc1DqDBD.s 			page 4


  86:.\stlib\STM32F10x_StdPeriph_Driver\src/stm32f10x_wwdg.c ****   * @{
  87:.\stlib\STM32F10x_StdPeriph_Driver\src/stm32f10x_wwdg.c ****   */
  88:.\stlib\STM32F10x_StdPeriph_Driver\src/stm32f10x_wwdg.c **** 
  89:.\stlib\STM32F10x_StdPeriph_Driver\src/stm32f10x_wwdg.c **** /**
  90:.\stlib\STM32F10x_StdPeriph_Driver\src/stm32f10x_wwdg.c ****   * @}
  91:.\stlib\STM32F10x_StdPeriph_Driver\src/stm32f10x_wwdg.c ****   */
  92:.\stlib\STM32F10x_StdPeriph_Driver\src/stm32f10x_wwdg.c **** 
  93:.\stlib\STM32F10x_StdPeriph_Driver\src/stm32f10x_wwdg.c **** /** @defgroup WWDG_Private_Functions
  94:.\stlib\STM32F10x_StdPeriph_Driver\src/stm32f10x_wwdg.c ****   * @{
  95:.\stlib\STM32F10x_StdPeriph_Driver\src/stm32f10x_wwdg.c ****   */
  96:.\stlib\STM32F10x_StdPeriph_Driver\src/stm32f10x_wwdg.c **** 
  97:.\stlib\STM32F10x_StdPeriph_Driver\src/stm32f10x_wwdg.c **** /**
  98:.\stlib\STM32F10x_StdPeriph_Driver\src/stm32f10x_wwdg.c ****   * @brief  Deinitializes the WWDG peripheral registers to their default reset values.
  99:.\stlib\STM32F10x_StdPeriph_Driver\src/stm32f10x_wwdg.c ****   * @param  None
 100:.\stlib\STM32F10x_StdPeriph_Driver\src/stm32f10x_wwdg.c ****   * @retval None
 101:.\stlib\STM32F10x_StdPeriph_Driver\src/stm32f10x_wwdg.c ****   */
 102:.\stlib\STM32F10x_StdPeriph_Driver\src/stm32f10x_wwdg.c **** void WWDG_DeInit(void)
 103:.\stlib\STM32F10x_StdPeriph_Driver\src/stm32f10x_wwdg.c **** {
  87              		.loc 1 103 1 view -0
  88              		.cfi_startproc
  89              		@ args = 0, pretend = 0, frame = 0
  90              		@ frame_needed = 0, uses_anonymous_args = 0
 104:.\stlib\STM32F10x_StdPeriph_Driver\src/stm32f10x_wwdg.c ****   RCC_APB1PeriphResetCmd(RCC_APB1Periph_WWDG, ENABLE);
  91              		.loc 1 104 3 view .LVU1
  92              	@ .\stlib\STM32F10x_StdPeriph_Driver\src\stm32f10x_wwdg.c:103: {
 103:.\stlib\STM32F10x_StdPeriph_Driver\src/stm32f10x_wwdg.c ****   RCC_APB1PeriphResetCmd(RCC_APB1Periph_WWDG, ENABLE);
  93              		.loc 1 103 1 is_stmt 0 view .LVU2
  94 0000 08B5     		push	{r3, lr}	@
  95              	.LCFI0:
  96              		.cfi_def_cfa_offset 8
  97              		.cfi_offset 3, -8
  98              		.cfi_offset 14, -4
  99              	@ .\stlib\STM32F10x_StdPeriph_Driver\src\stm32f10x_wwdg.c:104:   RCC_APB1PeriphResetCmd(RCC_APB1Per
 100              		.loc 1 104 3 view .LVU3
 101 0002 0121     		movs	r1, #1	@,
 102 0004 4FF40060 		mov	r0, #2048	@,
 103 0008 FFF7FEFF 		bl	RCC_APB1PeriphResetCmd		@
 104              	.LVL0:
 105:.\stlib\STM32F10x_StdPeriph_Driver\src/stm32f10x_wwdg.c ****   RCC_APB1PeriphResetCmd(RCC_APB1Periph_WWDG, DISABLE);
 105              		.loc 1 105 3 is_stmt 1 view .LVU4
 106              	@ .\stlib\STM32F10x_StdPeriph_Driver\src\stm32f10x_wwdg.c:106: }
 106:.\stlib\STM32F10x_StdPeriph_Driver\src/stm32f10x_wwdg.c **** }
 107              		.loc 1 106 1 is_stmt 0 view .LVU5
 108 000c BDE80840 		pop	{r3, lr}	@
 109              	.LCFI1:
 110              		.cfi_restore 14
 111              		.cfi_restore 3
 112              		.cfi_def_cfa_offset 0
 113              	@ .\stlib\STM32F10x_StdPeriph_Driver\src\stm32f10x_wwdg.c:105:   RCC_APB1PeriphResetCmd(RCC_APB1Per
 105:.\stlib\STM32F10x_StdPeriph_Driver\src/stm32f10x_wwdg.c ****   RCC_APB1PeriphResetCmd(RCC_APB1Periph_WWDG, DISABLE);
 114              		.loc 1 105 3 view .LVU6
 115 0010 0021     		movs	r1, #0	@,
 116 0012 4FF40060 		mov	r0, #2048	@,
 117 0016 FFF7FEBF 		b	RCC_APB1PeriphResetCmd		@
 118              	.LVL1:
 119              		.cfi_endproc
 120              	.LFE29:
ARM GAS  C:\Users\skey\AppData\Local\Temp\cc1DqDBD.s 			page 5


 121              		.size	WWDG_DeInit, .-WWDG_DeInit
 122              		.align	1
 123              		.global	WWDG_SetPrescaler
 124              		.syntax unified
 125              		.thumb
 126              		.thumb_func
 127              		.fpu softvfp
 128              		.type	WWDG_SetPrescaler, %function
 129              	WWDG_SetPrescaler:
 130              	.LVL2:
 131              	.LFB30:
 107:.\stlib\STM32F10x_StdPeriph_Driver\src/stm32f10x_wwdg.c **** 
 108:.\stlib\STM32F10x_StdPeriph_Driver\src/stm32f10x_wwdg.c **** /**
 109:.\stlib\STM32F10x_StdPeriph_Driver\src/stm32f10x_wwdg.c ****   * @brief  Sets the WWDG Prescaler.
 110:.\stlib\STM32F10x_StdPeriph_Driver\src/stm32f10x_wwdg.c ****   * @param  WWDG_Prescaler: specifies the WWDG Prescaler.
 111:.\stlib\STM32F10x_StdPeriph_Driver\src/stm32f10x_wwdg.c ****   *   This parameter can be one of the following values:
 112:.\stlib\STM32F10x_StdPeriph_Driver\src/stm32f10x_wwdg.c ****   *     @arg WWDG_Prescaler_1: WWDG counter clock = (PCLK1/4096)/1
 113:.\stlib\STM32F10x_StdPeriph_Driver\src/stm32f10x_wwdg.c ****   *     @arg WWDG_Prescaler_2: WWDG counter clock = (PCLK1/4096)/2
 114:.\stlib\STM32F10x_StdPeriph_Driver\src/stm32f10x_wwdg.c ****   *     @arg WWDG_Prescaler_4: WWDG counter clock = (PCLK1/4096)/4
 115:.\stlib\STM32F10x_StdPeriph_Driver\src/stm32f10x_wwdg.c ****   *     @arg WWDG_Prescaler_8: WWDG counter clock = (PCLK1/4096)/8
 116:.\stlib\STM32F10x_StdPeriph_Driver\src/stm32f10x_wwdg.c ****   * @retval None
 117:.\stlib\STM32F10x_StdPeriph_Driver\src/stm32f10x_wwdg.c ****   */
 118:.\stlib\STM32F10x_StdPeriph_Driver\src/stm32f10x_wwdg.c **** void WWDG_SetPrescaler(uint32_t WWDG_Prescaler)
 119:.\stlib\STM32F10x_StdPeriph_Driver\src/stm32f10x_wwdg.c **** {
 132              		.loc 1 119 1 is_stmt 1 view -0
 133              		.cfi_startproc
 134              		@ args = 0, pretend = 0, frame = 0
 135              		@ frame_needed = 0, uses_anonymous_args = 0
 136              		@ link register save eliminated.
 120:.\stlib\STM32F10x_StdPeriph_Driver\src/stm32f10x_wwdg.c ****   uint32_t tmpreg = 0;
 137              		.loc 1 120 3 view .LVU8
 121:.\stlib\STM32F10x_StdPeriph_Driver\src/stm32f10x_wwdg.c ****   /* Check the parameters */
 122:.\stlib\STM32F10x_StdPeriph_Driver\src/stm32f10x_wwdg.c ****   assert_param(IS_WWDG_PRESCALER(WWDG_Prescaler));
 138              		.loc 1 122 3 view .LVU9
 123:.\stlib\STM32F10x_StdPeriph_Driver\src/stm32f10x_wwdg.c ****   /* Clear WDGTB[1:0] bits */
 124:.\stlib\STM32F10x_StdPeriph_Driver\src/stm32f10x_wwdg.c ****   tmpreg = WWDG->CFR & CFR_WDGTB_Mask;
 139              		.loc 1 124 3 view .LVU10
 140              	@ .\stlib\STM32F10x_StdPeriph_Driver\src\stm32f10x_wwdg.c:124:   tmpreg = WWDG->CFR & CFR_WDGTB_Mas
 141              		.loc 1 124 16 is_stmt 0 view .LVU11
 142 001a 034A     		ldr	r2, .L3	@ tmp114,
 143 001c 5368     		ldr	r3, [r2, #4]	@ _1, MEM[(struct WWDG_TypeDef *)1073753088B].CFR
 144              	@ .\stlib\STM32F10x_StdPeriph_Driver\src\stm32f10x_wwdg.c:124:   tmpreg = WWDG->CFR & CFR_WDGTB_Mas
 145              		.loc 1 124 10 view .LVU12
 146 001e 23F4C073 		bic	r3, r3, #384	@ tmpreg, _1,
 147              	.LVL3:
 125:.\stlib\STM32F10x_StdPeriph_Driver\src/stm32f10x_wwdg.c ****   /* Set WDGTB[1:0] bits according to WWDG_Prescaler value */
 126:.\stlib\STM32F10x_StdPeriph_Driver\src/stm32f10x_wwdg.c ****   tmpreg |= WWDG_Prescaler;
 148              		.loc 1 126 3 is_stmt 1 view .LVU13
 149              	@ .\stlib\STM32F10x_StdPeriph_Driver\src\stm32f10x_wwdg.c:126:   tmpreg |= WWDG_Prescaler;
 150              		.loc 1 126 10 is_stmt 0 view .LVU14
 151 0022 0343     		orrs	r3, r3, r0	@, tmpreg, tmpreg, tmp116
 152              	.LVL4:
 127:.\stlib\STM32F10x_StdPeriph_Driver\src/stm32f10x_wwdg.c ****   /* Store the new value */
 128:.\stlib\STM32F10x_StdPeriph_Driver\src/stm32f10x_wwdg.c ****   WWDG->CFR = tmpreg;
 153              		.loc 1 128 3 is_stmt 1 view .LVU15
 154              	@ .\stlib\STM32F10x_StdPeriph_Driver\src\stm32f10x_wwdg.c:128:   WWDG->CFR = tmpreg;
 155              		.loc 1 128 13 is_stmt 0 view .LVU16
ARM GAS  C:\Users\skey\AppData\Local\Temp\cc1DqDBD.s 			page 6


 156 0024 5360     		str	r3, [r2, #4]	@ tmpreg, MEM[(struct WWDG_TypeDef *)1073753088B].CFR
 157              	@ .\stlib\STM32F10x_StdPeriph_Driver\src\stm32f10x_wwdg.c:129: }
 129:.\stlib\STM32F10x_StdPeriph_Driver\src/stm32f10x_wwdg.c **** }
 158              		.loc 1 129 1 view .LVU17
 159 0026 7047     		bx	lr	@
 160              	.L4:
 161              		.align	2
 162              	.L3:
 163 0028 002C0040 		.word	1073753088
 164              		.cfi_endproc
 165              	.LFE30:
 166              		.size	WWDG_SetPrescaler, .-WWDG_SetPrescaler
 167              		.align	1
 168              		.global	WWDG_SetWindowValue
 169              		.syntax unified
 170              		.thumb
 171              		.thumb_func
 172              		.fpu softvfp
 173              		.type	WWDG_SetWindowValue, %function
 174              	WWDG_SetWindowValue:
 175              	.LVL5:
 176              	.LFB31:
 130:.\stlib\STM32F10x_StdPeriph_Driver\src/stm32f10x_wwdg.c **** 
 131:.\stlib\STM32F10x_StdPeriph_Driver\src/stm32f10x_wwdg.c **** /**
 132:.\stlib\STM32F10x_StdPeriph_Driver\src/stm32f10x_wwdg.c ****   * @brief  Sets the WWDG window value.
 133:.\stlib\STM32F10x_StdPeriph_Driver\src/stm32f10x_wwdg.c ****   * @param  WindowValue: specifies the window value to be compared to the downcounter.
 134:.\stlib\STM32F10x_StdPeriph_Driver\src/stm32f10x_wwdg.c ****   *   This parameter value must be lower than 0x80.
 135:.\stlib\STM32F10x_StdPeriph_Driver\src/stm32f10x_wwdg.c ****   * @retval None
 136:.\stlib\STM32F10x_StdPeriph_Driver\src/stm32f10x_wwdg.c ****   */
 137:.\stlib\STM32F10x_StdPeriph_Driver\src/stm32f10x_wwdg.c **** void WWDG_SetWindowValue(uint8_t WindowValue)
 138:.\stlib\STM32F10x_StdPeriph_Driver\src/stm32f10x_wwdg.c **** {
 177              		.loc 1 138 1 is_stmt 1 view -0
 178              		.cfi_startproc
 179              		@ args = 0, pretend = 0, frame = 8
 180              		@ frame_needed = 0, uses_anonymous_args = 0
 181              		@ link register save eliminated.
 139:.\stlib\STM32F10x_StdPeriph_Driver\src/stm32f10x_wwdg.c ****   __IO uint32_t tmpreg = 0;
 182              		.loc 1 139 3 view .LVU19
 183              	@ .\stlib\STM32F10x_StdPeriph_Driver\src\stm32f10x_wwdg.c:139:   __IO uint32_t tmpreg = 0;
 184              		.loc 1 139 17 is_stmt 0 view .LVU20
 185 002c 0023     		movs	r3, #0	@ tmp118,
 186              	@ .\stlib\STM32F10x_StdPeriph_Driver\src\stm32f10x_wwdg.c:138: {
 138:.\stlib\STM32F10x_StdPeriph_Driver\src/stm32f10x_wwdg.c ****   __IO uint32_t tmpreg = 0;
 187              		.loc 1 138 1 view .LVU21
 188 002e 82B0     		sub	sp, sp, #8	@,,
 189              	.LCFI2:
 190              		.cfi_def_cfa_offset 8
 191              	@ .\stlib\STM32F10x_StdPeriph_Driver\src\stm32f10x_wwdg.c:145:   tmpreg = WWDG->CFR & CFR_W_Mask;
 140:.\stlib\STM32F10x_StdPeriph_Driver\src/stm32f10x_wwdg.c **** 
 141:.\stlib\STM32F10x_StdPeriph_Driver\src/stm32f10x_wwdg.c ****   /* Check the parameters */
 142:.\stlib\STM32F10x_StdPeriph_Driver\src/stm32f10x_wwdg.c ****   assert_param(IS_WWDG_WINDOW_VALUE(WindowValue));
 143:.\stlib\STM32F10x_StdPeriph_Driver\src/stm32f10x_wwdg.c ****   /* Clear W[6:0] bits */
 144:.\stlib\STM32F10x_StdPeriph_Driver\src/stm32f10x_wwdg.c **** 
 145:.\stlib\STM32F10x_StdPeriph_Driver\src/stm32f10x_wwdg.c ****   tmpreg = WWDG->CFR & CFR_W_Mask;
 192              		.loc 1 145 16 view .LVU22
 193 0030 074A     		ldr	r2, .L6	@ tmp119,
 194              	@ .\stlib\STM32F10x_StdPeriph_Driver\src\stm32f10x_wwdg.c:139:   __IO uint32_t tmpreg = 0;
ARM GAS  C:\Users\skey\AppData\Local\Temp\cc1DqDBD.s 			page 7


 139:.\stlib\STM32F10x_StdPeriph_Driver\src/stm32f10x_wwdg.c **** 
 195              		.loc 1 139 17 view .LVU23
 196 0032 0193     		str	r3, [sp, #4]	@ tmp118, tmpreg
 142:.\stlib\STM32F10x_StdPeriph_Driver\src/stm32f10x_wwdg.c ****   /* Clear W[6:0] bits */
 197              		.loc 1 142 3 is_stmt 1 view .LVU24
 198              		.loc 1 145 3 view .LVU25
 199              	@ .\stlib\STM32F10x_StdPeriph_Driver\src\stm32f10x_wwdg.c:145:   tmpreg = WWDG->CFR & CFR_W_Mask;
 200              		.loc 1 145 16 is_stmt 0 view .LVU26
 201 0034 5368     		ldr	r3, [r2, #4]	@ _2, MEM[(struct WWDG_TypeDef *)1073753088B].CFR
 202              	@ .\stlib\STM32F10x_StdPeriph_Driver\src\stm32f10x_wwdg.c:148:   tmpreg |= WindowValue & (uint32_t)
 146:.\stlib\STM32F10x_StdPeriph_Driver\src/stm32f10x_wwdg.c **** 
 147:.\stlib\STM32F10x_StdPeriph_Driver\src/stm32f10x_wwdg.c ****   /* Set W[6:0] bits according to WindowValue value */
 148:.\stlib\STM32F10x_StdPeriph_Driver\src/stm32f10x_wwdg.c ****   tmpreg |= WindowValue & (uint32_t) BIT_Mask;
 203              		.loc 1 148 25 view .LVU27
 204 0036 00F07F00 		and	r0, r0, #127	@ tmp121, tmp123,
 205              	.LVL6:
 206              	@ .\stlib\STM32F10x_StdPeriph_Driver\src\stm32f10x_wwdg.c:145:   tmpreg = WWDG->CFR & CFR_W_Mask;
 145:.\stlib\STM32F10x_StdPeriph_Driver\src/stm32f10x_wwdg.c **** 
 207              		.loc 1 145 22 view .LVU28
 208 003a 23F07F03 		bic	r3, r3, #127	@ _3, _2,
 209              	@ .\stlib\STM32F10x_StdPeriph_Driver\src\stm32f10x_wwdg.c:145:   tmpreg = WWDG->CFR & CFR_W_Mask;
 145:.\stlib\STM32F10x_StdPeriph_Driver\src/stm32f10x_wwdg.c **** 
 210              		.loc 1 145 10 view .LVU29
 211 003e 0193     		str	r3, [sp, #4]	@ _3, tmpreg
 212              		.loc 1 148 3 is_stmt 1 view .LVU30
 213              	@ .\stlib\STM32F10x_StdPeriph_Driver\src\stm32f10x_wwdg.c:148:   tmpreg |= WindowValue & (uint32_t)
 214              		.loc 1 148 10 is_stmt 0 view .LVU31
 215 0040 019B     		ldr	r3, [sp, #4]	@ tmpreg.0_5, tmpreg
 216 0042 1843     		orrs	r0, r0, r3	@, _6, tmp121, tmpreg.0_5
 217 0044 0190     		str	r0, [sp, #4]	@ _6, tmpreg
 149:.\stlib\STM32F10x_StdPeriph_Driver\src/stm32f10x_wwdg.c **** 
 150:.\stlib\STM32F10x_StdPeriph_Driver\src/stm32f10x_wwdg.c ****   /* Store the new value */
 151:.\stlib\STM32F10x_StdPeriph_Driver\src/stm32f10x_wwdg.c ****   WWDG->CFR = tmpreg;
 218              		.loc 1 151 3 is_stmt 1 view .LVU32
 219              	@ .\stlib\STM32F10x_StdPeriph_Driver\src\stm32f10x_wwdg.c:151:   WWDG->CFR = tmpreg;
 220              		.loc 1 151 13 is_stmt 0 view .LVU33
 221 0046 019B     		ldr	r3, [sp, #4]	@ tmpreg.1_7, tmpreg
 222 0048 5360     		str	r3, [r2, #4]	@ tmpreg.1_7, MEM[(struct WWDG_TypeDef *)1073753088B].CFR
 223              	@ .\stlib\STM32F10x_StdPeriph_Driver\src\stm32f10x_wwdg.c:152: }
 152:.\stlib\STM32F10x_StdPeriph_Driver\src/stm32f10x_wwdg.c **** }
 224              		.loc 1 152 1 view .LVU34
 225 004a 02B0     		add	sp, sp, #8	@,,
 226              	.LCFI3:
 227              		.cfi_def_cfa_offset 0
 228              		@ sp needed	@
 229 004c 7047     		bx	lr	@
 230              	.L7:
 231 004e 00BF     		.align	2
 232              	.L6:
 233 0050 002C0040 		.word	1073753088
 234              		.cfi_endproc
 235              	.LFE31:
 236              		.size	WWDG_SetWindowValue, .-WWDG_SetWindowValue
 237              		.align	1
 238              		.global	WWDG_EnableIT
 239              		.syntax unified
 240              		.thumb
ARM GAS  C:\Users\skey\AppData\Local\Temp\cc1DqDBD.s 			page 8


 241              		.thumb_func
 242              		.fpu softvfp
 243              		.type	WWDG_EnableIT, %function
 244              	WWDG_EnableIT:
 245              	.LFB32:
 153:.\stlib\STM32F10x_StdPeriph_Driver\src/stm32f10x_wwdg.c **** 
 154:.\stlib\STM32F10x_StdPeriph_Driver\src/stm32f10x_wwdg.c **** /**
 155:.\stlib\STM32F10x_StdPeriph_Driver\src/stm32f10x_wwdg.c ****   * @brief  Enables the WWDG Early Wakeup interrupt(EWI).
 156:.\stlib\STM32F10x_StdPeriph_Driver\src/stm32f10x_wwdg.c ****   * @param  None
 157:.\stlib\STM32F10x_StdPeriph_Driver\src/stm32f10x_wwdg.c ****   * @retval None
 158:.\stlib\STM32F10x_StdPeriph_Driver\src/stm32f10x_wwdg.c ****   */
 159:.\stlib\STM32F10x_StdPeriph_Driver\src/stm32f10x_wwdg.c **** void WWDG_EnableIT(void)
 160:.\stlib\STM32F10x_StdPeriph_Driver\src/stm32f10x_wwdg.c **** {
 246              		.loc 1 160 1 is_stmt 1 view -0
 247              		.cfi_startproc
 248              		@ args = 0, pretend = 0, frame = 0
 249              		@ frame_needed = 0, uses_anonymous_args = 0
 250              		@ link register save eliminated.
 161:.\stlib\STM32F10x_StdPeriph_Driver\src/stm32f10x_wwdg.c ****   *(__IO uint32_t *) CFR_EWI_BB = (uint32_t)ENABLE;
 251              		.loc 1 161 3 view .LVU36
 252              	@ .\stlib\STM32F10x_StdPeriph_Driver\src\stm32f10x_wwdg.c:161:   *(__IO uint32_t *) CFR_EWI_BB = (u
 253              		.loc 1 161 33 is_stmt 0 view .LVU37
 254 0054 0122     		movs	r2, #1	@ tmp111,
 255 0056 014B     		ldr	r3, .L9	@ tmp110,
 256 0058 1A60     		str	r2, [r3]	@ tmp111, MEM[(volatile uint32_t *)1107656868B]
 257              	@ .\stlib\STM32F10x_StdPeriph_Driver\src\stm32f10x_wwdg.c:162: }
 162:.\stlib\STM32F10x_StdPeriph_Driver\src/stm32f10x_wwdg.c **** }
 258              		.loc 1 162 1 view .LVU38
 259 005a 7047     		bx	lr	@
 260              	.L10:
 261              		.align	2
 262              	.L9:
 263 005c A4800542 		.word	1107656868
 264              		.cfi_endproc
 265              	.LFE32:
 266              		.size	WWDG_EnableIT, .-WWDG_EnableIT
 267              		.align	1
 268              		.global	WWDG_SetCounter
 269              		.syntax unified
 270              		.thumb
 271              		.thumb_func
 272              		.fpu softvfp
 273              		.type	WWDG_SetCounter, %function
 274              	WWDG_SetCounter:
 275              	.LVL7:
 276              	.LFB33:
 163:.\stlib\STM32F10x_StdPeriph_Driver\src/stm32f10x_wwdg.c **** 
 164:.\stlib\STM32F10x_StdPeriph_Driver\src/stm32f10x_wwdg.c **** /**
 165:.\stlib\STM32F10x_StdPeriph_Driver\src/stm32f10x_wwdg.c ****   * @brief  Sets the WWDG counter value.
 166:.\stlib\STM32F10x_StdPeriph_Driver\src/stm32f10x_wwdg.c ****   * @param  Counter: specifies the watchdog counter value.
 167:.\stlib\STM32F10x_StdPeriph_Driver\src/stm32f10x_wwdg.c ****   *   This parameter must be a number between 0x40 and 0x7F.
 168:.\stlib\STM32F10x_StdPeriph_Driver\src/stm32f10x_wwdg.c ****   * @retval None
 169:.\stlib\STM32F10x_StdPeriph_Driver\src/stm32f10x_wwdg.c ****   */
 170:.\stlib\STM32F10x_StdPeriph_Driver\src/stm32f10x_wwdg.c **** void WWDG_SetCounter(uint8_t Counter)
 171:.\stlib\STM32F10x_StdPeriph_Driver\src/stm32f10x_wwdg.c **** {
 277              		.loc 1 171 1 is_stmt 1 view -0
 278              		.cfi_startproc
ARM GAS  C:\Users\skey\AppData\Local\Temp\cc1DqDBD.s 			page 9


 279              		@ args = 0, pretend = 0, frame = 0
 280              		@ frame_needed = 0, uses_anonymous_args = 0
 281              		@ link register save eliminated.
 172:.\stlib\STM32F10x_StdPeriph_Driver\src/stm32f10x_wwdg.c ****   /* Check the parameters */
 173:.\stlib\STM32F10x_StdPeriph_Driver\src/stm32f10x_wwdg.c ****   assert_param(IS_WWDG_COUNTER(Counter));
 282              		.loc 1 173 3 view .LVU40
 174:.\stlib\STM32F10x_StdPeriph_Driver\src/stm32f10x_wwdg.c ****   /* Write to T[6:0] bits to configure the counter value, no need to do
 175:.\stlib\STM32F10x_StdPeriph_Driver\src/stm32f10x_wwdg.c ****      a read-modify-write; writing a 0 to WDGA bit does nothing */
 176:.\stlib\STM32F10x_StdPeriph_Driver\src/stm32f10x_wwdg.c ****   WWDG->CR = Counter & BIT_Mask;
 283              		.loc 1 176 3 view .LVU41
 284              	@ .\stlib\STM32F10x_StdPeriph_Driver\src\stm32f10x_wwdg.c:176:   WWDG->CR = Counter & BIT_Mask;
 285              		.loc 1 176 12 is_stmt 0 view .LVU42
 286 0060 024B     		ldr	r3, .L12	@ tmp114,
 287              	@ .\stlib\STM32F10x_StdPeriph_Driver\src\stm32f10x_wwdg.c:176:   WWDG->CR = Counter & BIT_Mask;
 288              		.loc 1 176 22 view .LVU43
 289 0062 00F07F00 		and	r0, r0, #127	@ _2, tmp115,
 290              	.LVL8:
 291              	@ .\stlib\STM32F10x_StdPeriph_Driver\src\stm32f10x_wwdg.c:176:   WWDG->CR = Counter & BIT_Mask;
 292              		.loc 1 176 12 view .LVU44
 293 0066 1860     		str	r0, [r3]	@ _2, MEM[(struct WWDG_TypeDef *)1073753088B].CR
 294              	@ .\stlib\STM32F10x_StdPeriph_Driver\src\stm32f10x_wwdg.c:177: }
 177:.\stlib\STM32F10x_StdPeriph_Driver\src/stm32f10x_wwdg.c **** }
 295              		.loc 1 177 1 view .LVU45
 296 0068 7047     		bx	lr	@
 297              	.L13:
 298 006a 00BF     		.align	2
 299              	.L12:
 300 006c 002C0040 		.word	1073753088
 301              		.cfi_endproc
 302              	.LFE33:
 303              		.size	WWDG_SetCounter, .-WWDG_SetCounter
 304              		.align	1
 305              		.global	WWDG_Enable
 306              		.syntax unified
 307              		.thumb
 308              		.thumb_func
 309              		.fpu softvfp
 310              		.type	WWDG_Enable, %function
 311              	WWDG_Enable:
 312              	.LVL9:
 313              	.LFB34:
 178:.\stlib\STM32F10x_StdPeriph_Driver\src/stm32f10x_wwdg.c **** 
 179:.\stlib\STM32F10x_StdPeriph_Driver\src/stm32f10x_wwdg.c **** /**
 180:.\stlib\STM32F10x_StdPeriph_Driver\src/stm32f10x_wwdg.c ****   * @brief  Enables WWDG and load the counter value.                  
 181:.\stlib\STM32F10x_StdPeriph_Driver\src/stm32f10x_wwdg.c ****   * @param  Counter: specifies the watchdog counter value.
 182:.\stlib\STM32F10x_StdPeriph_Driver\src/stm32f10x_wwdg.c ****   *   This parameter must be a number between 0x40 and 0x7F.
 183:.\stlib\STM32F10x_StdPeriph_Driver\src/stm32f10x_wwdg.c ****   * @retval None
 184:.\stlib\STM32F10x_StdPeriph_Driver\src/stm32f10x_wwdg.c ****   */
 185:.\stlib\STM32F10x_StdPeriph_Driver\src/stm32f10x_wwdg.c **** void WWDG_Enable(uint8_t Counter)
 186:.\stlib\STM32F10x_StdPeriph_Driver\src/stm32f10x_wwdg.c **** {
 314              		.loc 1 186 1 is_stmt 1 view -0
 315              		.cfi_startproc
 316              		@ args = 0, pretend = 0, frame = 0
 317              		@ frame_needed = 0, uses_anonymous_args = 0
 318              		@ link register save eliminated.
 187:.\stlib\STM32F10x_StdPeriph_Driver\src/stm32f10x_wwdg.c ****   /* Check the parameters */
 188:.\stlib\STM32F10x_StdPeriph_Driver\src/stm32f10x_wwdg.c ****   assert_param(IS_WWDG_COUNTER(Counter));
ARM GAS  C:\Users\skey\AppData\Local\Temp\cc1DqDBD.s 			page 10


 319              		.loc 1 188 3 view .LVU47
 189:.\stlib\STM32F10x_StdPeriph_Driver\src/stm32f10x_wwdg.c ****   WWDG->CR = CR_WDGA_Set | Counter;
 320              		.loc 1 189 3 view .LVU48
 321              	@ .\stlib\STM32F10x_StdPeriph_Driver\src\stm32f10x_wwdg.c:189:   WWDG->CR = CR_WDGA_Set | Counter;
 322              		.loc 1 189 12 is_stmt 0 view .LVU49
 323 0070 024B     		ldr	r3, .L15	@ tmp114,
 324              	@ .\stlib\STM32F10x_StdPeriph_Driver\src\stm32f10x_wwdg.c:189:   WWDG->CR = CR_WDGA_Set | Counter;
 325              		.loc 1 189 26 view .LVU50
 326 0072 40F08000 		orr	r0, r0, #128	@ _2, tmp115,
 327              	.LVL10:
 328              	@ .\stlib\STM32F10x_StdPeriph_Driver\src\stm32f10x_wwdg.c:189:   WWDG->CR = CR_WDGA_Set | Counter;
 329              		.loc 1 189 12 view .LVU51
 330 0076 1860     		str	r0, [r3]	@ _2, MEM[(struct WWDG_TypeDef *)1073753088B].CR
 331              	@ .\stlib\STM32F10x_StdPeriph_Driver\src\stm32f10x_wwdg.c:190: }
 190:.\stlib\STM32F10x_StdPeriph_Driver\src/stm32f10x_wwdg.c **** }
 332              		.loc 1 190 1 view .LVU52
 333 0078 7047     		bx	lr	@
 334              	.L16:
 335 007a 00BF     		.align	2
 336              	.L15:
 337 007c 002C0040 		.word	1073753088
 338              		.cfi_endproc
 339              	.LFE34:
 340              		.size	WWDG_Enable, .-WWDG_Enable
 341              		.align	1
 342              		.global	WWDG_GetFlagStatus
 343              		.syntax unified
 344              		.thumb
 345              		.thumb_func
 346              		.fpu softvfp
 347              		.type	WWDG_GetFlagStatus, %function
 348              	WWDG_GetFlagStatus:
 349              	.LFB35:
 191:.\stlib\STM32F10x_StdPeriph_Driver\src/stm32f10x_wwdg.c **** 
 192:.\stlib\STM32F10x_StdPeriph_Driver\src/stm32f10x_wwdg.c **** /**
 193:.\stlib\STM32F10x_StdPeriph_Driver\src/stm32f10x_wwdg.c ****   * @brief  Checks whether the Early Wakeup interrupt flag is set or not.
 194:.\stlib\STM32F10x_StdPeriph_Driver\src/stm32f10x_wwdg.c ****   * @param  None
 195:.\stlib\STM32F10x_StdPeriph_Driver\src/stm32f10x_wwdg.c ****   * @retval The new state of the Early Wakeup interrupt flag (SET or RESET)
 196:.\stlib\STM32F10x_StdPeriph_Driver\src/stm32f10x_wwdg.c ****   */
 197:.\stlib\STM32F10x_StdPeriph_Driver\src/stm32f10x_wwdg.c **** FlagStatus WWDG_GetFlagStatus(void)
 198:.\stlib\STM32F10x_StdPeriph_Driver\src/stm32f10x_wwdg.c **** {
 350              		.loc 1 198 1 is_stmt 1 view -0
 351              		.cfi_startproc
 352              		@ args = 0, pretend = 0, frame = 0
 353              		@ frame_needed = 0, uses_anonymous_args = 0
 354              		@ link register save eliminated.
 199:.\stlib\STM32F10x_StdPeriph_Driver\src/stm32f10x_wwdg.c ****   return (FlagStatus)(WWDG->SR);
 355              		.loc 1 199 3 view .LVU54
 356              	@ .\stlib\STM32F10x_StdPeriph_Driver\src\stm32f10x_wwdg.c:199:   return (FlagStatus)(WWDG->SR);
 357              		.loc 1 199 27 is_stmt 0 view .LVU55
 358 0080 014B     		ldr	r3, .L18	@ tmp112,
 359 0082 9868     		ldr	r0, [r3, #8]	@ _1, MEM[(struct WWDG_TypeDef *)1073753088B].SR
 360              	@ .\stlib\STM32F10x_StdPeriph_Driver\src\stm32f10x_wwdg.c:200: }
 200:.\stlib\STM32F10x_StdPeriph_Driver\src/stm32f10x_wwdg.c **** }
 361              		.loc 1 200 1 view .LVU56
 362 0084 C0B2     		uxtb	r0, r0	@, _1
 363 0086 7047     		bx	lr	@
ARM GAS  C:\Users\skey\AppData\Local\Temp\cc1DqDBD.s 			page 11


 364              	.L19:
 365              		.align	2
 366              	.L18:
 367 0088 002C0040 		.word	1073753088
 368              		.cfi_endproc
 369              	.LFE35:
 370              		.size	WWDG_GetFlagStatus, .-WWDG_GetFlagStatus
 371              		.align	1
 372              		.global	WWDG_ClearFlag
 373              		.syntax unified
 374              		.thumb
 375              		.thumb_func
 376              		.fpu softvfp
 377              		.type	WWDG_ClearFlag, %function
 378              	WWDG_ClearFlag:
 379              	.LFB36:
 201:.\stlib\STM32F10x_StdPeriph_Driver\src/stm32f10x_wwdg.c **** 
 202:.\stlib\STM32F10x_StdPeriph_Driver\src/stm32f10x_wwdg.c **** /**
 203:.\stlib\STM32F10x_StdPeriph_Driver\src/stm32f10x_wwdg.c ****   * @brief  Clears Early Wakeup interrupt flag.
 204:.\stlib\STM32F10x_StdPeriph_Driver\src/stm32f10x_wwdg.c ****   * @param  None
 205:.\stlib\STM32F10x_StdPeriph_Driver\src/stm32f10x_wwdg.c ****   * @retval None
 206:.\stlib\STM32F10x_StdPeriph_Driver\src/stm32f10x_wwdg.c ****   */
 207:.\stlib\STM32F10x_StdPeriph_Driver\src/stm32f10x_wwdg.c **** void WWDG_ClearFlag(void)
 208:.\stlib\STM32F10x_StdPeriph_Driver\src/stm32f10x_wwdg.c **** {
 380              		.loc 1 208 1 is_stmt 1 view -0
 381              		.cfi_startproc
 382              		@ args = 0, pretend = 0, frame = 0
 383              		@ frame_needed = 0, uses_anonymous_args = 0
 384              		@ link register save eliminated.
 209:.\stlib\STM32F10x_StdPeriph_Driver\src/stm32f10x_wwdg.c ****   WWDG->SR = (uint32_t)RESET;
 385              		.loc 1 209 3 view .LVU58
 386              	@ .\stlib\STM32F10x_StdPeriph_Driver\src\stm32f10x_wwdg.c:209:   WWDG->SR = (uint32_t)RESET;
 387              		.loc 1 209 12 is_stmt 0 view .LVU59
 388 008c 0022     		movs	r2, #0	@ tmp111,
 389 008e 014B     		ldr	r3, .L21	@ tmp110,
 390 0090 9A60     		str	r2, [r3, #8]	@ tmp111, MEM[(struct WWDG_TypeDef *)1073753088B].SR
 391              	@ .\stlib\STM32F10x_StdPeriph_Driver\src\stm32f10x_wwdg.c:210: }
 210:.\stlib\STM32F10x_StdPeriph_Driver\src/stm32f10x_wwdg.c **** }
 392              		.loc 1 210 1 view .LVU60
 393 0092 7047     		bx	lr	@
 394              	.L22:
 395              		.align	2
 396              	.L21:
 397 0094 002C0040 		.word	1073753088
 398              		.cfi_endproc
 399              	.LFE36:
 400              		.size	WWDG_ClearFlag, .-WWDG_ClearFlag
 401              	.Letext0:
 402              		.file 2 "c:\\program files (x86)\\gnu tools arm embedded\\9 2019-q4-major\\arm-none-eabi\\include\
 403              		.file 3 "c:\\program files (x86)\\gnu tools arm embedded\\9 2019-q4-major\\arm-none-eabi\\include\
 404              		.file 4 ".\\stlib\\CMSIS\\CM3\\CoreSupport/core_cm3.h"
 405              		.file 5 ".\\stlib\\CMSIS\\CM3\\DeviceSupport\\ST\\STM32F10x/system_stm32f10x.h"
 406              		.file 6 ".\\stlib\\CMSIS\\CM3\\DeviceSupport\\ST\\STM32F10x/stm32f10x.h"
 407              		.file 7 ".\\stlib\\STM32F10x_StdPeriph_Driver\\inc/stm32f10x_rcc.h"
 408              		.section	.debug_info,"",%progbits
 409              	.Ldebug_info0:
 410 0000 C6020000 		.4byte	0x2c6
ARM GAS  C:\Users\skey\AppData\Local\Temp\cc1DqDBD.s 			page 12


 411 0004 0200     		.2byte	0x2
 412 0006 00000000 		.4byte	.Ldebug_abbrev0
 413 000a 04       		.byte	0x4
 414 000b 01       		.uleb128 0x1
 415 000c 0E020000 		.4byte	.LASF30
 416 0010 0C       		.byte	0xc
 417 0011 7C010000 		.4byte	.LASF31
 418 0015 26000000 		.4byte	.LASF32
 419 0019 00000000 		.4byte	.Ltext0
 420 001d 98000000 		.4byte	.Letext0
 421 0021 00000000 		.4byte	.Ldebug_line0
 422 0025 02       		.uleb128 0x2
 423 0026 01       		.byte	0x1
 424 0027 06       		.byte	0x6
 425 0028 02020000 		.4byte	.LASF0
 426 002c 03       		.uleb128 0x3
 427 002d 0E000000 		.4byte	.LASF5
 428 0031 02       		.byte	0x2
 429 0032 2B       		.byte	0x2b
 430 0033 18       		.byte	0x18
 431 0034 38000000 		.4byte	0x38
 432 0038 02       		.uleb128 0x2
 433 0039 01       		.byte	0x1
 434 003a 08       		.byte	0x8
 435 003b 97000000 		.4byte	.LASF1
 436 003f 02       		.uleb128 0x2
 437 0040 02       		.byte	0x2
 438 0041 05       		.byte	0x5
 439 0042 C4010000 		.4byte	.LASF2
 440 0046 02       		.uleb128 0x2
 441 0047 02       		.byte	0x2
 442 0048 07       		.byte	0x7
 443 0049 49000000 		.4byte	.LASF3
 444 004d 02       		.uleb128 0x2
 445 004e 04       		.byte	0x4
 446 004f 05       		.byte	0x5
 447 0050 F9010000 		.4byte	.LASF4
 448 0054 03       		.uleb128 0x3
 449 0055 DC000000 		.4byte	.LASF6
 450 0059 02       		.byte	0x2
 451 005a 4F       		.byte	0x4f
 452 005b 19       		.byte	0x19
 453 005c 60000000 		.4byte	0x60
 454 0060 02       		.uleb128 0x2
 455 0061 04       		.byte	0x4
 456 0062 07       		.byte	0x7
 457 0063 BC000000 		.4byte	.LASF7
 458 0067 02       		.uleb128 0x2
 459 0068 08       		.byte	0x8
 460 0069 05       		.byte	0x5
 461 006a 00000000 		.4byte	.LASF8
 462 006e 02       		.uleb128 0x2
 463 006f 08       		.byte	0x8
 464 0070 07       		.byte	0x7
 465 0071 15010000 		.4byte	.LASF9
 466 0075 04       		.uleb128 0x4
 467 0076 04       		.byte	0x4
ARM GAS  C:\Users\skey\AppData\Local\Temp\cc1DqDBD.s 			page 13


 468 0077 05       		.byte	0x5
 469 0078 696E7400 		.ascii	"int\000"
 470 007c 05       		.uleb128 0x5
 471 007d 75000000 		.4byte	0x75
 472 0081 02       		.uleb128 0x2
 473 0082 04       		.byte	0x4
 474 0083 07       		.byte	0x7
 475 0084 08010000 		.4byte	.LASF10
 476 0088 03       		.uleb128 0x3
 477 0089 5C000000 		.4byte	.LASF11
 478 008d 03       		.byte	0x3
 479 008e 18       		.byte	0x18
 480 008f 13       		.byte	0x13
 481 0090 2C000000 		.4byte	0x2c
 482 0094 03       		.uleb128 0x3
 483 0095 F0010000 		.4byte	.LASF12
 484 0099 03       		.byte	0x3
 485 009a 30       		.byte	0x30
 486 009b 14       		.byte	0x14
 487 009c 54000000 		.4byte	0x54
 488 00a0 05       		.uleb128 0x5
 489 00a1 94000000 		.4byte	0x94
 490 00a5 06       		.uleb128 0x6
 491 00a6 FB000000 		.4byte	.LASF13
 492 00aa 04       		.byte	0x4
 493 00ab CE06     		.2byte	0x6ce
 494 00ad 15       		.byte	0x15
 495 00ae 7C000000 		.4byte	0x7c
 496 00b2 01       		.byte	0x1
 497 00b3 01       		.byte	0x1
 498 00b4 07       		.uleb128 0x7
 499 00b5 B4010000 		.4byte	.LASF14
 500 00b9 05       		.byte	0x5
 501 00ba 35       		.byte	0x35
 502 00bb 11       		.byte	0x11
 503 00bc 94000000 		.4byte	0x94
 504 00c0 01       		.byte	0x1
 505 00c1 01       		.byte	0x1
 506 00c2 08       		.uleb128 0x8
 507 00c3 07       		.byte	0x7
 508 00c4 01       		.byte	0x1
 509 00c5 38000000 		.4byte	0x38
 510 00c9 06       		.byte	0x6
 511 00ca 0702     		.2byte	0x207
 512 00cc 0E       		.byte	0xe
 513 00cd DE000000 		.4byte	0xde
 514 00d1 09       		.uleb128 0x9
 515 00d2 CE000000 		.4byte	.LASF15
 516 00d6 00       		.byte	0
 517 00d7 0A       		.uleb128 0xa
 518 00d8 53455400 		.ascii	"SET\000"
 519 00dc 01       		.byte	0x1
 520 00dd 00       		.byte	0
 521 00de 0B       		.uleb128 0xb
 522 00df 71000000 		.4byte	.LASF16
 523 00e3 06       		.byte	0x6
 524 00e4 0702     		.2byte	0x207
ARM GAS  C:\Users\skey\AppData\Local\Temp\cc1DqDBD.s 			page 14


 525 00e6 28       		.byte	0x28
 526 00e7 C2000000 		.4byte	0xc2
 527 00eb 08       		.uleb128 0x8
 528 00ec 07       		.byte	0x7
 529 00ed 01       		.byte	0x1
 530 00ee 38000000 		.4byte	0x38
 531 00f2 06       		.byte	0x6
 532 00f3 0902     		.2byte	0x209
 533 00f5 0E       		.byte	0xe
 534 00f6 07010000 		.4byte	0x107
 535 00fa 09       		.uleb128 0x9
 536 00fb D4000000 		.4byte	.LASF17
 537 00ff 00       		.byte	0
 538 0100 09       		.uleb128 0x9
 539 0101 90000000 		.4byte	.LASF18
 540 0105 01       		.byte	0x1
 541 0106 00       		.byte	0
 542 0107 0C       		.uleb128 0xc
 543 0108 0C       		.byte	0xc
 544 0109 06       		.byte	0x6
 545 010a E804     		.2byte	0x4e8
 546 010c 09       		.byte	0x9
 547 010d 40010000 		.4byte	0x140
 548 0111 0D       		.uleb128 0xd
 549 0112 435200   		.ascii	"CR\000"
 550 0115 06       		.byte	0x6
 551 0116 EA04     		.2byte	0x4ea
 552 0118 11       		.byte	0x11
 553 0119 A0000000 		.4byte	0xa0
 554 011d 02       		.byte	0x2
 555 011e 23       		.byte	0x23
 556 011f 00       		.uleb128 0
 557 0120 0D       		.uleb128 0xd
 558 0121 43465200 		.ascii	"CFR\000"
 559 0125 06       		.byte	0x6
 560 0126 EB04     		.2byte	0x4eb
 561 0128 11       		.byte	0x11
 562 0129 A0000000 		.4byte	0xa0
 563 012d 02       		.byte	0x2
 564 012e 23       		.byte	0x23
 565 012f 04       		.uleb128 0x4
 566 0130 0D       		.uleb128 0xd
 567 0131 535200   		.ascii	"SR\000"
 568 0134 06       		.byte	0x6
 569 0135 EC04     		.2byte	0x4ec
 570 0137 11       		.byte	0x11
 571 0138 A0000000 		.4byte	0xa0
 572 013c 02       		.byte	0x2
 573 013d 23       		.byte	0x23
 574 013e 08       		.uleb128 0x8
 575 013f 00       		.byte	0
 576 0140 0B       		.uleb128 0xb
 577 0141 64000000 		.4byte	.LASF19
 578 0145 06       		.byte	0x6
 579 0146 ED04     		.2byte	0x4ed
 580 0148 03       		.byte	0x3
 581 0149 07010000 		.4byte	0x107
ARM GAS  C:\Users\skey\AppData\Local\Temp\cc1DqDBD.s 			page 15


 582 014d 0E       		.uleb128 0xe
 583 014e 01       		.byte	0x1
 584 014f D5010000 		.4byte	.LASF23
 585 0153 01       		.byte	0x1
 586 0154 CF       		.byte	0xcf
 587 0155 06       		.byte	0x6
 588 0156 01       		.byte	0x1
 589 0157 8C000000 		.4byte	.LFB36
 590 015b 98000000 		.4byte	.LFE36
 591 015f 02       		.byte	0x2
 592 0160 7D       		.byte	0x7d
 593 0161 00       		.sleb128 0
 594 0162 01       		.byte	0x1
 595 0163 0F       		.uleb128 0xf
 596 0164 01       		.byte	0x1
 597 0165 2C010000 		.4byte	.LASF33
 598 0169 01       		.byte	0x1
 599 016a C5       		.byte	0xc5
 600 016b 0C       		.byte	0xc
 601 016c 01       		.byte	0x1
 602 016d DE000000 		.4byte	0xde
 603 0171 80000000 		.4byte	.LFB35
 604 0175 8C000000 		.4byte	.LFE35
 605 0179 02       		.byte	0x2
 606 017a 7D       		.byte	0x7d
 607 017b 00       		.sleb128 0
 608 017c 01       		.byte	0x1
 609 017d 10       		.uleb128 0x10
 610 017e 01       		.byte	0x1
 611 017f 51010000 		.4byte	.LASF20
 612 0183 01       		.byte	0x1
 613 0184 B9       		.byte	0xb9
 614 0185 06       		.byte	0x6
 615 0186 01       		.byte	0x1
 616 0187 70000000 		.4byte	.LFB34
 617 018b 80000000 		.4byte	.LFE34
 618 018f 02       		.byte	0x2
 619 0190 7D       		.byte	0x7d
 620 0191 00       		.sleb128 0
 621 0192 01       		.byte	0x1
 622 0193 AC010000 		.4byte	0x1ac
 623 0197 11       		.uleb128 0x11
 624 0198 F3000000 		.4byte	.LASF22
 625 019c 01       		.byte	0x1
 626 019d B9       		.byte	0xb9
 627 019e 1A       		.byte	0x1a
 628 019f 88000000 		.4byte	0x88
 629 01a3 04000000 		.4byte	.LLST5
 630 01a7 00000000 		.4byte	.LVUS5
 631 01ab 00       		.byte	0
 632 01ac 10       		.uleb128 0x10
 633 01ad 01       		.byte	0x1
 634 01ae 6C010000 		.4byte	.LASF21
 635 01b2 01       		.byte	0x1
 636 01b3 AA       		.byte	0xaa
 637 01b4 06       		.byte	0x6
 638 01b5 01       		.byte	0x1
ARM GAS  C:\Users\skey\AppData\Local\Temp\cc1DqDBD.s 			page 16


 639 01b6 60000000 		.4byte	.LFB33
 640 01ba 70000000 		.4byte	.LFE33
 641 01be 02       		.byte	0x2
 642 01bf 7D       		.byte	0x7d
 643 01c0 00       		.sleb128 0
 644 01c1 01       		.byte	0x1
 645 01c2 DB010000 		.4byte	0x1db
 646 01c6 11       		.uleb128 0x11
 647 01c7 F3000000 		.4byte	.LASF22
 648 01cb 01       		.byte	0x1
 649 01cc AA       		.byte	0xaa
 650 01cd 1E       		.byte	0x1e
 651 01ce 88000000 		.4byte	0x88
 652 01d2 29000000 		.4byte	.LLST4
 653 01d6 25000000 		.4byte	.LVUS4
 654 01da 00       		.byte	0
 655 01db 0E       		.uleb128 0xe
 656 01dc 01       		.byte	0x1
 657 01dd 18000000 		.4byte	.LASF24
 658 01e1 01       		.byte	0x1
 659 01e2 9F       		.byte	0x9f
 660 01e3 06       		.byte	0x6
 661 01e4 01       		.byte	0x1
 662 01e5 54000000 		.4byte	.LFB32
 663 01e9 60000000 		.4byte	.LFE32
 664 01ed 02       		.byte	0x2
 665 01ee 7D       		.byte	0x7d
 666 01ef 00       		.sleb128 0
 667 01f0 01       		.byte	0x1
 668 01f1 12       		.uleb128 0x12
 669 01f2 01       		.byte	0x1
 670 01f3 7C000000 		.4byte	.LASF25
 671 01f7 01       		.byte	0x1
 672 01f8 89       		.byte	0x89
 673 01f9 06       		.byte	0x6
 674 01fa 01       		.byte	0x1
 675 01fb 2C000000 		.4byte	.LFB31
 676 01ff 54000000 		.4byte	.LFE31
 677 0203 4A000000 		.4byte	.LLST2
 678 0207 01       		.byte	0x1
 679 0208 30020000 		.4byte	0x230
 680 020c 11       		.uleb128 0x11
 681 020d E7000000 		.4byte	.LASF26
 682 0211 01       		.byte	0x1
 683 0212 89       		.byte	0x89
 684 0213 22       		.byte	0x22
 685 0214 88000000 		.4byte	0x88
 686 0218 7A000000 		.4byte	.LLST3
 687 021c 76000000 		.4byte	.LVUS3
 688 0220 13       		.uleb128 0x13
 689 0221 CE010000 		.4byte	.LASF28
 690 0225 01       		.byte	0x1
 691 0226 8B       		.byte	0x8b
 692 0227 11       		.byte	0x11
 693 0228 A0000000 		.4byte	0xa0
 694 022c 02       		.byte	0x2
 695 022d 91       		.byte	0x91
ARM GAS  C:\Users\skey\AppData\Local\Temp\cc1DqDBD.s 			page 17


 696 022e 7C       		.sleb128 -4
 697 022f 00       		.byte	0
 698 0230 10       		.uleb128 0x10
 699 0231 01       		.byte	0x1
 700 0232 3F010000 		.4byte	.LASF27
 701 0236 01       		.byte	0x1
 702 0237 76       		.byte	0x76
 703 0238 06       		.byte	0x6
 704 0239 01       		.byte	0x1
 705 023a 1A000000 		.4byte	.LFB30
 706 023e 2C000000 		.4byte	.LFE30
 707 0242 02       		.byte	0x2
 708 0243 7D       		.byte	0x7d
 709 0244 00       		.sleb128 0
 710 0245 01       		.byte	0x1
 711 0246 6D020000 		.4byte	0x26d
 712 024a 14       		.uleb128 0x14
 713 024b 5D010000 		.4byte	.LASF34
 714 024f 01       		.byte	0x1
 715 0250 76       		.byte	0x76
 716 0251 21       		.byte	0x21
 717 0252 94000000 		.4byte	0x94
 718 0256 01       		.byte	0x1
 719 0257 50       		.byte	0x50
 720 0258 15       		.uleb128 0x15
 721 0259 CE010000 		.4byte	.LASF28
 722 025d 01       		.byte	0x1
 723 025e 78       		.byte	0x78
 724 025f 0C       		.byte	0xc
 725 0260 94000000 		.4byte	0x94
 726 0264 9F000000 		.4byte	.LLST1
 727 0268 9B000000 		.4byte	.LVUS1
 728 026c 00       		.byte	0
 729 026d 12       		.uleb128 0x12
 730 026e 01       		.byte	0x1
 731 026f E4010000 		.4byte	.LASF29
 732 0273 01       		.byte	0x1
 733 0274 66       		.byte	0x66
 734 0275 06       		.byte	0x6
 735 0276 01       		.byte	0x1
 736 0277 00000000 		.4byte	.LFB29
 737 027b 1A000000 		.4byte	.LFE29
 738 027f BE000000 		.4byte	.LLST0
 739 0283 01       		.byte	0x1
 740 0284 BA020000 		.4byte	0x2ba
 741 0288 16       		.uleb128 0x16
 742 0289 0C000000 		.4byte	.LVL0
 743 028d BA020000 		.4byte	0x2ba
 744 0291 A2020000 		.4byte	0x2a2
 745 0295 17       		.uleb128 0x17
 746 0296 01       		.byte	0x1
 747 0297 50       		.byte	0x50
 748 0298 03       		.byte	0x3
 749 0299 0A       		.byte	0xa
 750 029a 0008     		.2byte	0x800
 751 029c 17       		.uleb128 0x17
 752 029d 01       		.byte	0x1
ARM GAS  C:\Users\skey\AppData\Local\Temp\cc1DqDBD.s 			page 18


 753 029e 51       		.byte	0x51
 754 029f 01       		.byte	0x1
 755 02a0 31       		.byte	0x31
 756 02a1 00       		.byte	0
 757 02a2 18       		.uleb128 0x18
 758 02a3 1A000000 		.4byte	.LVL1
 759 02a7 01       		.byte	0x1
 760 02a8 BA020000 		.4byte	0x2ba
 761 02ac 17       		.uleb128 0x17
 762 02ad 01       		.byte	0x1
 763 02ae 50       		.byte	0x50
 764 02af 03       		.byte	0x3
 765 02b0 0A       		.byte	0xa
 766 02b1 0008     		.2byte	0x800
 767 02b3 17       		.uleb128 0x17
 768 02b4 01       		.byte	0x1
 769 02b5 51       		.byte	0x51
 770 02b6 01       		.byte	0x1
 771 02b7 30       		.byte	0x30
 772 02b8 00       		.byte	0
 773 02b9 00       		.byte	0
 774 02ba 19       		.uleb128 0x19
 775 02bb 01       		.byte	0x1
 776 02bc 01       		.byte	0x1
 777 02bd A5000000 		.4byte	.LASF35
 778 02c1 A5000000 		.4byte	.LASF35
 779 02c5 07       		.byte	0x7
 780 02c6 BD02     		.2byte	0x2bd
 781 02c8 06       		.byte	0x6
 782 02c9 00       		.byte	0
 783              		.section	.debug_abbrev,"",%progbits
 784              	.Ldebug_abbrev0:
 785 0000 01       		.uleb128 0x1
 786 0001 11       		.uleb128 0x11
 787 0002 01       		.byte	0x1
 788 0003 25       		.uleb128 0x25
 789 0004 0E       		.uleb128 0xe
 790 0005 13       		.uleb128 0x13
 791 0006 0B       		.uleb128 0xb
 792 0007 03       		.uleb128 0x3
 793 0008 0E       		.uleb128 0xe
 794 0009 1B       		.uleb128 0x1b
 795 000a 0E       		.uleb128 0xe
 796 000b 11       		.uleb128 0x11
 797 000c 01       		.uleb128 0x1
 798 000d 12       		.uleb128 0x12
 799 000e 01       		.uleb128 0x1
 800 000f 10       		.uleb128 0x10
 801 0010 06       		.uleb128 0x6
 802 0011 00       		.byte	0
 803 0012 00       		.byte	0
 804 0013 02       		.uleb128 0x2
 805 0014 24       		.uleb128 0x24
 806 0015 00       		.byte	0
 807 0016 0B       		.uleb128 0xb
 808 0017 0B       		.uleb128 0xb
 809 0018 3E       		.uleb128 0x3e
ARM GAS  C:\Users\skey\AppData\Local\Temp\cc1DqDBD.s 			page 19


 810 0019 0B       		.uleb128 0xb
 811 001a 03       		.uleb128 0x3
 812 001b 0E       		.uleb128 0xe
 813 001c 00       		.byte	0
 814 001d 00       		.byte	0
 815 001e 03       		.uleb128 0x3
 816 001f 16       		.uleb128 0x16
 817 0020 00       		.byte	0
 818 0021 03       		.uleb128 0x3
 819 0022 0E       		.uleb128 0xe
 820 0023 3A       		.uleb128 0x3a
 821 0024 0B       		.uleb128 0xb
 822 0025 3B       		.uleb128 0x3b
 823 0026 0B       		.uleb128 0xb
 824 0027 39       		.uleb128 0x39
 825 0028 0B       		.uleb128 0xb
 826 0029 49       		.uleb128 0x49
 827 002a 13       		.uleb128 0x13
 828 002b 00       		.byte	0
 829 002c 00       		.byte	0
 830 002d 04       		.uleb128 0x4
 831 002e 24       		.uleb128 0x24
 832 002f 00       		.byte	0
 833 0030 0B       		.uleb128 0xb
 834 0031 0B       		.uleb128 0xb
 835 0032 3E       		.uleb128 0x3e
 836 0033 0B       		.uleb128 0xb
 837 0034 03       		.uleb128 0x3
 838 0035 08       		.uleb128 0x8
 839 0036 00       		.byte	0
 840 0037 00       		.byte	0
 841 0038 05       		.uleb128 0x5
 842 0039 35       		.uleb128 0x35
 843 003a 00       		.byte	0
 844 003b 49       		.uleb128 0x49
 845 003c 13       		.uleb128 0x13
 846 003d 00       		.byte	0
 847 003e 00       		.byte	0
 848 003f 06       		.uleb128 0x6
 849 0040 34       		.uleb128 0x34
 850 0041 00       		.byte	0
 851 0042 03       		.uleb128 0x3
 852 0043 0E       		.uleb128 0xe
 853 0044 3A       		.uleb128 0x3a
 854 0045 0B       		.uleb128 0xb
 855 0046 3B       		.uleb128 0x3b
 856 0047 05       		.uleb128 0x5
 857 0048 39       		.uleb128 0x39
 858 0049 0B       		.uleb128 0xb
 859 004a 49       		.uleb128 0x49
 860 004b 13       		.uleb128 0x13
 861 004c 3F       		.uleb128 0x3f
 862 004d 0C       		.uleb128 0xc
 863 004e 3C       		.uleb128 0x3c
 864 004f 0C       		.uleb128 0xc
 865 0050 00       		.byte	0
 866 0051 00       		.byte	0
ARM GAS  C:\Users\skey\AppData\Local\Temp\cc1DqDBD.s 			page 20


 867 0052 07       		.uleb128 0x7
 868 0053 34       		.uleb128 0x34
 869 0054 00       		.byte	0
 870 0055 03       		.uleb128 0x3
 871 0056 0E       		.uleb128 0xe
 872 0057 3A       		.uleb128 0x3a
 873 0058 0B       		.uleb128 0xb
 874 0059 3B       		.uleb128 0x3b
 875 005a 0B       		.uleb128 0xb
 876 005b 39       		.uleb128 0x39
 877 005c 0B       		.uleb128 0xb
 878 005d 49       		.uleb128 0x49
 879 005e 13       		.uleb128 0x13
 880 005f 3F       		.uleb128 0x3f
 881 0060 0C       		.uleb128 0xc
 882 0061 3C       		.uleb128 0x3c
 883 0062 0C       		.uleb128 0xc
 884 0063 00       		.byte	0
 885 0064 00       		.byte	0
 886 0065 08       		.uleb128 0x8
 887 0066 04       		.uleb128 0x4
 888 0067 01       		.byte	0x1
 889 0068 3E       		.uleb128 0x3e
 890 0069 0B       		.uleb128 0xb
 891 006a 0B       		.uleb128 0xb
 892 006b 0B       		.uleb128 0xb
 893 006c 49       		.uleb128 0x49
 894 006d 13       		.uleb128 0x13
 895 006e 3A       		.uleb128 0x3a
 896 006f 0B       		.uleb128 0xb
 897 0070 3B       		.uleb128 0x3b
 898 0071 05       		.uleb128 0x5
 899 0072 39       		.uleb128 0x39
 900 0073 0B       		.uleb128 0xb
 901 0074 01       		.uleb128 0x1
 902 0075 13       		.uleb128 0x13
 903 0076 00       		.byte	0
 904 0077 00       		.byte	0
 905 0078 09       		.uleb128 0x9
 906 0079 28       		.uleb128 0x28
 907 007a 00       		.byte	0
 908 007b 03       		.uleb128 0x3
 909 007c 0E       		.uleb128 0xe
 910 007d 1C       		.uleb128 0x1c
 911 007e 0B       		.uleb128 0xb
 912 007f 00       		.byte	0
 913 0080 00       		.byte	0
 914 0081 0A       		.uleb128 0xa
 915 0082 28       		.uleb128 0x28
 916 0083 00       		.byte	0
 917 0084 03       		.uleb128 0x3
 918 0085 08       		.uleb128 0x8
 919 0086 1C       		.uleb128 0x1c
 920 0087 0B       		.uleb128 0xb
 921 0088 00       		.byte	0
 922 0089 00       		.byte	0
 923 008a 0B       		.uleb128 0xb
ARM GAS  C:\Users\skey\AppData\Local\Temp\cc1DqDBD.s 			page 21


 924 008b 16       		.uleb128 0x16
 925 008c 00       		.byte	0
 926 008d 03       		.uleb128 0x3
 927 008e 0E       		.uleb128 0xe
 928 008f 3A       		.uleb128 0x3a
 929 0090 0B       		.uleb128 0xb
 930 0091 3B       		.uleb128 0x3b
 931 0092 05       		.uleb128 0x5
 932 0093 39       		.uleb128 0x39
 933 0094 0B       		.uleb128 0xb
 934 0095 49       		.uleb128 0x49
 935 0096 13       		.uleb128 0x13
 936 0097 00       		.byte	0
 937 0098 00       		.byte	0
 938 0099 0C       		.uleb128 0xc
 939 009a 13       		.uleb128 0x13
 940 009b 01       		.byte	0x1
 941 009c 0B       		.uleb128 0xb
 942 009d 0B       		.uleb128 0xb
 943 009e 3A       		.uleb128 0x3a
 944 009f 0B       		.uleb128 0xb
 945 00a0 3B       		.uleb128 0x3b
 946 00a1 05       		.uleb128 0x5
 947 00a2 39       		.uleb128 0x39
 948 00a3 0B       		.uleb128 0xb
 949 00a4 01       		.uleb128 0x1
 950 00a5 13       		.uleb128 0x13
 951 00a6 00       		.byte	0
 952 00a7 00       		.byte	0
 953 00a8 0D       		.uleb128 0xd
 954 00a9 0D       		.uleb128 0xd
 955 00aa 00       		.byte	0
 956 00ab 03       		.uleb128 0x3
 957 00ac 08       		.uleb128 0x8
 958 00ad 3A       		.uleb128 0x3a
 959 00ae 0B       		.uleb128 0xb
 960 00af 3B       		.uleb128 0x3b
 961 00b0 05       		.uleb128 0x5
 962 00b1 39       		.uleb128 0x39
 963 00b2 0B       		.uleb128 0xb
 964 00b3 49       		.uleb128 0x49
 965 00b4 13       		.uleb128 0x13
 966 00b5 38       		.uleb128 0x38
 967 00b6 0A       		.uleb128 0xa
 968 00b7 00       		.byte	0
 969 00b8 00       		.byte	0
 970 00b9 0E       		.uleb128 0xe
 971 00ba 2E       		.uleb128 0x2e
 972 00bb 00       		.byte	0
 973 00bc 3F       		.uleb128 0x3f
 974 00bd 0C       		.uleb128 0xc
 975 00be 03       		.uleb128 0x3
 976 00bf 0E       		.uleb128 0xe
 977 00c0 3A       		.uleb128 0x3a
 978 00c1 0B       		.uleb128 0xb
 979 00c2 3B       		.uleb128 0x3b
 980 00c3 0B       		.uleb128 0xb
ARM GAS  C:\Users\skey\AppData\Local\Temp\cc1DqDBD.s 			page 22


 981 00c4 39       		.uleb128 0x39
 982 00c5 0B       		.uleb128 0xb
 983 00c6 27       		.uleb128 0x27
 984 00c7 0C       		.uleb128 0xc
 985 00c8 11       		.uleb128 0x11
 986 00c9 01       		.uleb128 0x1
 987 00ca 12       		.uleb128 0x12
 988 00cb 01       		.uleb128 0x1
 989 00cc 40       		.uleb128 0x40
 990 00cd 0A       		.uleb128 0xa
 991 00ce 9742     		.uleb128 0x2117
 992 00d0 0C       		.uleb128 0xc
 993 00d1 00       		.byte	0
 994 00d2 00       		.byte	0
 995 00d3 0F       		.uleb128 0xf
 996 00d4 2E       		.uleb128 0x2e
 997 00d5 00       		.byte	0
 998 00d6 3F       		.uleb128 0x3f
 999 00d7 0C       		.uleb128 0xc
 1000 00d8 03       		.uleb128 0x3
 1001 00d9 0E       		.uleb128 0xe
 1002 00da 3A       		.uleb128 0x3a
 1003 00db 0B       		.uleb128 0xb
 1004 00dc 3B       		.uleb128 0x3b
 1005 00dd 0B       		.uleb128 0xb
 1006 00de 39       		.uleb128 0x39
 1007 00df 0B       		.uleb128 0xb
 1008 00e0 27       		.uleb128 0x27
 1009 00e1 0C       		.uleb128 0xc
 1010 00e2 49       		.uleb128 0x49
 1011 00e3 13       		.uleb128 0x13
 1012 00e4 11       		.uleb128 0x11
 1013 00e5 01       		.uleb128 0x1
 1014 00e6 12       		.uleb128 0x12
 1015 00e7 01       		.uleb128 0x1
 1016 00e8 40       		.uleb128 0x40
 1017 00e9 0A       		.uleb128 0xa
 1018 00ea 9742     		.uleb128 0x2117
 1019 00ec 0C       		.uleb128 0xc
 1020 00ed 00       		.byte	0
 1021 00ee 00       		.byte	0
 1022 00ef 10       		.uleb128 0x10
 1023 00f0 2E       		.uleb128 0x2e
 1024 00f1 01       		.byte	0x1
 1025 00f2 3F       		.uleb128 0x3f
 1026 00f3 0C       		.uleb128 0xc
 1027 00f4 03       		.uleb128 0x3
 1028 00f5 0E       		.uleb128 0xe
 1029 00f6 3A       		.uleb128 0x3a
 1030 00f7 0B       		.uleb128 0xb
 1031 00f8 3B       		.uleb128 0x3b
 1032 00f9 0B       		.uleb128 0xb
 1033 00fa 39       		.uleb128 0x39
 1034 00fb 0B       		.uleb128 0xb
 1035 00fc 27       		.uleb128 0x27
 1036 00fd 0C       		.uleb128 0xc
 1037 00fe 11       		.uleb128 0x11
ARM GAS  C:\Users\skey\AppData\Local\Temp\cc1DqDBD.s 			page 23


 1038 00ff 01       		.uleb128 0x1
 1039 0100 12       		.uleb128 0x12
 1040 0101 01       		.uleb128 0x1
 1041 0102 40       		.uleb128 0x40
 1042 0103 0A       		.uleb128 0xa
 1043 0104 9742     		.uleb128 0x2117
 1044 0106 0C       		.uleb128 0xc
 1045 0107 01       		.uleb128 0x1
 1046 0108 13       		.uleb128 0x13
 1047 0109 00       		.byte	0
 1048 010a 00       		.byte	0
 1049 010b 11       		.uleb128 0x11
 1050 010c 05       		.uleb128 0x5
 1051 010d 00       		.byte	0
 1052 010e 03       		.uleb128 0x3
 1053 010f 0E       		.uleb128 0xe
 1054 0110 3A       		.uleb128 0x3a
 1055 0111 0B       		.uleb128 0xb
 1056 0112 3B       		.uleb128 0x3b
 1057 0113 0B       		.uleb128 0xb
 1058 0114 39       		.uleb128 0x39
 1059 0115 0B       		.uleb128 0xb
 1060 0116 49       		.uleb128 0x49
 1061 0117 13       		.uleb128 0x13
 1062 0118 02       		.uleb128 0x2
 1063 0119 06       		.uleb128 0x6
 1064 011a B742     		.uleb128 0x2137
 1065 011c 06       		.uleb128 0x6
 1066 011d 00       		.byte	0
 1067 011e 00       		.byte	0
 1068 011f 12       		.uleb128 0x12
 1069 0120 2E       		.uleb128 0x2e
 1070 0121 01       		.byte	0x1
 1071 0122 3F       		.uleb128 0x3f
 1072 0123 0C       		.uleb128 0xc
 1073 0124 03       		.uleb128 0x3
 1074 0125 0E       		.uleb128 0xe
 1075 0126 3A       		.uleb128 0x3a
 1076 0127 0B       		.uleb128 0xb
 1077 0128 3B       		.uleb128 0x3b
 1078 0129 0B       		.uleb128 0xb
 1079 012a 39       		.uleb128 0x39
 1080 012b 0B       		.uleb128 0xb
 1081 012c 27       		.uleb128 0x27
 1082 012d 0C       		.uleb128 0xc
 1083 012e 11       		.uleb128 0x11
 1084 012f 01       		.uleb128 0x1
 1085 0130 12       		.uleb128 0x12
 1086 0131 01       		.uleb128 0x1
 1087 0132 40       		.uleb128 0x40
 1088 0133 06       		.uleb128 0x6
 1089 0134 9742     		.uleb128 0x2117
 1090 0136 0C       		.uleb128 0xc
 1091 0137 01       		.uleb128 0x1
 1092 0138 13       		.uleb128 0x13
 1093 0139 00       		.byte	0
 1094 013a 00       		.byte	0
ARM GAS  C:\Users\skey\AppData\Local\Temp\cc1DqDBD.s 			page 24


 1095 013b 13       		.uleb128 0x13
 1096 013c 34       		.uleb128 0x34
 1097 013d 00       		.byte	0
 1098 013e 03       		.uleb128 0x3
 1099 013f 0E       		.uleb128 0xe
 1100 0140 3A       		.uleb128 0x3a
 1101 0141 0B       		.uleb128 0xb
 1102 0142 3B       		.uleb128 0x3b
 1103 0143 0B       		.uleb128 0xb
 1104 0144 39       		.uleb128 0x39
 1105 0145 0B       		.uleb128 0xb
 1106 0146 49       		.uleb128 0x49
 1107 0147 13       		.uleb128 0x13
 1108 0148 02       		.uleb128 0x2
 1109 0149 0A       		.uleb128 0xa
 1110 014a 00       		.byte	0
 1111 014b 00       		.byte	0
 1112 014c 14       		.uleb128 0x14
 1113 014d 05       		.uleb128 0x5
 1114 014e 00       		.byte	0
 1115 014f 03       		.uleb128 0x3
 1116 0150 0E       		.uleb128 0xe
 1117 0151 3A       		.uleb128 0x3a
 1118 0152 0B       		.uleb128 0xb
 1119 0153 3B       		.uleb128 0x3b
 1120 0154 0B       		.uleb128 0xb
 1121 0155 39       		.uleb128 0x39
 1122 0156 0B       		.uleb128 0xb
 1123 0157 49       		.uleb128 0x49
 1124 0158 13       		.uleb128 0x13
 1125 0159 02       		.uleb128 0x2
 1126 015a 0A       		.uleb128 0xa
 1127 015b 00       		.byte	0
 1128 015c 00       		.byte	0
 1129 015d 15       		.uleb128 0x15
 1130 015e 34       		.uleb128 0x34
 1131 015f 00       		.byte	0
 1132 0160 03       		.uleb128 0x3
 1133 0161 0E       		.uleb128 0xe
 1134 0162 3A       		.uleb128 0x3a
 1135 0163 0B       		.uleb128 0xb
 1136 0164 3B       		.uleb128 0x3b
 1137 0165 0B       		.uleb128 0xb
 1138 0166 39       		.uleb128 0x39
 1139 0167 0B       		.uleb128 0xb
 1140 0168 49       		.uleb128 0x49
 1141 0169 13       		.uleb128 0x13
 1142 016a 02       		.uleb128 0x2
 1143 016b 06       		.uleb128 0x6
 1144 016c B742     		.uleb128 0x2137
 1145 016e 06       		.uleb128 0x6
 1146 016f 00       		.byte	0
 1147 0170 00       		.byte	0
 1148 0171 16       		.uleb128 0x16
 1149 0172 898201   		.uleb128 0x4109
 1150 0175 01       		.byte	0x1
 1151 0176 11       		.uleb128 0x11
ARM GAS  C:\Users\skey\AppData\Local\Temp\cc1DqDBD.s 			page 25


 1152 0177 01       		.uleb128 0x1
 1153 0178 31       		.uleb128 0x31
 1154 0179 13       		.uleb128 0x13
 1155 017a 01       		.uleb128 0x1
 1156 017b 13       		.uleb128 0x13
 1157 017c 00       		.byte	0
 1158 017d 00       		.byte	0
 1159 017e 17       		.uleb128 0x17
 1160 017f 8A8201   		.uleb128 0x410a
 1161 0182 00       		.byte	0
 1162 0183 02       		.uleb128 0x2
 1163 0184 0A       		.uleb128 0xa
 1164 0185 9142     		.uleb128 0x2111
 1165 0187 0A       		.uleb128 0xa
 1166 0188 00       		.byte	0
 1167 0189 00       		.byte	0
 1168 018a 18       		.uleb128 0x18
 1169 018b 898201   		.uleb128 0x4109
 1170 018e 01       		.byte	0x1
 1171 018f 11       		.uleb128 0x11
 1172 0190 01       		.uleb128 0x1
 1173 0191 9542     		.uleb128 0x2115
 1174 0193 0C       		.uleb128 0xc
 1175 0194 31       		.uleb128 0x31
 1176 0195 13       		.uleb128 0x13
 1177 0196 00       		.byte	0
 1178 0197 00       		.byte	0
 1179 0198 19       		.uleb128 0x19
 1180 0199 2E       		.uleb128 0x2e
 1181 019a 00       		.byte	0
 1182 019b 3F       		.uleb128 0x3f
 1183 019c 0C       		.uleb128 0xc
 1184 019d 3C       		.uleb128 0x3c
 1185 019e 0C       		.uleb128 0xc
 1186 019f 8740     		.uleb128 0x2007
 1187 01a1 0E       		.uleb128 0xe
 1188 01a2 03       		.uleb128 0x3
 1189 01a3 0E       		.uleb128 0xe
 1190 01a4 3A       		.uleb128 0x3a
 1191 01a5 0B       		.uleb128 0xb
 1192 01a6 3B       		.uleb128 0x3b
 1193 01a7 05       		.uleb128 0x5
 1194 01a8 39       		.uleb128 0x39
 1195 01a9 0B       		.uleb128 0xb
 1196 01aa 00       		.byte	0
 1197 01ab 00       		.byte	0
 1198 01ac 00       		.byte	0
 1199              		.section	.debug_loc,"",%progbits
 1200              	.Ldebug_loc0:
 1201              	.LVUS5:
 1202 0000 00       		.uleb128 0
 1203 0001 00       		.uleb128 .LVU51
 1204 0002 00       		.uleb128 .LVU51
 1205 0003 00       		.uleb128 0
 1206              	.LLST5:
 1207 0004 70000000 		.4byte	.LVL9-.Ltext0
 1208 0008 76000000 		.4byte	.LVL10-.Ltext0
ARM GAS  C:\Users\skey\AppData\Local\Temp\cc1DqDBD.s 			page 26


 1209 000c 0100     		.2byte	0x1
 1210 000e 50       		.byte	0x50
 1211 000f 76000000 		.4byte	.LVL10-.Ltext0
 1212 0013 80000000 		.4byte	.LFE34-.Ltext0
 1213 0017 0400     		.2byte	0x4
 1214 0019 F3       		.byte	0xf3
 1215 001a 01       		.uleb128 0x1
 1216 001b 50       		.byte	0x50
 1217 001c 9F       		.byte	0x9f
 1218 001d 00000000 		.4byte	0
 1219 0021 00000000 		.4byte	0
 1220              	.LVUS4:
 1221 0025 00       		.uleb128 0
 1222 0026 00       		.uleb128 .LVU44
 1223 0027 00       		.uleb128 .LVU44
 1224 0028 00       		.uleb128 0
 1225              	.LLST4:
 1226 0029 60000000 		.4byte	.LVL7-.Ltext0
 1227 002d 66000000 		.4byte	.LVL8-.Ltext0
 1228 0031 0100     		.2byte	0x1
 1229 0033 50       		.byte	0x50
 1230 0034 66000000 		.4byte	.LVL8-.Ltext0
 1231 0038 70000000 		.4byte	.LFE33-.Ltext0
 1232 003c 0400     		.2byte	0x4
 1233 003e F3       		.byte	0xf3
 1234 003f 01       		.uleb128 0x1
 1235 0040 50       		.byte	0x50
 1236 0041 9F       		.byte	0x9f
 1237 0042 00000000 		.4byte	0
 1238 0046 00000000 		.4byte	0
 1239              	.LLST2:
 1240 004a 2C000000 		.4byte	.LFB31-.Ltext0
 1241 004e 30000000 		.4byte	.LCFI2-.Ltext0
 1242 0052 0200     		.2byte	0x2
 1243 0054 7D       		.byte	0x7d
 1244 0055 00       		.sleb128 0
 1245 0056 30000000 		.4byte	.LCFI2-.Ltext0
 1246 005a 4C000000 		.4byte	.LCFI3-.Ltext0
 1247 005e 0200     		.2byte	0x2
 1248 0060 7D       		.byte	0x7d
 1249 0061 08       		.sleb128 8
 1250 0062 4C000000 		.4byte	.LCFI3-.Ltext0
 1251 0066 54000000 		.4byte	.LFE31-.Ltext0
 1252 006a 0200     		.2byte	0x2
 1253 006c 7D       		.byte	0x7d
 1254 006d 00       		.sleb128 0
 1255 006e 00000000 		.4byte	0
 1256 0072 00000000 		.4byte	0
 1257              	.LVUS3:
 1258 0076 00       		.uleb128 0
 1259 0077 00       		.uleb128 .LVU28
 1260 0078 00       		.uleb128 .LVU28
 1261 0079 00       		.uleb128 0
 1262              	.LLST3:
 1263 007a 2C000000 		.4byte	.LVL5-.Ltext0
 1264 007e 3A000000 		.4byte	.LVL6-.Ltext0
 1265 0082 0100     		.2byte	0x1
ARM GAS  C:\Users\skey\AppData\Local\Temp\cc1DqDBD.s 			page 27


 1266 0084 50       		.byte	0x50
 1267 0085 3A000000 		.4byte	.LVL6-.Ltext0
 1268 0089 54000000 		.4byte	.LFE31-.Ltext0
 1269 008d 0400     		.2byte	0x4
 1270 008f F3       		.byte	0xf3
 1271 0090 01       		.uleb128 0x1
 1272 0091 50       		.byte	0x50
 1273 0092 9F       		.byte	0x9f
 1274 0093 00000000 		.4byte	0
 1275 0097 00000000 		.4byte	0
 1276              	.LVUS1:
 1277 009b 02       		.uleb128 .LVU9
 1278 009c 00       		.uleb128 .LVU13
 1279 009d 00       		.uleb128 .LVU13
 1280 009e 00       		.uleb128 0
 1281              	.LLST1:
 1282 009f 1A000000 		.4byte	.LVL2-.Ltext0
 1283 00a3 22000000 		.4byte	.LVL3-.Ltext0
 1284 00a7 0200     		.2byte	0x2
 1285 00a9 30       		.byte	0x30
 1286 00aa 9F       		.byte	0x9f
 1287 00ab 22000000 		.4byte	.LVL3-.Ltext0
 1288 00af 2C000000 		.4byte	.LFE30-.Ltext0
 1289 00b3 0100     		.2byte	0x1
 1290 00b5 53       		.byte	0x53
 1291 00b6 00000000 		.4byte	0
 1292 00ba 00000000 		.4byte	0
 1293              	.LLST0:
 1294 00be 00000000 		.4byte	.LFB29-.Ltext0
 1295 00c2 02000000 		.4byte	.LCFI0-.Ltext0
 1296 00c6 0200     		.2byte	0x2
 1297 00c8 7D       		.byte	0x7d
 1298 00c9 00       		.sleb128 0
 1299 00ca 02000000 		.4byte	.LCFI0-.Ltext0
 1300 00ce 10000000 		.4byte	.LCFI1-.Ltext0
 1301 00d2 0200     		.2byte	0x2
 1302 00d4 7D       		.byte	0x7d
 1303 00d5 08       		.sleb128 8
 1304 00d6 10000000 		.4byte	.LCFI1-.Ltext0
 1305 00da 1A000000 		.4byte	.LFE29-.Ltext0
 1306 00de 0200     		.2byte	0x2
 1307 00e0 7D       		.byte	0x7d
 1308 00e1 00       		.sleb128 0
 1309 00e2 00000000 		.4byte	0
 1310 00e6 00000000 		.4byte	0
 1311              		.section	.debug_aranges,"",%progbits
 1312 0000 1C000000 		.4byte	0x1c
 1313 0004 0200     		.2byte	0x2
 1314 0006 00000000 		.4byte	.Ldebug_info0
 1315 000a 04       		.byte	0x4
 1316 000b 00       		.byte	0
 1317 000c 0000     		.2byte	0
 1318 000e 0000     		.2byte	0
 1319 0010 00000000 		.4byte	.Ltext0
 1320 0014 98000000 		.4byte	.Letext0-.Ltext0
 1321 0018 00000000 		.4byte	0
 1322 001c 00000000 		.4byte	0
ARM GAS  C:\Users\skey\AppData\Local\Temp\cc1DqDBD.s 			page 28


 1323              		.section	.debug_line,"",%progbits
 1324              	.Ldebug_line0:
 1325 0000 E5020000 		.section	.debug_str,"MS",%progbits,1
 1325      0300DB01 
 1325      00000201 
 1325      FB0E0D00 
 1325      01010101 
 1326              	.LASF8:
 1327 0000 6C6F6E67 		.ascii	"long long int\000"
 1327      206C6F6E 
 1327      6720696E 
 1327      7400
 1328              	.LASF5:
 1329 000e 5F5F7569 		.ascii	"__uint8_t\000"
 1329      6E74385F 
 1329      7400
 1330              	.LASF24:
 1331 0018 57574447 		.ascii	"WWDG_EnableIT\000"
 1331      5F456E61 
 1331      626C6549 
 1331      5400
 1332              	.LASF32:
 1333 0026 443A5C53 		.ascii	"D:\\STM32_Freertos_GCC_Makefile_Win\000"
 1333      544D3332 
 1333      5F467265 
 1333      6572746F 
 1333      735F4743 
 1334              	.LASF3:
 1335 0049 73686F72 		.ascii	"short unsigned int\000"
 1335      7420756E 
 1335      7369676E 
 1335      65642069 
 1335      6E7400
 1336              	.LASF11:
 1337 005c 75696E74 		.ascii	"uint8_t\000"
 1337      385F7400 
 1338              	.LASF19:
 1339 0064 57574447 		.ascii	"WWDG_TypeDef\000"
 1339      5F547970 
 1339      65446566 
 1339      00
 1340              	.LASF16:
 1341 0071 466C6167 		.ascii	"FlagStatus\000"
 1341      53746174 
 1341      757300
 1342              	.LASF25:
 1343 007c 57574447 		.ascii	"WWDG_SetWindowValue\000"
 1343      5F536574 
 1343      57696E64 
 1343      6F775661 
 1343      6C756500 
 1344              	.LASF18:
 1345 0090 454E4142 		.ascii	"ENABLE\000"
 1345      4C4500
 1346              	.LASF1:
 1347 0097 756E7369 		.ascii	"unsigned char\000"
 1347      676E6564 
ARM GAS  C:\Users\skey\AppData\Local\Temp\cc1DqDBD.s 			page 29


 1347      20636861 
 1347      7200
 1348              	.LASF35:
 1349 00a5 5243435F 		.ascii	"RCC_APB1PeriphResetCmd\000"
 1349      41504231 
 1349      50657269 
 1349      70685265 
 1349      73657443 
 1350              	.LASF7:
 1351 00bc 6C6F6E67 		.ascii	"long unsigned int\000"
 1351      20756E73 
 1351      69676E65 
 1351      6420696E 
 1351      7400
 1352              	.LASF15:
 1353 00ce 52455345 		.ascii	"RESET\000"
 1353      5400
 1354              	.LASF17:
 1355 00d4 44495341 		.ascii	"DISABLE\000"
 1355      424C4500 
 1356              	.LASF6:
 1357 00dc 5F5F7569 		.ascii	"__uint32_t\000"
 1357      6E743332 
 1357      5F7400
 1358              	.LASF26:
 1359 00e7 57696E64 		.ascii	"WindowValue\000"
 1359      6F775661 
 1359      6C756500 
 1360              	.LASF22:
 1361 00f3 436F756E 		.ascii	"Counter\000"
 1361      74657200 
 1362              	.LASF13:
 1363 00fb 49544D5F 		.ascii	"ITM_RxBuffer\000"
 1363      52784275 
 1363      66666572 
 1363      00
 1364              	.LASF10:
 1365 0108 756E7369 		.ascii	"unsigned int\000"
 1365      676E6564 
 1365      20696E74 
 1365      00
 1366              	.LASF9:
 1367 0115 6C6F6E67 		.ascii	"long long unsigned int\000"
 1367      206C6F6E 
 1367      6720756E 
 1367      7369676E 
 1367      65642069 
 1368              	.LASF33:
 1369 012c 57574447 		.ascii	"WWDG_GetFlagStatus\000"
 1369      5F476574 
 1369      466C6167 
 1369      53746174 
 1369      757300
 1370              	.LASF27:
 1371 013f 57574447 		.ascii	"WWDG_SetPrescaler\000"
 1371      5F536574 
 1371      50726573 
ARM GAS  C:\Users\skey\AppData\Local\Temp\cc1DqDBD.s 			page 30


 1371      63616C65 
 1371      7200
 1372              	.LASF20:
 1373 0151 57574447 		.ascii	"WWDG_Enable\000"
 1373      5F456E61 
 1373      626C6500 
 1374              	.LASF34:
 1375 015d 57574447 		.ascii	"WWDG_Prescaler\000"
 1375      5F507265 
 1375      7363616C 
 1375      657200
 1376              	.LASF21:
 1377 016c 57574447 		.ascii	"WWDG_SetCounter\000"
 1377      5F536574 
 1377      436F756E 
 1377      74657200 
 1378              	.LASF31:
 1379 017c 2E5C7374 		.ascii	".\\stlib\\STM32F10x_StdPeriph_Driver\\src\\stm32f10"
 1379      6C69625C 
 1379      53544D33 
 1379      32463130 
 1379      785F5374 
 1380 01ab 785F7777 		.ascii	"x_wwdg.c\000"
 1380      64672E63 
 1380      00
 1381              	.LASF14:
 1382 01b4 53797374 		.ascii	"SystemCoreClock\000"
 1382      656D436F 
 1382      7265436C 
 1382      6F636B00 
 1383              	.LASF2:
 1384 01c4 73686F72 		.ascii	"short int\000"
 1384      7420696E 
 1384      7400
 1385              	.LASF28:
 1386 01ce 746D7072 		.ascii	"tmpreg\000"
 1386      656700
 1387              	.LASF23:
 1388 01d5 57574447 		.ascii	"WWDG_ClearFlag\000"
 1388      5F436C65 
 1388      6172466C 
 1388      616700
 1389              	.LASF29:
 1390 01e4 57574447 		.ascii	"WWDG_DeInit\000"
 1390      5F446549 
 1390      6E697400 
 1391              	.LASF12:
 1392 01f0 75696E74 		.ascii	"uint32_t\000"
 1392      33325F74 
 1392      00
 1393              	.LASF4:
 1394 01f9 6C6F6E67 		.ascii	"long int\000"
 1394      20696E74 
 1394      00
 1395              	.LASF0:
 1396 0202 7369676E 		.ascii	"signed char\000"
 1396      65642063 
ARM GAS  C:\Users\skey\AppData\Local\Temp\cc1DqDBD.s 			page 31


 1396      68617200 
 1397              	.LASF30:
 1398 020e 474E5520 		.ascii	"GNU C17 9.2.1 20191025 (release) [ARM/arm-9-branch "
 1398      43313720 
 1398      392E322E 
 1398      31203230 
 1398      31393130 
 1399 0241 72657669 		.ascii	"revision 277599] -mcpu=cortex-m3 -mthumb -mfloat-ab"
 1399      73696F6E 
 1399      20323737 
 1399      3539395D 
 1399      202D6D63 
 1400 0274 693D736F 		.ascii	"i=soft -march=armv7-m -g -gdwarf-2 -Os -fomit-frame"
 1400      6674202D 
 1400      6D617263 
 1400      683D6172 
 1400      6D76372D 
 1401 02a7 2D706F69 		.ascii	"-pointer\000"
 1401      6E746572 
 1401      00
 1402              		.ident	"GCC: (GNU Tools for Arm Embedded Processors 9-2019-q4-major) 9.2.1 20191025 (release) [ARM
ARM GAS  C:\Users\skey\AppData\Local\Temp\cc1DqDBD.s 			page 32


DEFINED SYMBOLS
                            *ABS*:00000000 stm32f10x_wwdg.c
C:\Users\skey\AppData\Local\Temp\cc1DqDBD.s:76     .text:00000000 $t
C:\Users\skey\AppData\Local\Temp\cc1DqDBD.s:84     .text:00000000 WWDG_DeInit
C:\Users\skey\AppData\Local\Temp\cc1DqDBD.s:129    .text:0000001a WWDG_SetPrescaler
C:\Users\skey\AppData\Local\Temp\cc1DqDBD.s:163    .text:00000028 $d
C:\Users\skey\AppData\Local\Temp\cc1DqDBD.s:167    .text:0000002c $t
C:\Users\skey\AppData\Local\Temp\cc1DqDBD.s:174    .text:0000002c WWDG_SetWindowValue
C:\Users\skey\AppData\Local\Temp\cc1DqDBD.s:233    .text:00000050 $d
C:\Users\skey\AppData\Local\Temp\cc1DqDBD.s:237    .text:00000054 $t
C:\Users\skey\AppData\Local\Temp\cc1DqDBD.s:244    .text:00000054 WWDG_EnableIT
C:\Users\skey\AppData\Local\Temp\cc1DqDBD.s:263    .text:0000005c $d
C:\Users\skey\AppData\Local\Temp\cc1DqDBD.s:267    .text:00000060 $t
C:\Users\skey\AppData\Local\Temp\cc1DqDBD.s:274    .text:00000060 WWDG_SetCounter
C:\Users\skey\AppData\Local\Temp\cc1DqDBD.s:300    .text:0000006c $d
C:\Users\skey\AppData\Local\Temp\cc1DqDBD.s:304    .text:00000070 $t
C:\Users\skey\AppData\Local\Temp\cc1DqDBD.s:311    .text:00000070 WWDG_Enable
C:\Users\skey\AppData\Local\Temp\cc1DqDBD.s:337    .text:0000007c $d
C:\Users\skey\AppData\Local\Temp\cc1DqDBD.s:341    .text:00000080 $t
C:\Users\skey\AppData\Local\Temp\cc1DqDBD.s:348    .text:00000080 WWDG_GetFlagStatus
C:\Users\skey\AppData\Local\Temp\cc1DqDBD.s:367    .text:00000088 $d
C:\Users\skey\AppData\Local\Temp\cc1DqDBD.s:371    .text:0000008c $t
C:\Users\skey\AppData\Local\Temp\cc1DqDBD.s:378    .text:0000008c WWDG_ClearFlag
C:\Users\skey\AppData\Local\Temp\cc1DqDBD.s:397    .text:00000094 $d

UNDEFINED SYMBOLS
RCC_APB1PeriphResetCmd
