ARM GAS  C:\Users\skey\AppData\Local\Temp\ccY1hCOS.s 			page 1


   1              	# 1 ".\\stlib\\CMSIS\\CM3\\DeviceSupport\\ST\\STM32F10x\\startup\\gcc_ride7\\startup_stm32f10x_hd.s
   1              	/**
   0              	
   0              	
   0              	
   2              	  ******************************************************************************
   3              	  * @file      startup_stm32f10x_hd.s
   4              	  * @author    MCD Application Team
   5              	  * @version   V3.5.0
   6              	  * @date      11-March-2011
   7              	  * @brief     STM32F10x High Density Devices vector table for RIDE7 toolchain. 
   8              	  *            This module performs:
   9              	  *                - Set the initial SP
  10              	  *                - Set the initial PC == Reset_Handler,
  11              	  *                - Set the vector table entries with the exceptions ISR address
  12              	  *                - Configure the clock system and the external SRAM mounted on 
  13              	  *                  STM3210E-EVAL board to be used as data memory (optional, 
  14              	  *                  to be enabled by user)
  15              	  *                - Branches to main in the C library (which eventually
  16              	  *                  calls main()).
  17              	  *            After Reset the Cortex-M3 processor is in Thread mode,
  18              	  *            priority is Privileged, and the Stack is set to Main.
  19              	  ******************************************************************************
  20              	  * @attention
  21              	  *
  22              	  * THE PRESENT FIRMWARE WHICH IS FOR GUIDANCE ONLY AIMS AT PROVIDING CUSTOMERS
  23              	  * WITH CODING INFORMATION REGARDING THEIR PRODUCTS IN ORDER FOR THEM TO SAVE
  24              	  * TIME. AS A RESULT, STMICROELECTRONICS SHALL NOT BE HELD LIABLE FOR ANY
  25              	  * DIRECT, INDIRECT OR CONSEQUENTIAL DAMAGES WITH RESPECT TO ANY CLAIMS ARISING
  26              	  * FROM THE CONTENT OF SUCH FIRMWARE AND/OR THE USE MADE BY CUSTOMERS OF THE
  27              	  * CODING INFORMATION CONTAINED HEREIN IN CONNECTION WITH THEIR PRODUCTS.
  28              	  *
  29              	  * <h2><center>&copy; COPYRIGHT 2011 STMicroelectronics</center></h2>
  30              	  ******************************************************************************
  31              	  */
  32              	    
  33              	  .syntax unified
  34              	  .cpu cortex-m3
  35              	  .fpu softvfp
  36              	  .thumb
  37              	
  38              	.global  g_pfnVectors
  39              	.global  Default_Handler
  40              	
  41              	/* start address for the initialization values of the .data section. 
  42              	defined in linker script */
  43 0000 00000000 	.word  _sidata
  44              	/* start address for the .data section. defined in linker script */  
  45 0004 00000000 	.word  _sdata
  46              	/* end address for the .data section. defined in linker script */
  47 0008 00000000 	.word  _edata
  48              	/* start address for the .bss section. defined in linker script */
  49 000c 00000000 	.word  _sbss
  50              	/* end address for the .bss section. defined in linker script */
  51 0010 00000000 	.word  _ebss
  52              	/* stack used for SystemInit_ExtMemCtl; always internal RAM used */
  53              	
ARM GAS  C:\Users\skey\AppData\Local\Temp\ccY1hCOS.s 			page 2


  54              	.equ  BootRAM,        0xF1E0F85F
  55              	/**
  56              	 * @brief  This is the code that gets called when the processor first
  57              	 *          starts execution following a reset event. Only the absolutely
  58              	 *          necessary set is performed, after which the application
  59              	 *          supplied main() routine is called. 
  60              	 * @param  None
  61              	 * @retval : None
  62              	*/
  63              	
  64              	    .section  .text.Reset_Handler
  65              	  .weak  Reset_Handler
  66              	  .type  Reset_Handler, %function
  67              	Reset_Handler:  
  68              	
  69              	/* Copy the data segment initializers from flash to SRAM */  
  70 0000 0021     	  movs  r1, #0
  71 0002 03E0     	  b  LoopCopyDataInit
  72              	
  73              	CopyDataInit:
  74 0004 0A4B     	  ldr  r3, =_sidata
  75 0006 5B58     	  ldr  r3, [r3, r1]
  76 0008 4350     	  str  r3, [r0, r1]
  77 000a 0431     	  adds  r1, r1, #4
  78              	    
  79              	LoopCopyDataInit:
  80 000c 0948     	  ldr  r0, =_sdata
  81 000e 0A4B     	  ldr  r3, =_edata
  82 0010 4218     	  adds  r2, r0, r1
  83 0012 9A42     	  cmp  r2, r3
  84 0014 F6D3     	  bcc  CopyDataInit
  85 0016 094A     	  ldr  r2, =_sbss
  86 0018 02E0     	  b  LoopFillZerobss
  87              	/* Zero fill the bss segment. */  
  88              	FillZerobss:
  89 001a 0023     	  movs  r3, #0
  90 001c 42F8043B 	  str  r3, [r2], #4
  91              	    
  92              	LoopFillZerobss:
  93 0020 074B     	  ldr  r3, = _ebss
  94 0022 9A42     	  cmp  r2, r3
  95 0024 F9D3     	  bcc  FillZerobss
  96              	/* Call the clock system intitialization function.*/
  97 0026 FFF7FEFF 	  bl  SystemInit   
  98              	/* Call the application's entry point.*/
  99 002a FFF7FEFF 	  bl  main
 100 002e 7047     	  bx  lr    
 101              	.size  Reset_Handler, .-Reset_Handler
 102              	
 103              	/**
 104              	 * @brief  This is the code that gets called when the processor receives an 
 105              	 *         unexpected interrupt.  This simply enters an infinite loop, preserving
 106              	 *         the system state for examination by a debugger.
 107              	 * @param  None     
 108              	 * @retval None       
 109              	*/
 110              	    .section  .text.Default_Handler,"ax",%progbits
ARM GAS  C:\Users\skey\AppData\Local\Temp\ccY1hCOS.s 			page 3


 111              	Default_Handler:
 112              	Infinite_Loop:
 113 0000 FEE7     	  b  Infinite_Loop
 114              	  .size  Default_Handler, .-Default_Handler
 115              	/******************************************************************************
 116              	*
 117              	* The minimal vector table for a Cortex M3. Note that the proper constructs
 118              	* must be placed on this to ensure that it ends up at physical address
 119              	* 0x0000.0000.
 120              	* 
 121              	*******************************************************************************/
 122              	   .section  .isr_vector,"a",%progbits
 123              	  .type  g_pfnVectors, %object
 124              	  .size  g_pfnVectors, .-g_pfnVectors
 125              	    
 126              	    
 127              	g_pfnVectors:
 128 0000 00000000 	  .word  _estack
 129 0004 00000000 	  .word  Reset_Handler
 130 0008 00000000 	  .word  NMI_Handler
 131 000c 00000000 	  .word  HardFault_Handler
 132 0010 00000000 	  .word  MemManage_Handler
 133 0014 00000000 	  .word  BusFault_Handler
 134 0018 00000000 	  .word  UsageFault_Handler
 135 001c 00000000 	  .word  0
 136 0020 00000000 	  .word  0
 137 0024 00000000 	  .word  0
 138 0028 00000000 	  .word  0
 139 002c 00000000 	  .word  SVC_Handler
 140 0030 00000000 	  .word  DebugMon_Handler
 141 0034 00000000 	  .word  0
 142 0038 00000000 	  .word  PendSV_Handler
 143 003c 00000000 	  .word  SysTick_Handler
 144 0040 00000000 	  .word  WWDG_IRQHandler
 145 0044 00000000 	  .word  PVD_IRQHandler
 146 0048 00000000 	  .word  TAMPER_IRQHandler
 147 004c 00000000 	  .word  RTC_IRQHandler
 148 0050 00000000 	  .word  FLASH_IRQHandler
 149 0054 00000000 	  .word  RCC_IRQHandler
 150 0058 00000000 	  .word  EXTI0_IRQHandler
 151 005c 00000000 	  .word  EXTI1_IRQHandler
 152 0060 00000000 	  .word  EXTI2_IRQHandler
 153 0064 00000000 	  .word  EXTI3_IRQHandler
 154 0068 00000000 	  .word  EXTI4_IRQHandler
 155 006c 00000000 	  .word  DMA1_Channel1_IRQHandler
 156 0070 00000000 	  .word  DMA1_Channel2_IRQHandler
 157 0074 00000000 	  .word  DMA1_Channel3_IRQHandler
 158 0078 00000000 	  .word  DMA1_Channel4_IRQHandler
 159 007c 00000000 	  .word  DMA1_Channel5_IRQHandler
 160 0080 00000000 	  .word  DMA1_Channel6_IRQHandler
 161 0084 00000000 	  .word  DMA1_Channel7_IRQHandler
 162 0088 00000000 	  .word  ADC1_2_IRQHandler
 163 008c 00000000 	  .word  USB_HP_CAN1_TX_IRQHandler
 164 0090 00000000 	  .word  USB_LP_CAN1_RX0_IRQHandler
 165 0094 00000000 	  .word  CAN1_RX1_IRQHandler
 166 0098 00000000 	  .word  CAN1_SCE_IRQHandler
 167 009c 00000000 	  .word  EXTI9_5_IRQHandler
ARM GAS  C:\Users\skey\AppData\Local\Temp\ccY1hCOS.s 			page 4


 168 00a0 00000000 	  .word  TIM1_BRK_IRQHandler
 169 00a4 00000000 	  .word  TIM1_UP_IRQHandler
 170 00a8 00000000 	  .word  TIM1_TRG_COM_IRQHandler
 171 00ac 00000000 	  .word  TIM1_CC_IRQHandler
 172 00b0 00000000 	  .word  TIM2_IRQHandler
 173 00b4 00000000 	  .word  TIM3_IRQHandler
 174 00b8 00000000 	  .word  TIM4_IRQHandler
 175 00bc 00000000 	  .word  I2C1_EV_IRQHandler
 176 00c0 00000000 	  .word  I2C1_ER_IRQHandler
 177 00c4 00000000 	  .word  I2C2_EV_IRQHandler
 178 00c8 00000000 	  .word  I2C2_ER_IRQHandler
 179 00cc 00000000 	  .word  SPI1_IRQHandler
 180 00d0 00000000 	  .word  SPI2_IRQHandler
 181 00d4 00000000 	  .word  USART1_IRQHandler
 182 00d8 00000000 	  .word  USART2_IRQHandler
 183 00dc 00000000 	  .word  USART3_IRQHandler
 184 00e0 00000000 	  .word  EXTI15_10_IRQHandler
 185 00e4 00000000 	  .word  RTCAlarm_IRQHandler
 186 00e8 00000000 	  .word  USBWakeUp_IRQHandler
 187 00ec 00000000 	  .word  TIM8_BRK_IRQHandler
 188 00f0 00000000 	  .word  TIM8_UP_IRQHandler
 189 00f4 00000000 	  .word  TIM8_TRG_COM_IRQHandler
 190 00f8 00000000 	  .word  TIM8_CC_IRQHandler
 191 00fc 00000000 	  .word  ADC3_IRQHandler
 192 0100 00000000 	  .word  FSMC_IRQHandler
 193 0104 00000000 	  .word  SDIO_IRQHandler
 194 0108 00000000 	  .word  TIM5_IRQHandler
 195 010c 00000000 	  .word  SPI3_IRQHandler
 196 0110 00000000 	  .word  UART4_IRQHandler
 197 0114 00000000 	  .word  UART5_IRQHandler
 198 0118 00000000 	  .word  TIM6_IRQHandler
 199 011c 00000000 	  .word  TIM7_IRQHandler
 200 0120 00000000 	  .word  DMA2_Channel1_IRQHandler
 201 0124 00000000 	  .word  DMA2_Channel2_IRQHandler
 202 0128 00000000 	  .word  DMA2_Channel3_IRQHandler
 203 012c 00000000 	  .word  DMA2_Channel4_5_IRQHandler
 204 0130 00000000 	  .word  0
 205 0134 00000000 	  .word  0
 206 0138 00000000 	  .word  0
 207 013c 00000000 	  .word  0
 208 0140 00000000 	  .word  0
 209 0144 00000000 	  .word  0
 210 0148 00000000 	  .word  0
 211 014c 00000000 	  .word  0
 212 0150 00000000 	  .word  0
 213 0154 00000000 	  .word  0
 214 0158 00000000 	  .word  0
 215 015c 00000000 	  .word  0
 216 0160 00000000 	  .word  0
 217 0164 00000000 	  .word  0
 218 0168 00000000 	  .word  0
 219 016c 00000000 	  .word  0
 220 0170 00000000 	  .word  0
 221 0174 00000000 	  .word  0
 222 0178 00000000 	  .word  0
 223 017c 00000000 	  .word  0
 224 0180 00000000 	  .word  0
ARM GAS  C:\Users\skey\AppData\Local\Temp\ccY1hCOS.s 			page 5


 225 0184 00000000 	  .word  0
 226 0188 00000000 	  .word  0
 227 018c 00000000 	  .word  0
 228 0190 00000000 	  .word  0
 229 0194 00000000 	  .word  0
 230 0198 00000000 	  .word  0
 231 019c 00000000 	  .word  0
 232 01a0 00000000 	  .word  0
 233 01a4 00000000 	  .word  0
 234 01a8 00000000 	  .word  0
 235 01ac 00000000 	  .word  0
 236 01b0 00000000 	  .word  0
 237 01b4 00000000 	  .word  0
 238 01b8 00000000 	  .word  0
 239 01bc 00000000 	  .word  0
 240 01c0 00000000 	  .word  0
 241 01c4 00000000 	  .word  0
 242 01c8 00000000 	  .word  0
 243 01cc 00000000 	  .word  0
 244 01d0 00000000 	  .word  0
 245 01d4 00000000 	  .word  0
 246 01d8 00000000 	  .word  0
 247 01dc 00000000 	  .word  0
 248 01e0 5FF8E0F1 	  .word  BootRAM       /* @0x1E0. This is for boot in RAM mode for 
 249              	                         STM32F10x High Density devices. */
 250              	/*******************************************************************************
 251              	*
 252              	* Provide weak aliases for each Exception handler to the Default_Handler. 
 253              	* As they are weak aliases, any function with the same name will override 
 254              	* this definition.
 255              	* 
 256              	*******************************************************************************/
 257              	    
 258              	  .weak  NMI_Handler
 259              	  .thumb_set NMI_Handler,Default_Handler
 260              	  
 261              	  .weak  HardFault_Handler
 262              	  .thumb_set HardFault_Handler,Default_Handler
 263              	  
 264              	  .weak  MemManage_Handler
 265              	  .thumb_set MemManage_Handler,Default_Handler
 266              	  
 267              	  .weak  BusFault_Handler
 268              	  .thumb_set BusFault_Handler,Default_Handler
 269              	
 270              	  .weak  UsageFault_Handler
 271              	  .thumb_set UsageFault_Handler,Default_Handler
 272              	
 273              	  .weak  SVC_Handler
 274              	  .thumb_set SVC_Handler,Default_Handler
 275              	
 276              	  .weak  DebugMon_Handler
 277              	  .thumb_set DebugMon_Handler,Default_Handler
 278              	
 279              	  .weak  PendSV_Handler
 280              	  .thumb_set PendSV_Handler,Default_Handler
 281              	
ARM GAS  C:\Users\skey\AppData\Local\Temp\ccY1hCOS.s 			page 6


 282              	  .weak  SysTick_Handler
 283              	  .thumb_set SysTick_Handler,Default_Handler
 284              	
 285              	  .weak  WWDG_IRQHandler
 286              	  .thumb_set WWDG_IRQHandler,Default_Handler
 287              	
 288              	  .weak  PVD_IRQHandler
 289              	  .thumb_set PVD_IRQHandler,Default_Handler
 290              	
 291              	  .weak  TAMPER_IRQHandler
 292              	  .thumb_set TAMPER_IRQHandler,Default_Handler
 293              	
 294              	  .weak  RTC_IRQHandler
 295              	  .thumb_set RTC_IRQHandler,Default_Handler
 296              	
 297              	  .weak  FLASH_IRQHandler
 298              	  .thumb_set FLASH_IRQHandler,Default_Handler
 299              	
 300              	  .weak  RCC_IRQHandler
 301              	  .thumb_set RCC_IRQHandler,Default_Handler
 302              	
 303              	  .weak  EXTI0_IRQHandler
 304              	  .thumb_set EXTI0_IRQHandler,Default_Handler
 305              	
 306              	  .weak  EXTI1_IRQHandler
 307              	  .thumb_set EXTI1_IRQHandler,Default_Handler
 308              	
 309              	  .weak  EXTI2_IRQHandler
 310              	  .thumb_set EXTI2_IRQHandler,Default_Handler
 311              	
 312              	  .weak  EXTI3_IRQHandler
 313              	  .thumb_set EXTI3_IRQHandler,Default_Handler
 314              	
 315              	  .weak  EXTI4_IRQHandler
 316              	  .thumb_set EXTI4_IRQHandler,Default_Handler
 317              	
 318              	  .weak  DMA1_Channel1_IRQHandler
 319              	  .thumb_set DMA1_Channel1_IRQHandler,Default_Handler
 320              	
 321              	  .weak  DMA1_Channel2_IRQHandler
 322              	  .thumb_set DMA1_Channel2_IRQHandler,Default_Handler
 323              	
 324              	  .weak  DMA1_Channel3_IRQHandler
 325              	  .thumb_set DMA1_Channel3_IRQHandler,Default_Handler
 326              	
 327              	  .weak  DMA1_Channel4_IRQHandler
 328              	  .thumb_set DMA1_Channel4_IRQHandler,Default_Handler
 329              	
 330              	  .weak  DMA1_Channel5_IRQHandler
 331              	  .thumb_set DMA1_Channel5_IRQHandler,Default_Handler
 332              	
 333              	  .weak  DMA1_Channel6_IRQHandler
 334              	  .thumb_set DMA1_Channel6_IRQHandler,Default_Handler
 335              	
 336              	  .weak  DMA1_Channel7_IRQHandler
 337              	  .thumb_set DMA1_Channel7_IRQHandler,Default_Handler
 338              	
ARM GAS  C:\Users\skey\AppData\Local\Temp\ccY1hCOS.s 			page 7


 339              	  .weak  ADC1_2_IRQHandler
 340              	  .thumb_set ADC1_2_IRQHandler,Default_Handler
 341              	
 342              	  .weak  USB_HP_CAN1_TX_IRQHandler
 343              	  .thumb_set USB_HP_CAN1_TX_IRQHandler,Default_Handler
 344              	
 345              	  .weak  USB_LP_CAN1_RX0_IRQHandler
 346              	  .thumb_set USB_LP_CAN1_RX0_IRQHandler,Default_Handler
 347              	
 348              	  .weak  CAN1_RX1_IRQHandler
 349              	  .thumb_set CAN1_RX1_IRQHandler,Default_Handler
 350              	
 351              	  .weak  CAN1_SCE_IRQHandler
 352              	  .thumb_set CAN1_SCE_IRQHandler,Default_Handler
 353              	
 354              	  .weak  EXTI9_5_IRQHandler
 355              	  .thumb_set EXTI9_5_IRQHandler,Default_Handler
 356              	
 357              	  .weak  TIM1_BRK_IRQHandler
 358              	  .thumb_set TIM1_BRK_IRQHandler,Default_Handler
 359              	
 360              	  .weak  TIM1_UP_IRQHandler
 361              	  .thumb_set TIM1_UP_IRQHandler,Default_Handler
 362              	
 363              	  .weak  TIM1_TRG_COM_IRQHandler
 364              	  .thumb_set TIM1_TRG_COM_IRQHandler,Default_Handler
 365              	
 366              	  .weak  TIM1_CC_IRQHandler
 367              	  .thumb_set TIM1_CC_IRQHandler,Default_Handler
 368              	
 369              	  .weak  TIM2_IRQHandler
 370              	  .thumb_set TIM2_IRQHandler,Default_Handler
 371              	
 372              	  .weak  TIM3_IRQHandler
 373              	  .thumb_set TIM3_IRQHandler,Default_Handler
 374              	
 375              	  .weak  TIM4_IRQHandler
 376              	  .thumb_set TIM4_IRQHandler,Default_Handler
 377              	
 378              	  .weak  I2C1_EV_IRQHandler
 379              	  .thumb_set I2C1_EV_IRQHandler,Default_Handler
 380              	
 381              	  .weak  I2C1_ER_IRQHandler
 382              	  .thumb_set I2C1_ER_IRQHandler,Default_Handler
 383              	
 384              	  .weak  I2C2_EV_IRQHandler
 385              	  .thumb_set I2C2_EV_IRQHandler,Default_Handler
 386              	
 387              	  .weak  I2C2_ER_IRQHandler
 388              	  .thumb_set I2C2_ER_IRQHandler,Default_Handler
 389              	
 390              	  .weak  SPI1_IRQHandler
 391              	  .thumb_set SPI1_IRQHandler,Default_Handler
 392              	
 393              	  .weak  SPI2_IRQHandler
 394              	  .thumb_set SPI2_IRQHandler,Default_Handler
 395              	
ARM GAS  C:\Users\skey\AppData\Local\Temp\ccY1hCOS.s 			page 8


 396              	  .weak  USART1_IRQHandler
 397              	  .thumb_set USART1_IRQHandler,Default_Handler
 398              	
 399              	  .weak  USART2_IRQHandler
 400              	  .thumb_set USART2_IRQHandler,Default_Handler
 401              	
 402              	  .weak  USART3_IRQHandler
 403              	  .thumb_set USART3_IRQHandler,Default_Handler
 404              	
 405              	  .weak  EXTI15_10_IRQHandler
 406              	  .thumb_set EXTI15_10_IRQHandler,Default_Handler
 407              	
 408              	  .weak  RTCAlarm_IRQHandler
 409              	  .thumb_set RTCAlarm_IRQHandler,Default_Handler
 410              	
 411              	  .weak  USBWakeUp_IRQHandler
 412              	  .thumb_set USBWakeUp_IRQHandler,Default_Handler
 413              	
 414              	  .weak  TIM8_BRK_IRQHandler
 415              	  .thumb_set TIM8_BRK_IRQHandler,Default_Handler
 416              	
 417              	  .weak  TIM8_UP_IRQHandler
 418              	  .thumb_set TIM8_UP_IRQHandler,Default_Handler
 419              	
 420              	  .weak  TIM8_TRG_COM_IRQHandler
 421              	  .thumb_set TIM8_TRG_COM_IRQHandler,Default_Handler
 422              	
 423              	  .weak  TIM8_CC_IRQHandler
 424              	  .thumb_set TIM8_CC_IRQHandler,Default_Handler
 425              	
 426              	  .weak  ADC3_IRQHandler
 427              	  .thumb_set ADC3_IRQHandler,Default_Handler
 428              	
 429              	  .weak  FSMC_IRQHandler
 430              	  .thumb_set FSMC_IRQHandler,Default_Handler
 431              	
 432              	  .weak  SDIO_IRQHandler
 433              	  .thumb_set SDIO_IRQHandler,Default_Handler
 434              	
 435              	  .weak  TIM5_IRQHandler
 436              	  .thumb_set TIM5_IRQHandler,Default_Handler
 437              	
 438              	  .weak  SPI3_IRQHandler
 439              	  .thumb_set SPI3_IRQHandler,Default_Handler
 440              	
 441              	  .weak  UART4_IRQHandler
 442              	  .thumb_set UART4_IRQHandler,Default_Handler
 443              	
 444              	  .weak  UART5_IRQHandler
 445              	  .thumb_set UART5_IRQHandler,Default_Handler
 446              	
 447              	  .weak  TIM6_IRQHandler
 448              	  .thumb_set TIM6_IRQHandler,Default_Handler
 449              	
 450              	  .weak  TIM7_IRQHandler
 451              	  .thumb_set TIM7_IRQHandler,Default_Handler
 452              	
ARM GAS  C:\Users\skey\AppData\Local\Temp\ccY1hCOS.s 			page 9


 453              	  .weak  DMA2_Channel1_IRQHandler
 454              	  .thumb_set DMA2_Channel1_IRQHandler,Default_Handler
 455              	
 456              	  .weak  DMA2_Channel2_IRQHandler
 457              	  .thumb_set DMA2_Channel2_IRQHandler,Default_Handler
 458              	
 459              	  .weak  DMA2_Channel3_IRQHandler
 460              	  .thumb_set DMA2_Channel3_IRQHandler,Default_Handler
 461              	
 462              	  .weak  DMA2_Channel4_5_IRQHandler
 463              	  .thumb_set DMA2_Channel4_5_IRQHandler,Default_Handler
ARM GAS  C:\Users\skey\AppData\Local\Temp\ccY1hCOS.s 			page 10


DEFINED SYMBOLS
.\stlib\CMSIS\CM3\DeviceSupport\ST\STM32F10x\startup\gcc_ride7\startup_stm32f10x_hd.s:127    .isr_vector:00000000 g_pfnVectors
.\stlib\CMSIS\CM3\DeviceSupport\ST\STM32F10x\startup\gcc_ride7\startup_stm32f10x_hd.s:111    .text.Default_Handler:00000000 Default_Handler
.\stlib\CMSIS\CM3\DeviceSupport\ST\STM32F10x\startup\gcc_ride7\startup_stm32f10x_hd.s:54     *ABS*:f1e0f85f BootRAM
.\stlib\CMSIS\CM3\DeviceSupport\ST\STM32F10x\startup\gcc_ride7\startup_stm32f10x_hd.s:67     .text.Reset_Handler:00000000 Reset_Handler
.\stlib\CMSIS\CM3\DeviceSupport\ST\STM32F10x\startup\gcc_ride7\startup_stm32f10x_hd.s:70     .text.Reset_Handler:00000000 $t
.\stlib\CMSIS\CM3\DeviceSupport\ST\STM32F10x\startup\gcc_ride7\startup_stm32f10x_hd.s:79     .text.Reset_Handler:0000000c LoopCopyDataInit
.\stlib\CMSIS\CM3\DeviceSupport\ST\STM32F10x\startup\gcc_ride7\startup_stm32f10x_hd.s:73     .text.Reset_Handler:00000004 CopyDataInit
.\stlib\CMSIS\CM3\DeviceSupport\ST\STM32F10x\startup\gcc_ride7\startup_stm32f10x_hd.s:92     .text.Reset_Handler:00000020 LoopFillZerobss
.\stlib\CMSIS\CM3\DeviceSupport\ST\STM32F10x\startup\gcc_ride7\startup_stm32f10x_hd.s:88     .text.Reset_Handler:0000001a FillZerobss
.\stlib\CMSIS\CM3\DeviceSupport\ST\STM32F10x\startup\gcc_ride7\startup_stm32f10x_hd.s:112    .text.Default_Handler:00000000 Infinite_Loop
.\stlib\CMSIS\CM3\DeviceSupport\ST\STM32F10x\startup\gcc_ride7\startup_stm32f10x_hd.s:113    .text.Default_Handler:00000000 $t
.\stlib\CMSIS\CM3\DeviceSupport\ST\STM32F10x\startup\gcc_ride7\startup_stm32f10x_hd.s:111    .text.Default_Handler:00000000 NMI_Handler
.\stlib\CMSIS\CM3\DeviceSupport\ST\STM32F10x\startup\gcc_ride7\startup_stm32f10x_hd.s:111    .text.Default_Handler:00000000 HardFault_Handler
.\stlib\CMSIS\CM3\DeviceSupport\ST\STM32F10x\startup\gcc_ride7\startup_stm32f10x_hd.s:111    .text.Default_Handler:00000000 MemManage_Handler
.\stlib\CMSIS\CM3\DeviceSupport\ST\STM32F10x\startup\gcc_ride7\startup_stm32f10x_hd.s:111    .text.Default_Handler:00000000 BusFault_Handler
.\stlib\CMSIS\CM3\DeviceSupport\ST\STM32F10x\startup\gcc_ride7\startup_stm32f10x_hd.s:111    .text.Default_Handler:00000000 UsageFault_Handler
.\stlib\CMSIS\CM3\DeviceSupport\ST\STM32F10x\startup\gcc_ride7\startup_stm32f10x_hd.s:111    .text.Default_Handler:00000000 SVC_Handler
.\stlib\CMSIS\CM3\DeviceSupport\ST\STM32F10x\startup\gcc_ride7\startup_stm32f10x_hd.s:111    .text.Default_Handler:00000000 DebugMon_Handler
.\stlib\CMSIS\CM3\DeviceSupport\ST\STM32F10x\startup\gcc_ride7\startup_stm32f10x_hd.s:111    .text.Default_Handler:00000000 PendSV_Handler
.\stlib\CMSIS\CM3\DeviceSupport\ST\STM32F10x\startup\gcc_ride7\startup_stm32f10x_hd.s:111    .text.Default_Handler:00000000 SysTick_Handler
.\stlib\CMSIS\CM3\DeviceSupport\ST\STM32F10x\startup\gcc_ride7\startup_stm32f10x_hd.s:111    .text.Default_Handler:00000000 WWDG_IRQHandler
.\stlib\CMSIS\CM3\DeviceSupport\ST\STM32F10x\startup\gcc_ride7\startup_stm32f10x_hd.s:111    .text.Default_Handler:00000000 PVD_IRQHandler
.\stlib\CMSIS\CM3\DeviceSupport\ST\STM32F10x\startup\gcc_ride7\startup_stm32f10x_hd.s:111    .text.Default_Handler:00000000 TAMPER_IRQHandler
.\stlib\CMSIS\CM3\DeviceSupport\ST\STM32F10x\startup\gcc_ride7\startup_stm32f10x_hd.s:111    .text.Default_Handler:00000000 RTC_IRQHandler
.\stlib\CMSIS\CM3\DeviceSupport\ST\STM32F10x\startup\gcc_ride7\startup_stm32f10x_hd.s:111    .text.Default_Handler:00000000 FLASH_IRQHandler
.\stlib\CMSIS\CM3\DeviceSupport\ST\STM32F10x\startup\gcc_ride7\startup_stm32f10x_hd.s:111    .text.Default_Handler:00000000 RCC_IRQHandler
.\stlib\CMSIS\CM3\DeviceSupport\ST\STM32F10x\startup\gcc_ride7\startup_stm32f10x_hd.s:111    .text.Default_Handler:00000000 EXTI0_IRQHandler
.\stlib\CMSIS\CM3\DeviceSupport\ST\STM32F10x\startup\gcc_ride7\startup_stm32f10x_hd.s:111    .text.Default_Handler:00000000 EXTI1_IRQHandler
.\stlib\CMSIS\CM3\DeviceSupport\ST\STM32F10x\startup\gcc_ride7\startup_stm32f10x_hd.s:111    .text.Default_Handler:00000000 EXTI2_IRQHandler
.\stlib\CMSIS\CM3\DeviceSupport\ST\STM32F10x\startup\gcc_ride7\startup_stm32f10x_hd.s:111    .text.Default_Handler:00000000 EXTI3_IRQHandler
.\stlib\CMSIS\CM3\DeviceSupport\ST\STM32F10x\startup\gcc_ride7\startup_stm32f10x_hd.s:111    .text.Default_Handler:00000000 EXTI4_IRQHandler
.\stlib\CMSIS\CM3\DeviceSupport\ST\STM32F10x\startup\gcc_ride7\startup_stm32f10x_hd.s:111    .text.Default_Handler:00000000 DMA1_Channel1_IRQHandler
.\stlib\CMSIS\CM3\DeviceSupport\ST\STM32F10x\startup\gcc_ride7\startup_stm32f10x_hd.s:111    .text.Default_Handler:00000000 DMA1_Channel2_IRQHandler
.\stlib\CMSIS\CM3\DeviceSupport\ST\STM32F10x\startup\gcc_ride7\startup_stm32f10x_hd.s:111    .text.Default_Handler:00000000 DMA1_Channel3_IRQHandler
.\stlib\CMSIS\CM3\DeviceSupport\ST\STM32F10x\startup\gcc_ride7\startup_stm32f10x_hd.s:111    .text.Default_Handler:00000000 DMA1_Channel4_IRQHandler
.\stlib\CMSIS\CM3\DeviceSupport\ST\STM32F10x\startup\gcc_ride7\startup_stm32f10x_hd.s:111    .text.Default_Handler:00000000 DMA1_Channel5_IRQHandler
.\stlib\CMSIS\CM3\DeviceSupport\ST\STM32F10x\startup\gcc_ride7\startup_stm32f10x_hd.s:111    .text.Default_Handler:00000000 DMA1_Channel6_IRQHandler
.\stlib\CMSIS\CM3\DeviceSupport\ST\STM32F10x\startup\gcc_ride7\startup_stm32f10x_hd.s:111    .text.Default_Handler:00000000 DMA1_Channel7_IRQHandler
.\stlib\CMSIS\CM3\DeviceSupport\ST\STM32F10x\startup\gcc_ride7\startup_stm32f10x_hd.s:111    .text.Default_Handler:00000000 ADC1_2_IRQHandler
.\stlib\CMSIS\CM3\DeviceSupport\ST\STM32F10x\startup\gcc_ride7\startup_stm32f10x_hd.s:111    .text.Default_Handler:00000000 USB_HP_CAN1_TX_IRQHandler
.\stlib\CMSIS\CM3\DeviceSupport\ST\STM32F10x\startup\gcc_ride7\startup_stm32f10x_hd.s:111    .text.Default_Handler:00000000 USB_LP_CAN1_RX0_IRQHandler
.\stlib\CMSIS\CM3\DeviceSupport\ST\STM32F10x\startup\gcc_ride7\startup_stm32f10x_hd.s:111    .text.Default_Handler:00000000 CAN1_RX1_IRQHandler
.\stlib\CMSIS\CM3\DeviceSupport\ST\STM32F10x\startup\gcc_ride7\startup_stm32f10x_hd.s:111    .text.Default_Handler:00000000 CAN1_SCE_IRQHandler
.\stlib\CMSIS\CM3\DeviceSupport\ST\STM32F10x\startup\gcc_ride7\startup_stm32f10x_hd.s:111    .text.Default_Handler:00000000 EXTI9_5_IRQHandler
.\stlib\CMSIS\CM3\DeviceSupport\ST\STM32F10x\startup\gcc_ride7\startup_stm32f10x_hd.s:111    .text.Default_Handler:00000000 TIM1_BRK_IRQHandler
.\stlib\CMSIS\CM3\DeviceSupport\ST\STM32F10x\startup\gcc_ride7\startup_stm32f10x_hd.s:111    .text.Default_Handler:00000000 TIM1_UP_IRQHandler
.\stlib\CMSIS\CM3\DeviceSupport\ST\STM32F10x\startup\gcc_ride7\startup_stm32f10x_hd.s:111    .text.Default_Handler:00000000 TIM1_TRG_COM_IRQHandler
.\stlib\CMSIS\CM3\DeviceSupport\ST\STM32F10x\startup\gcc_ride7\startup_stm32f10x_hd.s:111    .text.Default_Handler:00000000 TIM1_CC_IRQHandler
.\stlib\CMSIS\CM3\DeviceSupport\ST\STM32F10x\startup\gcc_ride7\startup_stm32f10x_hd.s:111    .text.Default_Handler:00000000 TIM2_IRQHandler
.\stlib\CMSIS\CM3\DeviceSupport\ST\STM32F10x\startup\gcc_ride7\startup_stm32f10x_hd.s:111    .text.Default_Handler:00000000 TIM3_IRQHandler
.\stlib\CMSIS\CM3\DeviceSupport\ST\STM32F10x\startup\gcc_ride7\startup_stm32f10x_hd.s:111    .text.Default_Handler:00000000 TIM4_IRQHandler
.\stlib\CMSIS\CM3\DeviceSupport\ST\STM32F10x\startup\gcc_ride7\startup_stm32f10x_hd.s:111    .text.Default_Handler:00000000 I2C1_EV_IRQHandler
.\stlib\CMSIS\CM3\DeviceSupport\ST\STM32F10x\startup\gcc_ride7\startup_stm32f10x_hd.s:111    .text.Default_Handler:00000000 I2C1_ER_IRQHandler
.\stlib\CMSIS\CM3\DeviceSupport\ST\STM32F10x\startup\gcc_ride7\startup_stm32f10x_hd.s:111    .text.Default_Handler:00000000 I2C2_EV_IRQHandler
.\stlib\CMSIS\CM3\DeviceSupport\ST\STM32F10x\startup\gcc_ride7\startup_stm32f10x_hd.s:111    .text.Default_Handler:00000000 I2C2_ER_IRQHandler
.\stlib\CMSIS\CM3\DeviceSupport\ST\STM32F10x\startup\gcc_ride7\startup_stm32f10x_hd.s:111    .text.Default_Handler:00000000 SPI1_IRQHandler
ARM GAS  C:\Users\skey\AppData\Local\Temp\ccY1hCOS.s 			page 11


.\stlib\CMSIS\CM3\DeviceSupport\ST\STM32F10x\startup\gcc_ride7\startup_stm32f10x_hd.s:111    .text.Default_Handler:00000000 SPI2_IRQHandler
.\stlib\CMSIS\CM3\DeviceSupport\ST\STM32F10x\startup\gcc_ride7\startup_stm32f10x_hd.s:111    .text.Default_Handler:00000000 USART1_IRQHandler
.\stlib\CMSIS\CM3\DeviceSupport\ST\STM32F10x\startup\gcc_ride7\startup_stm32f10x_hd.s:111    .text.Default_Handler:00000000 USART2_IRQHandler
.\stlib\CMSIS\CM3\DeviceSupport\ST\STM32F10x\startup\gcc_ride7\startup_stm32f10x_hd.s:111    .text.Default_Handler:00000000 USART3_IRQHandler
.\stlib\CMSIS\CM3\DeviceSupport\ST\STM32F10x\startup\gcc_ride7\startup_stm32f10x_hd.s:111    .text.Default_Handler:00000000 EXTI15_10_IRQHandler
.\stlib\CMSIS\CM3\DeviceSupport\ST\STM32F10x\startup\gcc_ride7\startup_stm32f10x_hd.s:111    .text.Default_Handler:00000000 RTCAlarm_IRQHandler
.\stlib\CMSIS\CM3\DeviceSupport\ST\STM32F10x\startup\gcc_ride7\startup_stm32f10x_hd.s:111    .text.Default_Handler:00000000 USBWakeUp_IRQHandler
.\stlib\CMSIS\CM3\DeviceSupport\ST\STM32F10x\startup\gcc_ride7\startup_stm32f10x_hd.s:111    .text.Default_Handler:00000000 TIM8_BRK_IRQHandler
.\stlib\CMSIS\CM3\DeviceSupport\ST\STM32F10x\startup\gcc_ride7\startup_stm32f10x_hd.s:111    .text.Default_Handler:00000000 TIM8_UP_IRQHandler
.\stlib\CMSIS\CM3\DeviceSupport\ST\STM32F10x\startup\gcc_ride7\startup_stm32f10x_hd.s:111    .text.Default_Handler:00000000 TIM8_TRG_COM_IRQHandler
.\stlib\CMSIS\CM3\DeviceSupport\ST\STM32F10x\startup\gcc_ride7\startup_stm32f10x_hd.s:111    .text.Default_Handler:00000000 TIM8_CC_IRQHandler
.\stlib\CMSIS\CM3\DeviceSupport\ST\STM32F10x\startup\gcc_ride7\startup_stm32f10x_hd.s:111    .text.Default_Handler:00000000 ADC3_IRQHandler
.\stlib\CMSIS\CM3\DeviceSupport\ST\STM32F10x\startup\gcc_ride7\startup_stm32f10x_hd.s:111    .text.Default_Handler:00000000 FSMC_IRQHandler
.\stlib\CMSIS\CM3\DeviceSupport\ST\STM32F10x\startup\gcc_ride7\startup_stm32f10x_hd.s:111    .text.Default_Handler:00000000 SDIO_IRQHandler
.\stlib\CMSIS\CM3\DeviceSupport\ST\STM32F10x\startup\gcc_ride7\startup_stm32f10x_hd.s:111    .text.Default_Handler:00000000 TIM5_IRQHandler
.\stlib\CMSIS\CM3\DeviceSupport\ST\STM32F10x\startup\gcc_ride7\startup_stm32f10x_hd.s:111    .text.Default_Handler:00000000 SPI3_IRQHandler
.\stlib\CMSIS\CM3\DeviceSupport\ST\STM32F10x\startup\gcc_ride7\startup_stm32f10x_hd.s:111    .text.Default_Handler:00000000 UART4_IRQHandler
.\stlib\CMSIS\CM3\DeviceSupport\ST\STM32F10x\startup\gcc_ride7\startup_stm32f10x_hd.s:111    .text.Default_Handler:00000000 UART5_IRQHandler
.\stlib\CMSIS\CM3\DeviceSupport\ST\STM32F10x\startup\gcc_ride7\startup_stm32f10x_hd.s:111    .text.Default_Handler:00000000 TIM6_IRQHandler
.\stlib\CMSIS\CM3\DeviceSupport\ST\STM32F10x\startup\gcc_ride7\startup_stm32f10x_hd.s:111    .text.Default_Handler:00000000 TIM7_IRQHandler
.\stlib\CMSIS\CM3\DeviceSupport\ST\STM32F10x\startup\gcc_ride7\startup_stm32f10x_hd.s:111    .text.Default_Handler:00000000 DMA2_Channel1_IRQHandler
.\stlib\CMSIS\CM3\DeviceSupport\ST\STM32F10x\startup\gcc_ride7\startup_stm32f10x_hd.s:111    .text.Default_Handler:00000000 DMA2_Channel2_IRQHandler
.\stlib\CMSIS\CM3\DeviceSupport\ST\STM32F10x\startup\gcc_ride7\startup_stm32f10x_hd.s:111    .text.Default_Handler:00000000 DMA2_Channel3_IRQHandler
.\stlib\CMSIS\CM3\DeviceSupport\ST\STM32F10x\startup\gcc_ride7\startup_stm32f10x_hd.s:111    .text.Default_Handler:00000000 DMA2_Channel4_5_IRQHandler
.\stlib\CMSIS\CM3\DeviceSupport\ST\STM32F10x\startup\gcc_ride7\startup_stm32f10x_hd.s:463    .text.Reset_Handler:00000030 $d
                            .text:00000000 $d

UNDEFINED SYMBOLS
_sidata
_sdata
_edata
_sbss
_ebss
SystemInit
main
_estack
