ARM GAS  C:\Users\skey\AppData\Local\Temp\cctFleaB.s 			page 1


   1              		.cpu cortex-m3
   2              		.eabi_attribute 20, 1	@ Tag_ABI_FP_denormal
   3              		.eabi_attribute 21, 1	@ Tag_ABI_FP_exceptions
   4              		.eabi_attribute 23, 3	@ Tag_ABI_FP_number_model
   5              		.eabi_attribute 24, 1	@ Tag_ABI_align8_needed
   6              		.eabi_attribute 25, 1	@ Tag_ABI_align8_preserved
   7              		.eabi_attribute 26, 1	@ Tag_ABI_enum_size
   8              		.eabi_attribute 30, 4	@ Tag_ABI_optimization_goals
   9              		.eabi_attribute 34, 1	@ Tag_CPU_unaligned_access
  10              		.eabi_attribute 18, 4	@ Tag_ABI_PCS_wchar_t
  11              		.file	"main.c"
  12              	@ GNU C17 (GNU Tools for Arm Embedded Processors 9-2019-q4-major) version 9.2.1 20191025 (release) 
  13              	@	compiled by GNU C version 5.3.1 20160211, GMP version 6.1.0, MPFR version 3.1.4, MPC version 1.0.
  14              	
  15              	@ GGC heuristics: --param ggc-min-expand=100 --param ggc-min-heapsize=131072
  16              	@ options passed:  -I . -I .\usr_inc -I .\task_inc
  17              	@ -I .\stlib\CMSIS\CM3\CoreSupport
  18              	@ -I .\stlib\CMSIS\CM3\DeviceSupport\ST\STM32F10x
  19              	@ -I .\stlib\STM32F10x_StdPeriph_Driver\inc
  20              	@ -I .\stlib\STM32F10x_StdPeriph_Driver -I .\freertos\include
  21              	@ -I .\freertos\portable\GCC\ARM_CM3 -imultilib thumb/v7-m/nofp
  22              	@ -iprefix c:\program files (x86)\gnu tools arm embedded\9 2019-q4-major\bin\../lib/gcc/arm-none-ea
  23              	@ -isysroot c:\program files (x86)\gnu tools arm embedded\9 2019-q4-major\bin\../arm-none-eabi
  24              	@ -D__USES_INITFINI__ -D STM32F10X_HD -D USE_STDPERIPH_DRIVER
  25              	@ -D HSE_VALUE=8000000 -D RUN_FROM_FLASH=1 .\usr_src\main.c -mcpu=cortex-m3
  26              	@ -mthumb -mfloat-abi=soft -march=armv7-m -auxbase-strip .\usr_src\main.o
  27              	@ -g -gdwarf-2 -Os -Wall -fomit-frame-pointer -fverbose-asm
  28              	@ options enabled:  -faggressive-loop-optimizations -fassume-phsa
  29              	@ -fauto-inc-dec -fbranch-count-reg -fcaller-saves -fcode-hoisting
  30              	@ -fcombine-stack-adjustments -fcommon -fcompare-elim -fcprop-registers
  31              	@ -fcrossjumping -fcse-follow-jumps -fdefer-pop
  32              	@ -fdelete-null-pointer-checks -fdevirtualize -fdevirtualize-speculatively
  33              	@ -fdwarf2-cfi-asm -fearly-inlining -feliminate-unused-debug-types
  34              	@ -fexpensive-optimizations -fforward-propagate -ffp-int-builtin-inexact
  35              	@ -ffunction-cse -fgcse -fgcse-lm -fgnu-runtime -fgnu-unique
  36              	@ -fguess-branch-probability -fhoist-adjacent-loads -fident -fif-conversion
  37              	@ -fif-conversion2 -findirect-inlining -finline -finline-atomics
  38              	@ -finline-functions -finline-functions-called-once
  39              	@ -finline-small-functions -fipa-bit-cp -fipa-cp -fipa-icf
  40              	@ -fipa-icf-functions -fipa-icf-variables -fipa-profile -fipa-pure-const
  41              	@ -fipa-ra -fipa-reference -fipa-reference-addressable -fipa-sra
  42              	@ -fipa-stack-alignment -fipa-vrp -fira-hoist-pressure
  43              	@ -fira-share-save-slots -fira-share-spill-slots
  44              	@ -fisolate-erroneous-paths-dereference -fivopts -fkeep-static-consts
  45              	@ -fleading-underscore -flifetime-dse -flra-remat -flto-odr-type-merging
  46              	@ -fmath-errno -fmerge-constants -fmerge-debug-strings
  47              	@ -fmove-loop-invariants -fomit-frame-pointer -foptimize-sibling-calls
  48              	@ -fpartial-inlining -fpeephole -fpeephole2 -fplt -fprefetch-loop-arrays
  49              	@ -freg-struct-return -freorder-blocks -freorder-functions
  50              	@ -frerun-cse-after-loop -fsched-critical-path-heuristic
  51              	@ -fsched-dep-count-heuristic -fsched-group-heuristic -fsched-interblock
  52              	@ -fsched-last-insn-heuristic -fsched-pressure -fsched-rank-heuristic
  53              	@ -fsched-spec -fsched-spec-insn-heuristic -fsched-stalled-insns-dep
  54              	@ -fschedule-insns2 -fsection-anchors -fsemantic-interposition
  55              	@ -fshow-column -fshrink-wrap-separate -fsigned-zeros
  56              	@ -fsplit-ivs-in-unroller -fsplit-wide-types -fssa-backprop -fssa-phiopt
  57              	@ -fstdarg-opt -fstore-merging -fstrict-aliasing
ARM GAS  C:\Users\skey\AppData\Local\Temp\cctFleaB.s 			page 2


  58              	@ -fstrict-volatile-bitfields -fsync-libcalls -fthread-jumps
  59              	@ -ftoplevel-reorder -ftrapping-math -ftree-bit-ccp -ftree-builtin-call-dce
  60              	@ -ftree-ccp -ftree-ch -ftree-coalesce-vars -ftree-copy-prop -ftree-cselim
  61              	@ -ftree-dce -ftree-dominator-opts -ftree-dse -ftree-forwprop -ftree-fre
  62              	@ -ftree-loop-if-convert -ftree-loop-im -ftree-loop-ivcanon
  63              	@ -ftree-loop-optimize -ftree-parallelize-loops= -ftree-phiprop -ftree-pre
  64              	@ -ftree-pta -ftree-reassoc -ftree-scev-cprop -ftree-sink -ftree-slsr
  65              	@ -ftree-sra -ftree-switch-conversion -ftree-tail-merge -ftree-ter
  66              	@ -ftree-vrp -funit-at-a-time -fvar-tracking -fvar-tracking-assignments
  67              	@ -fverbose-asm -fzero-initialized-in-bss -masm-syntax-unified -mbe32
  68              	@ -mfix-cortex-m3-ldrd -mlittle-endian -mpic-data-is-text-relative
  69              	@ -msched-prolog -mthumb -munaligned-access -mvectorize-with-neon-quad
  70              	
  71              		.text
  72              	.Ltext0:
  73              		.cfi_sections	.debug_frame
  74              		.section	.text.startup,"ax",%progbits
  75              		.align	1
  76              		.global	main
  77              		.arch armv7-m
  78              		.syntax unified
  79              		.thumb
  80              		.thumb_func
  81              		.fpu softvfp
  82              		.type	main, %function
  83              	main:
  84              	.LFB34:
  85              		.file 1 ".\\usr_src\\main.c"
   1:.\usr_src/main.c **** /*
   2:.\usr_src/main.c **** Freertos 10.2.0 ÈîüÊñ§Êã∑Ê§çÈîüËä•Êú¨.
   3:.\usr_src/main.c **** Ê≥®ÈîüÊñ§Êã∑ÈîüÊñ§Êã∑ÈîüÊñ§Êã∑ÈîüÊñ§Êã∑ÈîüÊñ§Êã∑ËóøÈîüÊñ§Êã∑ÈîüÊñ§Êã∑ÈîüÊñ§Êã∑ÈîüÊñ§Êã∑‰∫©ÈîüÁµßroj
   4:.\usr_src/main.c **** */
   5:.\usr_src/main.c **** 
   6:.\usr_src/main.c **** 
   7:.\usr_src/main.c **** #include "FreeRTOS.h"
   8:.\usr_src/main.c **** #include "task.h"
   9:.\usr_src/main.c **** #include "queue.h"
  10:.\usr_src/main.c **** #include "list.h"
  11:.\usr_src/main.c **** #include "portable.h"
  12:.\usr_src/main.c **** #include "FreeRTOSConfig.h"
  13:.\usr_src/main.c **** #include "timers.h"
  14:.\usr_src/main.c **** 
  15:.\usr_src/main.c **** 
  16:.\usr_src/main.c **** #include "task_debug.h"
  17:.\usr_src/main.c **** 
  18:.\usr_src/main.c **** 
  19:.\usr_src/main.c **** 
  20:.\usr_src/main.c **** 
  21:.\usr_src/main.c **** int main(void)
  22:.\usr_src/main.c **** {
  86              		.loc 1 22 1 view -0
  87              		.cfi_startproc
  88              		@ args = 0, pretend = 0, frame = 0
  89              		@ frame_needed = 0, uses_anonymous_args = 0
  23:.\usr_src/main.c **** 	//UART3_Init(1);
  24:.\usr_src/main.c **** 	//UART3_Send(0xaa);
  25:.\usr_src/main.c **** 	Create_Task_Debug(1);
ARM GAS  C:\Users\skey\AppData\Local\Temp\cctFleaB.s 			page 3


  90              		.loc 1 25 2 view .LVU1
  91              	@ .\usr_src\main.c:22: {
  22:.\usr_src/main.c **** 	//UART3_Init(1);
  92              		.loc 1 22 1 is_stmt 0 view .LVU2
  93 0000 08B5     		push	{r3, lr}	@
  94              	.LCFI0:
  95              		.cfi_def_cfa_offset 8
  96              		.cfi_offset 3, -8
  97              		.cfi_offset 14, -4
  98              	@ .\usr_src\main.c:25: 	Create_Task_Debug(1);
  99              		.loc 1 25 2 view .LVU3
 100 0002 0120     		movs	r0, #1	@,
 101 0004 FFF7FEFF 		bl	Create_Task_Debug		@
 102              	.LVL0:
  26:.\usr_src/main.c **** 	vTaskStartScheduler(); 		//ÈîüÊñ§Êã∑ÈîüÊñ§Êã∑ÈîüÊñ§Êã∑ÈîüÊñ§Êã∑ÈîüÊñ§Êã∑ÈîüÊñ§Êã∑ÈîüÊñ§Êã∑ÈîüÊñ§Êã
 103              		.loc 1 26 2 is_stmt 1 view .LVU4
 104 0008 FFF7FEFF 		bl	vTaskStartScheduler		@
 105              	.LVL1:
  27:.\usr_src/main.c **** 	
  28:.\usr_src/main.c **** 	return 0;
 106              		.loc 1 28 2 view .LVU5
 107              	@ .\usr_src\main.c:29: }
  29:.\usr_src/main.c **** }
 108              		.loc 1 29 1 is_stmt 0 view .LVU6
 109 000c 0020     		movs	r0, #0	@,
 110 000e 08BD     		pop	{r3, pc}	@
 111              		.cfi_endproc
 112              	.LFE34:
 113              		.size	main, .-main
 114              		.text
 115              	.Letext0:
 116              		.file 2 "c:\\program files (x86)\\gnu tools arm embedded\\9 2019-q4-major\\arm-none-eabi\\include\
 117              		.file 3 "c:\\program files (x86)\\gnu tools arm embedded\\9 2019-q4-major\\arm-none-eabi\\include\
 118              		.file 4 ".\\stlib\\CMSIS\\CM3\\CoreSupport/core_cm3.h"
 119              		.file 5 ".\\stlib\\CMSIS\\CM3\\DeviceSupport\\ST\\STM32F10x/system_stm32f10x.h"
 120              		.file 6 ".\\task_inc/task_debug.h"
 121              		.file 7 ".\\freertos\\include/task.h"
 122              		.section	.debug_info,"",%progbits
 123              	.Ldebug_info0:
 124 0000 0D010000 		.4byte	0x10d
 125 0004 0200     		.2byte	0x2
 126 0006 00000000 		.4byte	.Ldebug_abbrev0
 127 000a 04       		.byte	0x4
 128 000b 01       		.uleb128 0x1
 129 000c 96000000 		.4byte	.LASF17
 130 0010 0C       		.byte	0xc
 131 0011 6E000000 		.4byte	.LASF18
 132 0015 39000000 		.4byte	.LASF19
 133 0019 00000000 		.4byte	.Ldebug_ranges0+0
 134 001d 00000000 		.4byte	0
 135 0021 00000000 		.4byte	0
 136 0025 00000000 		.4byte	.Ldebug_line0
 137 0029 02       		.uleb128 0x2
 138 002a 04       		.byte	0x4
 139 002b 05       		.byte	0x5
 140 002c 696E7400 		.ascii	"int\000"
 141 0030 03       		.uleb128 0x3
ARM GAS  C:\Users\skey\AppData\Local\Temp\cctFleaB.s 			page 4


 142 0031 29000000 		.4byte	0x29
 143 0035 04       		.uleb128 0x4
 144 0036 04       		.byte	0x4
 145 0037 07       		.byte	0x7
 146 0038 21000000 		.4byte	.LASF0
 147 003c 04       		.uleb128 0x4
 148 003d 08       		.byte	0x8
 149 003e 05       		.byte	0x5
 150 003f 00000000 		.4byte	.LASF1
 151 0043 04       		.uleb128 0x4
 152 0044 08       		.byte	0x8
 153 0045 04       		.byte	0x4
 154 0046 9C010000 		.4byte	.LASF2
 155 004a 04       		.uleb128 0x4
 156 004b 01       		.byte	0x1
 157 004c 06       		.byte	0x6
 158 004d 90010000 		.4byte	.LASF3
 159 0051 04       		.uleb128 0x4
 160 0052 01       		.byte	0x1
 161 0053 08       		.byte	0x8
 162 0054 38010000 		.4byte	.LASF4
 163 0058 04       		.uleb128 0x4
 164 0059 02       		.byte	0x2
 165 005a 05       		.byte	0x5
 166 005b B8010000 		.4byte	.LASF5
 167 005f 04       		.uleb128 0x4
 168 0060 02       		.byte	0x2
 169 0061 07       		.byte	0x7
 170 0062 0E000000 		.4byte	.LASF6
 171 0066 04       		.uleb128 0x4
 172 0067 04       		.byte	0x4
 173 0068 05       		.byte	0x5
 174 0069 54010000 		.4byte	.LASF7
 175 006d 05       		.uleb128 0x5
 176 006e 2E000000 		.4byte	.LASF10
 177 0072 02       		.byte	0x2
 178 0073 4F       		.byte	0x4f
 179 0074 19       		.byte	0x19
 180 0075 79000000 		.4byte	0x79
 181 0079 04       		.uleb128 0x4
 182 007a 04       		.byte	0x4
 183 007b 07       		.byte	0x7
 184 007c 5C000000 		.4byte	.LASF8
 185 0080 04       		.uleb128 0x4
 186 0081 08       		.byte	0x8
 187 0082 07       		.byte	0x7
 188 0083 7F000000 		.4byte	.LASF9
 189 0087 05       		.uleb128 0x5
 190 0088 4B010000 		.4byte	.LASF11
 191 008c 03       		.byte	0x3
 192 008d 30       		.byte	0x30
 193 008e 14       		.byte	0x14
 194 008f 6D000000 		.4byte	0x6d
 195 0093 06       		.uleb128 0x6
 196 0094 83010000 		.4byte	.LASF12
 197 0098 04       		.byte	0x4
 198 0099 CE06     		.2byte	0x6ce
ARM GAS  C:\Users\skey\AppData\Local\Temp\cctFleaB.s 			page 5


 199 009b 15       		.byte	0x15
 200 009c 30000000 		.4byte	0x30
 201 00a0 01       		.byte	0x1
 202 00a1 01       		.byte	0x1
 203 00a2 07       		.uleb128 0x7
 204 00a3 A8010000 		.4byte	.LASF13
 205 00a7 05       		.byte	0x5
 206 00a8 35       		.byte	0x35
 207 00a9 11       		.byte	0x11
 208 00aa 87000000 		.4byte	0x87
 209 00ae 01       		.byte	0x1
 210 00af 01       		.byte	0x1
 211 00b0 04       		.uleb128 0x4
 212 00b1 01       		.byte	0x1
 213 00b2 08       		.byte	0x8
 214 00b3 C2010000 		.4byte	.LASF14
 215 00b7 08       		.uleb128 0x8
 216 00b8 01       		.byte	0x1
 217 00b9 46010000 		.4byte	.LASF20
 218 00bd 01       		.byte	0x1
 219 00be 15       		.byte	0x15
 220 00bf 05       		.byte	0x5
 221 00c0 01       		.byte	0x1
 222 00c1 29000000 		.4byte	0x29
 223 00c5 00000000 		.4byte	.LFB34
 224 00c9 10000000 		.4byte	.LFE34
 225 00cd 00000000 		.4byte	.LLST0
 226 00d1 01       		.byte	0x1
 227 00d2 F3000000 		.4byte	0xf3
 228 00d6 09       		.uleb128 0x9
 229 00d7 08000000 		.4byte	.LVL0
 230 00db F3000000 		.4byte	0xf3
 231 00df E9000000 		.4byte	0xe9
 232 00e3 0A       		.uleb128 0xa
 233 00e4 01       		.byte	0x1
 234 00e5 50       		.byte	0x50
 235 00e6 01       		.byte	0x1
 236 00e7 31       		.byte	0x31
 237 00e8 00       		.byte	0
 238 00e9 0B       		.uleb128 0xb
 239 00ea 0C000000 		.4byte	.LVL1
 240 00ee 01010000 		.4byte	0x101
 241 00f2 00       		.byte	0
 242 00f3 0C       		.uleb128 0xc
 243 00f4 01       		.byte	0x1
 244 00f5 01       		.byte	0x1
 245 00f6 71010000 		.4byte	.LASF15
 246 00fa 71010000 		.4byte	.LASF15
 247 00fe 06       		.byte	0x6
 248 00ff 0E       		.byte	0xe
 249 0100 06       		.byte	0x6
 250 0101 0D       		.uleb128 0xd
 251 0102 01       		.byte	0x1
 252 0103 01       		.byte	0x1
 253 0104 5D010000 		.4byte	.LASF16
 254 0108 5D010000 		.4byte	.LASF16
 255 010c 07       		.byte	0x7
ARM GAS  C:\Users\skey\AppData\Local\Temp\cctFleaB.s 			page 6


 256 010d 9704     		.2byte	0x497
 257 010f 06       		.byte	0x6
 258 0110 00       		.byte	0
 259              		.section	.debug_abbrev,"",%progbits
 260              	.Ldebug_abbrev0:
 261 0000 01       		.uleb128 0x1
 262 0001 11       		.uleb128 0x11
 263 0002 01       		.byte	0x1
 264 0003 25       		.uleb128 0x25
 265 0004 0E       		.uleb128 0xe
 266 0005 13       		.uleb128 0x13
 267 0006 0B       		.uleb128 0xb
 268 0007 03       		.uleb128 0x3
 269 0008 0E       		.uleb128 0xe
 270 0009 1B       		.uleb128 0x1b
 271 000a 0E       		.uleb128 0xe
 272 000b 55       		.uleb128 0x55
 273 000c 06       		.uleb128 0x6
 274 000d 11       		.uleb128 0x11
 275 000e 01       		.uleb128 0x1
 276 000f 52       		.uleb128 0x52
 277 0010 01       		.uleb128 0x1
 278 0011 10       		.uleb128 0x10
 279 0012 06       		.uleb128 0x6
 280 0013 00       		.byte	0
 281 0014 00       		.byte	0
 282 0015 02       		.uleb128 0x2
 283 0016 24       		.uleb128 0x24
 284 0017 00       		.byte	0
 285 0018 0B       		.uleb128 0xb
 286 0019 0B       		.uleb128 0xb
 287 001a 3E       		.uleb128 0x3e
 288 001b 0B       		.uleb128 0xb
 289 001c 03       		.uleb128 0x3
 290 001d 08       		.uleb128 0x8
 291 001e 00       		.byte	0
 292 001f 00       		.byte	0
 293 0020 03       		.uleb128 0x3
 294 0021 35       		.uleb128 0x35
 295 0022 00       		.byte	0
 296 0023 49       		.uleb128 0x49
 297 0024 13       		.uleb128 0x13
 298 0025 00       		.byte	0
 299 0026 00       		.byte	0
 300 0027 04       		.uleb128 0x4
 301 0028 24       		.uleb128 0x24
 302 0029 00       		.byte	0
 303 002a 0B       		.uleb128 0xb
 304 002b 0B       		.uleb128 0xb
 305 002c 3E       		.uleb128 0x3e
 306 002d 0B       		.uleb128 0xb
 307 002e 03       		.uleb128 0x3
 308 002f 0E       		.uleb128 0xe
 309 0030 00       		.byte	0
 310 0031 00       		.byte	0
 311 0032 05       		.uleb128 0x5
 312 0033 16       		.uleb128 0x16
ARM GAS  C:\Users\skey\AppData\Local\Temp\cctFleaB.s 			page 7


 313 0034 00       		.byte	0
 314 0035 03       		.uleb128 0x3
 315 0036 0E       		.uleb128 0xe
 316 0037 3A       		.uleb128 0x3a
 317 0038 0B       		.uleb128 0xb
 318 0039 3B       		.uleb128 0x3b
 319 003a 0B       		.uleb128 0xb
 320 003b 39       		.uleb128 0x39
 321 003c 0B       		.uleb128 0xb
 322 003d 49       		.uleb128 0x49
 323 003e 13       		.uleb128 0x13
 324 003f 00       		.byte	0
 325 0040 00       		.byte	0
 326 0041 06       		.uleb128 0x6
 327 0042 34       		.uleb128 0x34
 328 0043 00       		.byte	0
 329 0044 03       		.uleb128 0x3
 330 0045 0E       		.uleb128 0xe
 331 0046 3A       		.uleb128 0x3a
 332 0047 0B       		.uleb128 0xb
 333 0048 3B       		.uleb128 0x3b
 334 0049 05       		.uleb128 0x5
 335 004a 39       		.uleb128 0x39
 336 004b 0B       		.uleb128 0xb
 337 004c 49       		.uleb128 0x49
 338 004d 13       		.uleb128 0x13
 339 004e 3F       		.uleb128 0x3f
 340 004f 0C       		.uleb128 0xc
 341 0050 3C       		.uleb128 0x3c
 342 0051 0C       		.uleb128 0xc
 343 0052 00       		.byte	0
 344 0053 00       		.byte	0
 345 0054 07       		.uleb128 0x7
 346 0055 34       		.uleb128 0x34
 347 0056 00       		.byte	0
 348 0057 03       		.uleb128 0x3
 349 0058 0E       		.uleb128 0xe
 350 0059 3A       		.uleb128 0x3a
 351 005a 0B       		.uleb128 0xb
 352 005b 3B       		.uleb128 0x3b
 353 005c 0B       		.uleb128 0xb
 354 005d 39       		.uleb128 0x39
 355 005e 0B       		.uleb128 0xb
 356 005f 49       		.uleb128 0x49
 357 0060 13       		.uleb128 0x13
 358 0061 3F       		.uleb128 0x3f
 359 0062 0C       		.uleb128 0xc
 360 0063 3C       		.uleb128 0x3c
 361 0064 0C       		.uleb128 0xc
 362 0065 00       		.byte	0
 363 0066 00       		.byte	0
 364 0067 08       		.uleb128 0x8
 365 0068 2E       		.uleb128 0x2e
 366 0069 01       		.byte	0x1
 367 006a 3F       		.uleb128 0x3f
 368 006b 0C       		.uleb128 0xc
 369 006c 03       		.uleb128 0x3
ARM GAS  C:\Users\skey\AppData\Local\Temp\cctFleaB.s 			page 8


 370 006d 0E       		.uleb128 0xe
 371 006e 3A       		.uleb128 0x3a
 372 006f 0B       		.uleb128 0xb
 373 0070 3B       		.uleb128 0x3b
 374 0071 0B       		.uleb128 0xb
 375 0072 39       		.uleb128 0x39
 376 0073 0B       		.uleb128 0xb
 377 0074 27       		.uleb128 0x27
 378 0075 0C       		.uleb128 0xc
 379 0076 49       		.uleb128 0x49
 380 0077 13       		.uleb128 0x13
 381 0078 11       		.uleb128 0x11
 382 0079 01       		.uleb128 0x1
 383 007a 12       		.uleb128 0x12
 384 007b 01       		.uleb128 0x1
 385 007c 40       		.uleb128 0x40
 386 007d 06       		.uleb128 0x6
 387 007e 9742     		.uleb128 0x2117
 388 0080 0C       		.uleb128 0xc
 389 0081 01       		.uleb128 0x1
 390 0082 13       		.uleb128 0x13
 391 0083 00       		.byte	0
 392 0084 00       		.byte	0
 393 0085 09       		.uleb128 0x9
 394 0086 898201   		.uleb128 0x4109
 395 0089 01       		.byte	0x1
 396 008a 11       		.uleb128 0x11
 397 008b 01       		.uleb128 0x1
 398 008c 31       		.uleb128 0x31
 399 008d 13       		.uleb128 0x13
 400 008e 01       		.uleb128 0x1
 401 008f 13       		.uleb128 0x13
 402 0090 00       		.byte	0
 403 0091 00       		.byte	0
 404 0092 0A       		.uleb128 0xa
 405 0093 8A8201   		.uleb128 0x410a
 406 0096 00       		.byte	0
 407 0097 02       		.uleb128 0x2
 408 0098 0A       		.uleb128 0xa
 409 0099 9142     		.uleb128 0x2111
 410 009b 0A       		.uleb128 0xa
 411 009c 00       		.byte	0
 412 009d 00       		.byte	0
 413 009e 0B       		.uleb128 0xb
 414 009f 898201   		.uleb128 0x4109
 415 00a2 00       		.byte	0
 416 00a3 11       		.uleb128 0x11
 417 00a4 01       		.uleb128 0x1
 418 00a5 31       		.uleb128 0x31
 419 00a6 13       		.uleb128 0x13
 420 00a7 00       		.byte	0
 421 00a8 00       		.byte	0
 422 00a9 0C       		.uleb128 0xc
 423 00aa 2E       		.uleb128 0x2e
 424 00ab 00       		.byte	0
 425 00ac 3F       		.uleb128 0x3f
 426 00ad 0C       		.uleb128 0xc
ARM GAS  C:\Users\skey\AppData\Local\Temp\cctFleaB.s 			page 9


 427 00ae 3C       		.uleb128 0x3c
 428 00af 0C       		.uleb128 0xc
 429 00b0 8740     		.uleb128 0x2007
 430 00b2 0E       		.uleb128 0xe
 431 00b3 03       		.uleb128 0x3
 432 00b4 0E       		.uleb128 0xe
 433 00b5 3A       		.uleb128 0x3a
 434 00b6 0B       		.uleb128 0xb
 435 00b7 3B       		.uleb128 0x3b
 436 00b8 0B       		.uleb128 0xb
 437 00b9 39       		.uleb128 0x39
 438 00ba 0B       		.uleb128 0xb
 439 00bb 00       		.byte	0
 440 00bc 00       		.byte	0
 441 00bd 0D       		.uleb128 0xd
 442 00be 2E       		.uleb128 0x2e
 443 00bf 00       		.byte	0
 444 00c0 3F       		.uleb128 0x3f
 445 00c1 0C       		.uleb128 0xc
 446 00c2 3C       		.uleb128 0x3c
 447 00c3 0C       		.uleb128 0xc
 448 00c4 8740     		.uleb128 0x2007
 449 00c6 0E       		.uleb128 0xe
 450 00c7 03       		.uleb128 0x3
 451 00c8 0E       		.uleb128 0xe
 452 00c9 3A       		.uleb128 0x3a
 453 00ca 0B       		.uleb128 0xb
 454 00cb 3B       		.uleb128 0x3b
 455 00cc 05       		.uleb128 0x5
 456 00cd 39       		.uleb128 0x39
 457 00ce 0B       		.uleb128 0xb
 458 00cf 00       		.byte	0
 459 00d0 00       		.byte	0
 460 00d1 00       		.byte	0
 461              		.section	.debug_loc,"",%progbits
 462              	.Ldebug_loc0:
 463              	.LLST0:
 464 0000 00000000 		.4byte	.LFB34
 465 0004 02000000 		.4byte	.LCFI0
 466 0008 0200     		.2byte	0x2
 467 000a 7D       		.byte	0x7d
 468 000b 00       		.sleb128 0
 469 000c 02000000 		.4byte	.LCFI0
 470 0010 10000000 		.4byte	.LFE34
 471 0014 0200     		.2byte	0x2
 472 0016 7D       		.byte	0x7d
 473 0017 08       		.sleb128 8
 474 0018 00000000 		.4byte	0
 475 001c 00000000 		.4byte	0
 476              		.section	.debug_aranges,"",%progbits
 477 0000 1C000000 		.4byte	0x1c
 478 0004 0200     		.2byte	0x2
 479 0006 00000000 		.4byte	.Ldebug_info0
 480 000a 04       		.byte	0x4
 481 000b 00       		.byte	0
 482 000c 0000     		.2byte	0
 483 000e 0000     		.2byte	0
ARM GAS  C:\Users\skey\AppData\Local\Temp\cctFleaB.s 			page 10


 484 0010 00000000 		.4byte	.LFB34
 485 0014 10000000 		.4byte	.LFE34-.LFB34
 486 0018 00000000 		.4byte	0
 487 001c 00000000 		.4byte	0
 488              		.section	.debug_ranges,"",%progbits
 489              	.Ldebug_ranges0:
 490 0000 00000000 		.4byte	.LFB34
 491 0004 10000000 		.4byte	.LFE34
 492 0008 00000000 		.4byte	0
 493 000c 00000000 		.4byte	0
 494              		.section	.debug_line,"",%progbits
 495              	.Ldebug_line0:
 496 0000 CB010000 		.section	.debug_str,"MS",%progbits,1
 496      0300A301 
 496      00000201 
 496      FB0E0D00 
 496      01010101 
 497              	.LASF1:
 498 0000 6C6F6E67 		.ascii	"long long int\000"
 498      206C6F6E 
 498      6720696E 
 498      7400
 499              	.LASF6:
 500 000e 73686F72 		.ascii	"short unsigned int\000"
 500      7420756E 
 500      7369676E 
 500      65642069 
 500      6E7400
 501              	.LASF0:
 502 0021 756E7369 		.ascii	"unsigned int\000"
 502      676E6564 
 502      20696E74 
 502      00
 503              	.LASF10:
 504 002e 5F5F7569 		.ascii	"__uint32_t\000"
 504      6E743332 
 504      5F7400
 505              	.LASF19:
 506 0039 443A5C53 		.ascii	"D:\\STM32_Freertos_GCC_Makefile_Win\000"
 506      544D3332 
 506      5F467265 
 506      6572746F 
 506      735F4743 
 507              	.LASF8:
 508 005c 6C6F6E67 		.ascii	"long unsigned int\000"
 508      20756E73 
 508      69676E65 
 508      6420696E 
 508      7400
 509              	.LASF18:
 510 006e 2E5C7573 		.ascii	".\\usr_src\\main.c\000"
 510      725F7372 
 510      635C6D61 
 510      696E2E63 
 510      00
 511              	.LASF9:
 512 007f 6C6F6E67 		.ascii	"long long unsigned int\000"
ARM GAS  C:\Users\skey\AppData\Local\Temp\cctFleaB.s 			page 11


 512      206C6F6E 
 512      6720756E 
 512      7369676E 
 512      65642069 
 513              	.LASF17:
 514 0096 474E5520 		.ascii	"GNU C17 9.2.1 20191025 (release) [ARM/arm-9-branch "
 514      43313720 
 514      392E322E 
 514      31203230 
 514      31393130 
 515 00c9 72657669 		.ascii	"revision 277599] -mcpu=cortex-m3 -mthumb -mfloat-ab"
 515      73696F6E 
 515      20323737 
 515      3539395D 
 515      202D6D63 
 516 00fc 693D736F 		.ascii	"i=soft -march=armv7-m -g -gdwarf-2 -Os -fomit-frame"
 516      6674202D 
 516      6D617263 
 516      683D6172 
 516      6D76372D 
 517 012f 2D706F69 		.ascii	"-pointer\000"
 517      6E746572 
 517      00
 518              	.LASF4:
 519 0138 756E7369 		.ascii	"unsigned char\000"
 519      676E6564 
 519      20636861 
 519      7200
 520              	.LASF20:
 521 0146 6D61696E 		.ascii	"main\000"
 521      00
 522              	.LASF11:
 523 014b 75696E74 		.ascii	"uint32_t\000"
 523      33325F74 
 523      00
 524              	.LASF7:
 525 0154 6C6F6E67 		.ascii	"long int\000"
 525      20696E74 
 525      00
 526              	.LASF16:
 527 015d 76546173 		.ascii	"vTaskStartScheduler\000"
 527      6B537461 
 527      72745363 
 527      68656475 
 527      6C657200 
 528              	.LASF15:
 529 0171 43726561 		.ascii	"Create_Task_Debug\000"
 529      74655F54 
 529      61736B5F 
 529      44656275 
 529      6700
 530              	.LASF12:
 531 0183 49544D5F 		.ascii	"ITM_RxBuffer\000"
 531      52784275 
 531      66666572 
 531      00
 532              	.LASF3:
ARM GAS  C:\Users\skey\AppData\Local\Temp\cctFleaB.s 			page 12


 533 0190 7369676E 		.ascii	"signed char\000"
 533      65642063 
 533      68617200 
 534              	.LASF2:
 535 019c 6C6F6E67 		.ascii	"long double\000"
 535      20646F75 
 535      626C6500 
 536              	.LASF13:
 537 01a8 53797374 		.ascii	"SystemCoreClock\000"
 537      656D436F 
 537      7265436C 
 537      6F636B00 
 538              	.LASF5:
 539 01b8 73686F72 		.ascii	"short int\000"
 539      7420696E 
 539      7400
 540              	.LASF14:
 541 01c2 63686172 		.ascii	"char\000"
 541      00
 542              		.ident	"GCC: (GNU Tools for Arm Embedded Processors 9-2019-q4-major) 9.2.1 20191025 (release) [ARM
ARM GAS  C:\Users\skey\AppData\Local\Temp\cctFleaB.s 			page 13


DEFINED SYMBOLS
                            *ABS*:00000000 main.c
C:\Users\skey\AppData\Local\Temp\cctFleaB.s:75     .text.startup:00000000 $t
C:\Users\skey\AppData\Local\Temp\cctFleaB.s:83     .text.startup:00000000 main

UNDEFINED SYMBOLS
Create_Task_Debug
vTaskStartScheduler
