ARM GAS  C:\Users\skey\AppData\Local\Temp\ccQjK93j.s 			page 1


   1              		.cpu cortex-m3
   2              		.eabi_attribute 20, 1	@ Tag_ABI_FP_denormal
   3              		.eabi_attribute 21, 1	@ Tag_ABI_FP_exceptions
   4              		.eabi_attribute 23, 3	@ Tag_ABI_FP_number_model
   5              		.eabi_attribute 24, 1	@ Tag_ABI_align8_needed
   6              		.eabi_attribute 25, 1	@ Tag_ABI_align8_preserved
   7              		.eabi_attribute 26, 1	@ Tag_ABI_enum_size
   8              		.eabi_attribute 30, 4	@ Tag_ABI_optimization_goals
   9              		.eabi_attribute 34, 1	@ Tag_CPU_unaligned_access
  10              		.eabi_attribute 18, 4	@ Tag_ABI_PCS_wchar_t
  11              		.file	"croutine.c"
  12              	@ GNU C17 (GNU Tools for Arm Embedded Processors 9-2019-q4-major) version 9.2.1 20191025 (release) 
  13              	@	compiled by GNU C version 5.3.1 20160211, GMP version 6.1.0, MPFR version 3.1.4, MPC version 1.0.
  14              	
  15              	@ GGC heuristics: --param ggc-min-expand=100 --param ggc-min-heapsize=131072
  16              	@ options passed:  -I . -I .\usr_inc -I .\task_inc
  17              	@ -I .\stlib\CMSIS\CM3\CoreSupport
  18              	@ -I .\stlib\CMSIS\CM3\DeviceSupport\ST\STM32F10x
  19              	@ -I .\stlib\STM32F10x_StdPeriph_Driver\inc
  20              	@ -I .\stlib\STM32F10x_StdPeriph_Driver -I .\freertos\include
  21              	@ -I .\freertos\portable\GCC\ARM_CM3 -imultilib thumb/v7-m/nofp
  22              	@ -iprefix c:\program files (x86)\gnu tools arm embedded\9 2019-q4-major\bin\../lib/gcc/arm-none-ea
  23              	@ -isysroot c:\program files (x86)\gnu tools arm embedded\9 2019-q4-major\bin\../arm-none-eabi
  24              	@ -D__USES_INITFINI__ -D STM32F10X_HD -D USE_STDPERIPH_DRIVER
  25              	@ -D HSE_VALUE=8000000 -D RUN_FROM_FLASH=1 .\freertos\croutine.c
  26              	@ -mcpu=cortex-m3 -mthumb -mfloat-abi=soft -march=armv7-m
  27              	@ -auxbase-strip .\freertos\croutine.o -g -gdwarf-2 -Os -Wall
  28              	@ -fomit-frame-pointer -fverbose-asm
  29              	@ options enabled:  -faggressive-loop-optimizations -fassume-phsa
  30              	@ -fauto-inc-dec -fbranch-count-reg -fcaller-saves -fcode-hoisting
  31              	@ -fcombine-stack-adjustments -fcommon -fcompare-elim -fcprop-registers
  32              	@ -fcrossjumping -fcse-follow-jumps -fdefer-pop
  33              	@ -fdelete-null-pointer-checks -fdevirtualize -fdevirtualize-speculatively
  34              	@ -fdwarf2-cfi-asm -fearly-inlining -feliminate-unused-debug-types
  35              	@ -fexpensive-optimizations -fforward-propagate -ffp-int-builtin-inexact
  36              	@ -ffunction-cse -fgcse -fgcse-lm -fgnu-runtime -fgnu-unique
  37              	@ -fguess-branch-probability -fhoist-adjacent-loads -fident -fif-conversion
  38              	@ -fif-conversion2 -findirect-inlining -finline -finline-atomics
  39              	@ -finline-functions -finline-functions-called-once
  40              	@ -finline-small-functions -fipa-bit-cp -fipa-cp -fipa-icf
  41              	@ -fipa-icf-functions -fipa-icf-variables -fipa-profile -fipa-pure-const
  42              	@ -fipa-ra -fipa-reference -fipa-reference-addressable -fipa-sra
  43              	@ -fipa-stack-alignment -fipa-vrp -fira-hoist-pressure
  44              	@ -fira-share-save-slots -fira-share-spill-slots
  45              	@ -fisolate-erroneous-paths-dereference -fivopts -fkeep-static-consts
  46              	@ -fleading-underscore -flifetime-dse -flra-remat -flto-odr-type-merging
  47              	@ -fmath-errno -fmerge-constants -fmerge-debug-strings
  48              	@ -fmove-loop-invariants -fomit-frame-pointer -foptimize-sibling-calls
  49              	@ -fpartial-inlining -fpeephole -fpeephole2 -fplt -fprefetch-loop-arrays
  50              	@ -freg-struct-return -freorder-blocks -freorder-functions
  51              	@ -frerun-cse-after-loop -fsched-critical-path-heuristic
  52              	@ -fsched-dep-count-heuristic -fsched-group-heuristic -fsched-interblock
  53              	@ -fsched-last-insn-heuristic -fsched-pressure -fsched-rank-heuristic
  54              	@ -fsched-spec -fsched-spec-insn-heuristic -fsched-stalled-insns-dep
  55              	@ -fschedule-insns2 -fsection-anchors -fsemantic-interposition
  56              	@ -fshow-column -fshrink-wrap-separate -fsigned-zeros
  57              	@ -fsplit-ivs-in-unroller -fsplit-wide-types -fssa-backprop -fssa-phiopt
ARM GAS  C:\Users\skey\AppData\Local\Temp\ccQjK93j.s 			page 2


  58              	@ -fstdarg-opt -fstore-merging -fstrict-aliasing
  59              	@ -fstrict-volatile-bitfields -fsync-libcalls -fthread-jumps
  60              	@ -ftoplevel-reorder -ftrapping-math -ftree-bit-ccp -ftree-builtin-call-dce
  61              	@ -ftree-ccp -ftree-ch -ftree-coalesce-vars -ftree-copy-prop -ftree-cselim
  62              	@ -ftree-dce -ftree-dominator-opts -ftree-dse -ftree-forwprop -ftree-fre
  63              	@ -ftree-loop-if-convert -ftree-loop-im -ftree-loop-ivcanon
  64              	@ -ftree-loop-optimize -ftree-parallelize-loops= -ftree-phiprop -ftree-pre
  65              	@ -ftree-pta -ftree-reassoc -ftree-scev-cprop -ftree-sink -ftree-slsr
  66              	@ -ftree-sra -ftree-switch-conversion -ftree-tail-merge -ftree-ter
  67              	@ -ftree-vrp -funit-at-a-time -fvar-tracking -fvar-tracking-assignments
  68              	@ -fverbose-asm -fzero-initialized-in-bss -masm-syntax-unified -mbe32
  69              	@ -mfix-cortex-m3-ldrd -mlittle-endian -mpic-data-is-text-relative
  70              	@ -msched-prolog -mthumb -munaligned-access -mvectorize-with-neon-quad
  71              	
  72              		.text
  73              	.Ltext0:
  74              		.cfi_sections	.debug_frame
  75              	.Letext0:
  76              		.file 1 "c:\\program files (x86)\\gnu tools arm embedded\\9 2019-q4-major\\arm-none-eabi\\include\
  77              		.file 2 "c:\\program files (x86)\\gnu tools arm embedded\\9 2019-q4-major\\arm-none-eabi\\include\
  78              		.file 3 ".\\stlib\\CMSIS\\CM3\\CoreSupport/core_cm3.h"
  79              		.file 4 ".\\stlib\\CMSIS\\CM3\\DeviceSupport\\ST\\STM32F10x/system_stm32f10x.h"
  80              		.section	.debug_info,"",%progbits
  81              	.Ldebug_info0:
  82 0000 A8000000 		.4byte	0xa8
  83 0004 0200     		.2byte	0x2
  84 0006 00000000 		.4byte	.Ldebug_abbrev0
  85 000a 04       		.byte	0x4
  86 000b 01       		.uleb128 0x1
  87 000c 85000000 		.4byte	.LASF15
  88 0010 0C       		.byte	0xc
  89 0011 81010000 		.4byte	.LASF16
  90 0015 39000000 		.4byte	.LASF17
  91 0019 00000000 		.4byte	.Ldebug_line0
  92 001d 02       		.uleb128 0x2
  93 001e 04       		.byte	0x4
  94 001f 05       		.byte	0x5
  95 0020 696E7400 		.ascii	"int\000"
  96 0024 03       		.uleb128 0x3
  97 0025 1D000000 		.4byte	0x1d
  98 0029 04       		.uleb128 0x4
  99 002a 04       		.byte	0x4
 100 002b 07       		.byte	0x7
 101 002c 21000000 		.4byte	.LASF0
 102 0030 04       		.uleb128 0x4
 103 0031 08       		.byte	0x8
 104 0032 05       		.byte	0x5
 105 0033 00000000 		.4byte	.LASF1
 106 0037 04       		.uleb128 0x4
 107 0038 08       		.byte	0x8
 108 0039 04       		.byte	0x4
 109 003a 65010000 		.4byte	.LASF2
 110 003e 04       		.uleb128 0x4
 111 003f 01       		.byte	0x1
 112 0040 06       		.byte	0x6
 113 0041 59010000 		.4byte	.LASF3
 114 0045 04       		.uleb128 0x4
ARM GAS  C:\Users\skey\AppData\Local\Temp\ccQjK93j.s 			page 3


 115 0046 01       		.byte	0x1
 116 0047 08       		.byte	0x8
 117 0048 27010000 		.4byte	.LASF4
 118 004c 04       		.uleb128 0x4
 119 004d 02       		.byte	0x2
 120 004e 05       		.byte	0x5
 121 004f 97010000 		.4byte	.LASF5
 122 0053 04       		.uleb128 0x4
 123 0054 02       		.byte	0x2
 124 0055 07       		.byte	0x7
 125 0056 0E000000 		.4byte	.LASF6
 126 005a 04       		.uleb128 0x4
 127 005b 04       		.byte	0x4
 128 005c 05       		.byte	0x5
 129 005d 43010000 		.4byte	.LASF7
 130 0061 05       		.uleb128 0x5
 131 0062 2E000000 		.4byte	.LASF10
 132 0066 01       		.byte	0x1
 133 0067 4F       		.byte	0x4f
 134 0068 19       		.byte	0x19
 135 0069 6D000000 		.4byte	0x6d
 136 006d 04       		.uleb128 0x4
 137 006e 04       		.byte	0x4
 138 006f 07       		.byte	0x7
 139 0070 5C000000 		.4byte	.LASF8
 140 0074 04       		.uleb128 0x4
 141 0075 08       		.byte	0x8
 142 0076 07       		.byte	0x7
 143 0077 6E000000 		.4byte	.LASF9
 144 007b 05       		.uleb128 0x5
 145 007c 3A010000 		.4byte	.LASF11
 146 0080 02       		.byte	0x2
 147 0081 30       		.byte	0x30
 148 0082 14       		.byte	0x14
 149 0083 61000000 		.4byte	0x61
 150 0087 06       		.uleb128 0x6
 151 0088 4C010000 		.4byte	.LASF12
 152 008c 03       		.byte	0x3
 153 008d CE06     		.2byte	0x6ce
 154 008f 15       		.byte	0x15
 155 0090 24000000 		.4byte	0x24
 156 0094 01       		.byte	0x1
 157 0095 01       		.byte	0x1
 158 0096 07       		.uleb128 0x7
 159 0097 71010000 		.4byte	.LASF13
 160 009b 04       		.byte	0x4
 161 009c 35       		.byte	0x35
 162 009d 11       		.byte	0x11
 163 009e 7B000000 		.4byte	0x7b
 164 00a2 01       		.byte	0x1
 165 00a3 01       		.byte	0x1
 166 00a4 04       		.uleb128 0x4
 167 00a5 01       		.byte	0x1
 168 00a6 08       		.byte	0x8
 169 00a7 35010000 		.4byte	.LASF14
 170 00ab 00       		.byte	0
 171              		.section	.debug_abbrev,"",%progbits
ARM GAS  C:\Users\skey\AppData\Local\Temp\ccQjK93j.s 			page 4


 172              	.Ldebug_abbrev0:
 173 0000 01       		.uleb128 0x1
 174 0001 11       		.uleb128 0x11
 175 0002 01       		.byte	0x1
 176 0003 25       		.uleb128 0x25
 177 0004 0E       		.uleb128 0xe
 178 0005 13       		.uleb128 0x13
 179 0006 0B       		.uleb128 0xb
 180 0007 03       		.uleb128 0x3
 181 0008 0E       		.uleb128 0xe
 182 0009 1B       		.uleb128 0x1b
 183 000a 0E       		.uleb128 0xe
 184 000b 10       		.uleb128 0x10
 185 000c 06       		.uleb128 0x6
 186 000d 00       		.byte	0
 187 000e 00       		.byte	0
 188 000f 02       		.uleb128 0x2
 189 0010 24       		.uleb128 0x24
 190 0011 00       		.byte	0
 191 0012 0B       		.uleb128 0xb
 192 0013 0B       		.uleb128 0xb
 193 0014 3E       		.uleb128 0x3e
 194 0015 0B       		.uleb128 0xb
 195 0016 03       		.uleb128 0x3
 196 0017 08       		.uleb128 0x8
 197 0018 00       		.byte	0
 198 0019 00       		.byte	0
 199 001a 03       		.uleb128 0x3
 200 001b 35       		.uleb128 0x35
 201 001c 00       		.byte	0
 202 001d 49       		.uleb128 0x49
 203 001e 13       		.uleb128 0x13
 204 001f 00       		.byte	0
 205 0020 00       		.byte	0
 206 0021 04       		.uleb128 0x4
 207 0022 24       		.uleb128 0x24
 208 0023 00       		.byte	0
 209 0024 0B       		.uleb128 0xb
 210 0025 0B       		.uleb128 0xb
 211 0026 3E       		.uleb128 0x3e
 212 0027 0B       		.uleb128 0xb
 213 0028 03       		.uleb128 0x3
 214 0029 0E       		.uleb128 0xe
 215 002a 00       		.byte	0
 216 002b 00       		.byte	0
 217 002c 05       		.uleb128 0x5
 218 002d 16       		.uleb128 0x16
 219 002e 00       		.byte	0
 220 002f 03       		.uleb128 0x3
 221 0030 0E       		.uleb128 0xe
 222 0031 3A       		.uleb128 0x3a
 223 0032 0B       		.uleb128 0xb
 224 0033 3B       		.uleb128 0x3b
 225 0034 0B       		.uleb128 0xb
 226 0035 39       		.uleb128 0x39
 227 0036 0B       		.uleb128 0xb
 228 0037 49       		.uleb128 0x49
ARM GAS  C:\Users\skey\AppData\Local\Temp\ccQjK93j.s 			page 5


 229 0038 13       		.uleb128 0x13
 230 0039 00       		.byte	0
 231 003a 00       		.byte	0
 232 003b 06       		.uleb128 0x6
 233 003c 34       		.uleb128 0x34
 234 003d 00       		.byte	0
 235 003e 03       		.uleb128 0x3
 236 003f 0E       		.uleb128 0xe
 237 0040 3A       		.uleb128 0x3a
 238 0041 0B       		.uleb128 0xb
 239 0042 3B       		.uleb128 0x3b
 240 0043 05       		.uleb128 0x5
 241 0044 39       		.uleb128 0x39
 242 0045 0B       		.uleb128 0xb
 243 0046 49       		.uleb128 0x49
 244 0047 13       		.uleb128 0x13
 245 0048 3F       		.uleb128 0x3f
 246 0049 0C       		.uleb128 0xc
 247 004a 3C       		.uleb128 0x3c
 248 004b 0C       		.uleb128 0xc
 249 004c 00       		.byte	0
 250 004d 00       		.byte	0
 251 004e 07       		.uleb128 0x7
 252 004f 34       		.uleb128 0x34
 253 0050 00       		.byte	0
 254 0051 03       		.uleb128 0x3
 255 0052 0E       		.uleb128 0xe
 256 0053 3A       		.uleb128 0x3a
 257 0054 0B       		.uleb128 0xb
 258 0055 3B       		.uleb128 0x3b
 259 0056 0B       		.uleb128 0xb
 260 0057 39       		.uleb128 0x39
 261 0058 0B       		.uleb128 0xb
 262 0059 49       		.uleb128 0x49
 263 005a 13       		.uleb128 0x13
 264 005b 3F       		.uleb128 0x3f
 265 005c 0C       		.uleb128 0xc
 266 005d 3C       		.uleb128 0x3c
 267 005e 0C       		.uleb128 0xc
 268 005f 00       		.byte	0
 269 0060 00       		.byte	0
 270 0061 00       		.byte	0
 271              		.section	.debug_aranges,"",%progbits
 272 0000 14000000 		.4byte	0x14
 273 0004 0200     		.2byte	0x2
 274 0006 00000000 		.4byte	.Ldebug_info0
 275 000a 04       		.byte	0x4
 276 000b 00       		.byte	0
 277 000c 0000     		.2byte	0
 278 000e 0000     		.2byte	0
 279 0010 00000000 		.4byte	0
 280 0014 00000000 		.4byte	0
 281              		.section	.debug_line,"",%progbits
 282              	.Ldebug_line0:
 283 0000 5D010000 		.section	.debug_str,"MS",%progbits,1
 283      03005701 
 283      00000201 
ARM GAS  C:\Users\skey\AppData\Local\Temp\ccQjK93j.s 			page 6


 283      FB0E0D00 
 283      01010101 
 284              	.LASF1:
 285 0000 6C6F6E67 		.ascii	"long long int\000"
 285      206C6F6E 
 285      6720696E 
 285      7400
 286              	.LASF6:
 287 000e 73686F72 		.ascii	"short unsigned int\000"
 287      7420756E 
 287      7369676E 
 287      65642069 
 287      6E7400
 288              	.LASF0:
 289 0021 756E7369 		.ascii	"unsigned int\000"
 289      676E6564 
 289      20696E74 
 289      00
 290              	.LASF10:
 291 002e 5F5F7569 		.ascii	"__uint32_t\000"
 291      6E743332 
 291      5F7400
 292              	.LASF17:
 293 0039 443A5C53 		.ascii	"D:\\STM32_Freertos_GCC_Makefile_Win\000"
 293      544D3332 
 293      5F467265 
 293      6572746F 
 293      735F4743 
 294              	.LASF8:
 295 005c 6C6F6E67 		.ascii	"long unsigned int\000"
 295      20756E73 
 295      69676E65 
 295      6420696E 
 295      7400
 296              	.LASF9:
 297 006e 6C6F6E67 		.ascii	"long long unsigned int\000"
 297      206C6F6E 
 297      6720756E 
 297      7369676E 
 297      65642069 
 298              	.LASF15:
 299 0085 474E5520 		.ascii	"GNU C17 9.2.1 20191025 (release) [ARM/arm-9-branch "
 299      43313720 
 299      392E322E 
 299      31203230 
 299      31393130 
 300 00b8 72657669 		.ascii	"revision 277599] -mcpu=cortex-m3 -mthumb -mfloat-ab"
 300      73696F6E 
 300      20323737 
 300      3539395D 
 300      202D6D63 
 301 00eb 693D736F 		.ascii	"i=soft -march=armv7-m -g -gdwarf-2 -Os -fomit-frame"
 301      6674202D 
 301      6D617263 
 301      683D6172 
 301      6D76372D 
 302 011e 2D706F69 		.ascii	"-pointer\000"
ARM GAS  C:\Users\skey\AppData\Local\Temp\ccQjK93j.s 			page 7


 302      6E746572 
 302      00
 303              	.LASF4:
 304 0127 756E7369 		.ascii	"unsigned char\000"
 304      676E6564 
 304      20636861 
 304      7200
 305              	.LASF14:
 306 0135 63686172 		.ascii	"char\000"
 306      00
 307              	.LASF11:
 308 013a 75696E74 		.ascii	"uint32_t\000"
 308      33325F74 
 308      00
 309              	.LASF7:
 310 0143 6C6F6E67 		.ascii	"long int\000"
 310      20696E74 
 310      00
 311              	.LASF12:
 312 014c 49544D5F 		.ascii	"ITM_RxBuffer\000"
 312      52784275 
 312      66666572 
 312      00
 313              	.LASF3:
 314 0159 7369676E 		.ascii	"signed char\000"
 314      65642063 
 314      68617200 
 315              	.LASF2:
 316 0165 6C6F6E67 		.ascii	"long double\000"
 316      20646F75 
 316      626C6500 
 317              	.LASF13:
 318 0171 53797374 		.ascii	"SystemCoreClock\000"
 318      656D436F 
 318      7265436C 
 318      6F636B00 
 319              	.LASF16:
 320 0181 2E5C6672 		.ascii	".\\freertos\\croutine.c\000"
 320      65657274 
 320      6F735C63 
 320      726F7574 
 320      696E652E 
 321              	.LASF5:
 322 0197 73686F72 		.ascii	"short int\000"
 322      7420696E 
 322      7400
 323              		.ident	"GCC: (GNU Tools for Arm Embedded Processors 9-2019-q4-major) 9.2.1 20191025 (release) [ARM
ARM GAS  C:\Users\skey\AppData\Local\Temp\ccQjK93j.s 			page 8


DEFINED SYMBOLS
                            *ABS*:00000000 croutine.c

NO UNDEFINED SYMBOLS
